[2022/07/17 00:01:48] - Namespace(attack='pgd', attack_iters=10, batch_size=128, chkpt_iters=10, cutout=False, cutout_len=None, data_dir='../../cifar-data', epochs=100, epsilon=8, eval=False, fgsm_alpha=1.25, fgsm_init='random', fname='./results/716_12_at_res18se/', half=False, l1=0, l2=0, lr_drop_epoch=100, lr_max=0.1, lr_one_drop=0.01, lr_schedule='piecewise', mixup=False, mixup_alpha=None, model='res18_se', norm='l_inf', pgd_alpha=2, restarts=1, resume=0, seed=0, val=False, width_factor=10)
[2022/07/17 00:01:51] - Epoch 	 Train Time 	 Test Time 	 LR 	 	 Train Loss 	 Train Acc 	 Train Robust Loss 	 Train Robust Acc 	 Test Loss 	 Test Acc 	 Test Robust Loss 	 Test Robust Acc
[2022/07/17 00:04:02] - 0 	 94.8 	 	 36.3 	 	 0.1000 	 1.9611 	 0.2963 	 2.2101 	 	 0.1927 	 	 1.8192 	 0.3604 	 2.0233 	 	 0.2592
[2022/07/17 00:06:26] - 1 	 106.5 	 	 37.2 	 	 0.1000 	 1.7770 	 0.3697 	 2.0395 	 	 0.2417 	 	 1.6822 	 0.4112 	 1.9524 	 	 0.2686
[2022/07/17 00:08:47] - 2 	 104.3 	 	 35.8 	 	 0.1000 	 1.7008 	 0.4015 	 1.9929 	 	 0.2568 	 	 1.6365 	 0.4317 	 1.9069 	 	 0.2974
[2022/07/17 00:11:08] - 3 	 105.5 	 	 35.8 	 	 0.1000 	 1.6442 	 0.4241 	 1.9583 	 	 0.2686 	 	 1.5747 	 0.4694 	 1.8789 	 	 0.3013
[2022/07/17 00:13:31] - 4 	 106.6 	 	 35.8 	 	 0.1000 	 1.5973 	 0.4463 	 1.9283 	 	 0.2795 	 	 1.5402 	 0.4645 	 1.8650 	 	 0.3018
[2022/07/17 00:15:53] - 5 	 104.7 	 	 37.2 	 	 0.1000 	 1.5615 	 0.4599 	 1.9051 	 	 0.2861 	 	 1.5202 	 0.4642 	 1.8550 	 	 0.3061
[2022/07/17 00:18:16] - 6 	 106.6 	 	 36.0 	 	 0.1000 	 1.5270 	 0.4759 	 1.8834 	 	 0.2936 	 	 1.4224 	 0.5109 	 1.8008 	 	 0.3241
[2022/07/17 00:20:43] - 7 	 109.2 	 	 37.1 	 	 0.1000 	 1.5000 	 0.4886 	 1.8681 	 	 0.2983 	 	 1.4409 	 0.5057 	 1.8024 	 	 0.3220
[2022/07/17 00:23:06] - 8 	 106.7 	 	 36.9 	 	 0.1000 	 1.4808 	 0.4967 	 1.8565 	 	 0.3038 	 	 1.4412 	 0.5258 	 1.7818 	 	 0.3438
[2022/07/17 00:25:27] - 9 	 104.3 	 	 35.9 	 	 0.1000 	 1.4602 	 0.5075 	 1.8441 	 	 0.3061 	 	 1.4560 	 0.4983 	 1.8271 	 	 0.3176
[2022/07/17 00:27:47] - 10 	 105.1 	 	 35.3 	 	 0.1000 	 1.4491 	 0.5130 	 1.8367 	 	 0.3099 	 	 1.3829 	 0.5293 	 1.7628 	 	 0.3436
[2022/07/17 00:30:07] - 11 	 103.9 	 	 36.1 	 	 0.1000 	 1.4325 	 0.5205 	 1.8278 	 	 0.3141 	 	 1.3734 	 0.5387 	 1.7769 	 	 0.3401
[2022/07/17 00:32:28] - 12 	 103.6 	 	 36.6 	 	 0.1000 	 1.4206 	 0.5272 	 1.8188 	 	 0.3177 	 	 1.3762 	 0.5406 	 1.7549 	 	 0.3465
[2022/07/17 00:34:48] - 13 	 104.1 	 	 36.1 	 	 0.1000 	 1.4055 	 0.5331 	 1.8108 	 	 0.3199 	 	 1.3456 	 0.5439 	 1.7379 	 	 0.3535
[2022/07/17 00:37:08] - 14 	 103.7 	 	 35.9 	 	 0.1000 	 1.4002 	 0.5361 	 1.8069 	 	 0.3224 	 	 1.4063 	 0.5166 	 1.7626 	 	 0.3467
[2022/07/17 00:39:29] - 15 	 103.6 	 	 37.5 	 	 0.1000 	 1.3930 	 0.5386 	 1.8025 	 	 0.3232 	 	 1.3200 	 0.5450 	 1.7609 	 	 0.3390
[2022/07/17 00:41:49] - 16 	 103.7 	 	 36.2 	 	 0.1000 	 1.3881 	 0.5437 	 1.8025 	 	 0.3217 	 	 1.3177 	 0.5611 	 1.7326 	 	 0.3576
[2022/07/17 00:44:09] - 17 	 103.9 	 	 36.1 	 	 0.1000 	 1.3794 	 0.5442 	 1.7941 	 	 0.3275 	 	 1.3042 	 0.5479 	 1.7524 	 	 0.3407
[2022/07/17 00:46:30] - 18 	 103.1 	 	 37.9 	 	 0.1000 	 1.3707 	 0.5513 	 1.7911 	 	 0.3275 	 	 1.3356 	 0.5464 	 1.7256 	 	 0.3588
[2022/07/17 00:48:50] - 19 	 103.1 	 	 35.9 	 	 0.1000 	 1.3676 	 0.5533 	 1.7877 	 	 0.3302 	 	 1.3364 	 0.5650 	 1.7358 	 	 0.3560
[2022/07/17 00:51:10] - 20 	 104.2 	 	 35.9 	 	 0.1000 	 1.3588 	 0.5553 	 1.7826 	 	 0.3319 	 	 1.3219 	 0.5662 	 1.7323 	 	 0.3707
[2022/07/17 00:53:31] - 21 	 104.1 	 	 37.4 	 	 0.1000 	 1.3527 	 0.5592 	 1.7801 	 	 0.3325 	 	 1.2702 	 0.5663 	 1.7261 	 	 0.3503
[2022/07/17 00:55:50] - 22 	 102.1 	 	 36.0 	 	 0.1000 	 1.3562 	 0.5577 	 1.7811 	 	 0.3307 	 	 1.3125 	 0.5738 	 1.7233 	 	 0.3646
[2022/07/17 00:58:10] - 23 	 104.4 	 	 36.0 	 	 0.1000 	 1.3444 	 0.5628 	 1.7738 	 	 0.3323 	 	 1.3138 	 0.5581 	 1.7427 	 	 0.3351
[2022/07/17 01:00:30] - 24 	 103.9 	 	 36.4 	 	 0.1000 	 1.3431 	 0.5637 	 1.7738 	 	 0.3328 	 	 1.3102 	 0.5642 	 1.7340 	 	 0.3618
[2022/07/17 01:02:50] - 25 	 103.0 	 	 36.5 	 	 0.1000 	 1.3335 	 0.5698 	 1.7691 	 	 0.3352 	 	 1.2854 	 0.5525 	 1.7308 	 	 0.3499
[2022/07/17 01:05:10] - 26 	 104.3 	 	 36.0 	 	 0.1000 	 1.3335 	 0.5684 	 1.7678 	 	 0.3371 	 	 1.3031 	 0.5721 	 1.7103 	 	 0.3653
[2022/07/17 01:07:31] - 27 	 104.5 	 	 36.0 	 	 0.1000 	 1.3297 	 0.5694 	 1.7663 	 	 0.3362 	 	 1.2666 	 0.5806 	 1.7187 	 	 0.3581
[2022/07/17 01:09:52] - 28 	 103.6 	 	 37.6 	 	 0.1000 	 1.3244 	 0.5749 	 1.7624 	 	 0.3381 	 	 1.2604 	 0.5842 	 1.7173 	 	 0.3550
[2022/07/17 01:12:12] - 29 	 103.9 	 	 36.1 	 	 0.1000 	 1.3234 	 0.5707 	 1.7591 	 	 0.3370 	 	 1.2799 	 0.5830 	 1.6988 	 	 0.3679
[2022/07/17 01:14:32] - 30 	 103.7 	 	 36.1 	 	 0.1000 	 1.3220 	 0.5716 	 1.7616 	 	 0.3372 	 	 1.2698 	 0.5577 	 1.6933 	 	 0.3697
[2022/07/17 01:16:53] - 31 	 103.6 	 	 37.9 	 	 0.1000 	 1.3212 	 0.5734 	 1.7615 	 	 0.3393 	 	 1.3047 	 0.5842 	 1.7003 	 	 0.3772
[2022/07/17 01:19:13] - 32 	 103.9 	 	 36.0 	 	 0.1000 	 1.3147 	 0.5752 	 1.7555 	 	 0.3396 	 	 1.2524 	 0.6102 	 1.7219 	 	 0.3570
[2022/07/17 01:21:34] - 33 	 104.4 	 	 35.8 	 	 0.1000 	 1.3178 	 0.5751 	 1.7586 	 	 0.3400 	 	 1.2780 	 0.5668 	 1.7085 	 	 0.3565
[2022/07/17 01:23:55] - 34 	 103.7 	 	 37.7 	 	 0.1000 	 1.3201 	 0.5750 	 1.7603 	 	 0.3369 	 	 1.2866 	 0.5697 	 1.7232 	 	 0.3576
[2022/07/17 01:26:15] - 35 	 103.6 	 	 36.1 	 	 0.1000 	 1.3141 	 0.5713 	 1.7565 	 	 0.3356 	 	 1.2681 	 0.5561 	 1.7015 	 	 0.3607
[2022/07/17 01:28:35] - 36 	 103.9 	 	 36.0 	 	 0.1000 	 1.3105 	 0.5785 	 1.7541 	 	 0.3402 	 	 1.2634 	 0.5872 	 1.7294 	 	 0.3579
[2022/07/17 01:30:55] - 37 	 103.5 	 	 36.6 	 	 0.1000 	 1.3099 	 0.5769 	 1.7559 	 	 0.3409 	 	 1.2567 	 0.5633 	 1.7002 	 	 0.3712
[2022/07/17 01:33:14] - 38 	 103.3 	 	 36.4 	 	 0.1000 	 1.3083 	 0.5790 	 1.7529 	 	 0.3415 	 	 1.2789 	 0.5661 	 1.7067 	 	 0.3712
[2022/07/17 01:35:35] - 39 	 104.4 	 	 35.8 	 	 0.1000 	 1.3042 	 0.5815 	 1.7511 	 	 0.3416 	 	 1.3018 	 0.5820 	 1.7214 	 	 0.3702
[2022/07/17 01:37:54] - 40 	 103.8 	 	 36.0 	 	 0.1000 	 1.3074 	 0.5794 	 1.7538 	 	 0.3398 	 	 1.2662 	 0.5998 	 1.6930 	 	 0.3712
[2022/07/17 01:40:14] - 41 	 102.8 	 	 36.8 	 	 0.1000 	 1.2994 	 0.5834 	 1.7471 	 	 0.3437 	 	 1.2599 	 0.5817 	 1.7308 	 	 0.3533
[2022/07/17 01:42:34] - 42 	 104.2 	 	 36.0 	 	 0.1000 	 1.3027 	 0.5832 	 1.7503 	 	 0.3419 	 	 1.2567 	 0.5881 	 1.6946 	 	 0.3695
[2022/07/17 01:44:58] - 43 	 107.3 	 	 36.1 	 	 0.1000 	 1.2987 	 0.5802 	 1.7472 	 	 0.3419 	 	 1.2352 	 0.5942 	 1.7133 	 	 0.3521
[2022/07/17 01:47:18] - 44 	 102.5 	 	 38.0 	 	 0.1000 	 1.3028 	 0.5823 	 1.7511 	 	 0.3402 	 	 1.2220 	 0.5935 	 1.7147 	 	 0.3701
[2022/07/17 01:49:38] - 45 	 103.4 	 	 36.0 	 	 0.1000 	 1.3002 	 0.5812 	 1.7473 	 	 0.3439 	 	 1.3010 	 0.5853 	 1.7159 	 	 0.3663
[2022/07/17 01:51:58] - 46 	 104.3 	 	 35.8 	 	 0.1000 	 1.2984 	 0.5824 	 1.7465 	 	 0.3435 	 	 1.2612 	 0.5752 	 1.7054 	 	 0.3671
[2022/07/17 01:54:19] - 47 	 103.8 	 	 37.9 	 	 0.1000 	 1.2956 	 0.5846 	 1.7460 	 	 0.3426 	 	 1.2546 	 0.5676 	 1.7077 	 	 0.3598
[2022/07/17 01:56:39] - 48 	 103.9 	 	 36.2 	 	 0.1000 	 1.2938 	 0.5866 	 1.7431 	 	 0.3434 	 	 1.2700 	 0.5802 	 1.7034 	 	 0.3728
[2022/07/17 01:58:59] - 49 	 103.9 	 	 36.0 	 	 0.0100 	 1.2892 	 0.5849 	 1.7418 	 	 0.3439 	 	 1.2847 	 0.5397 	 1.7288 	 	 0.3604
[2022/07/17 02:01:21] - 50 	 103.9 	 	 37.1 	 	 0.0100 	 1.2016 	 0.6196 	 1.6354 	 	 0.3823 	 	 1.1060 	 0.6415 	 1.5989 	 	 0.3972
[2022/07/17 02:03:40] - 51 	 103.1 	 	 36.4 	 	 0.0100 	 1.1456 	 0.6416 	 1.5999 	 	 0.3925 	 	 1.0900 	 0.6536 	 1.5749 	 	 0.4101
[2022/07/17 02:06:00] - 52 	 103.0 	 	 36.0 	 	 0.0100 	 1.1271 	 0.6482 	 1.5856 	 	 0.3973 	 	 1.0925 	 0.6469 	 1.5665 	 	 0.4142
[2022/07/17 02:08:21] - 53 	 104.3 	 	 36.4 	 	 0.0100 	 1.1129 	 0.6566 	 1.5757 	 	 0.4000 	 	 1.0944 	 0.6475 	 1.5734 	 	 0.4074
[2022/07/17 02:10:41] - 54 	 103.6 	 	 37.0 	 	 0.0100 	 1.1014 	 0.6598 	 1.5674 	 	 0.4045 	 	 1.0727 	 0.6650 	 1.5578 	 	 0.4159
[2022/07/17 02:13:02] - 55 	 104.1 	 	 36.0 	 	 0.0100 	 1.0914 	 0.6653 	 1.5616 	 	 0.4058 	 	 1.0259 	 0.6785 	 1.5655 	 	 0.4051
[2022/07/17 02:15:22] - 56 	 104.1 	 	 35.8 	 	 0.0100 	 1.0844 	 0.6659 	 1.5565 	 	 0.4071 	 	 1.0682 	 0.6704 	 1.5618 	 	 0.4230
[2022/07/17 02:17:43] - 57 	 103.0 	 	 37.8 	 	 0.0100 	 1.0792 	 0.6686 	 1.5538 	 	 0.4077 	 	 1.0368 	 0.6639 	 1.5653 	 	 0.4086
[2022/07/17 02:20:02] - 58 	 103.3 	 	 36.0 	 	 0.0100 	 1.0768 	 0.6684 	 1.5512 	 	 0.4073 	 	 1.0430 	 0.6667 	 1.5622 	 	 0.4114
[2022/07/17 02:22:22] - 59 	 104.3 	 	 36.2 	 	 0.0100 	 1.0685 	 0.6725 	 1.5466 	 	 0.4104 	 	 1.0262 	 0.6632 	 1.5727 	 	 0.4045
[2022/07/17 02:24:43] - 60 	 102.7 	 	 37.7 	 	 0.0100 	 1.0616 	 0.6752 	 1.5401 	 	 0.4129 	 	 1.0561 	 0.6565 	 1.5652 	 	 0.4192
[2022/07/17 02:27:02] - 61 	 102.9 	 	 36.0 	 	 0.0100 	 1.0623 	 0.6739 	 1.5428 	 	 0.4110 	 	 1.0632 	 0.6597 	 1.5716 	 	 0.4141
[2022/07/17 02:29:21] - 62 	 103.4 	 	 35.5 	 	 0.0100 	 1.0536 	 0.6785 	 1.5386 	 	 0.4122 	 	 1.0363 	 0.6722 	 1.5775 	 	 0.4065
[2022/07/17 02:31:42] - 63 	 103.8 	 	 37.2 	 	 0.0100 	 1.0521 	 0.6798 	 1.5353 	 	 0.4120 	 	 1.0317 	 0.6686 	 1.5684 	 	 0.4127
[2022/07/17 02:34:02] - 64 	 103.8 	 	 36.2 	 	 0.0100 	 1.0477 	 0.6820 	 1.5345 	 	 0.4141 	 	 1.0447 	 0.6817 	 1.5640 	 	 0.4167
[2022/07/17 02:36:22] - 65 	 103.9 	 	 36.0 	 	 0.0100 	 1.0461 	 0.6825 	 1.5302 	 	 0.4149 	 	 1.0328 	 0.6767 	 1.5769 	 	 0.4024
[2022/07/17 02:38:43] - 66 	 104.6 	 	 36.5 	 	 0.0100 	 1.0402 	 0.6878 	 1.5290 	 	 0.4134 	 	 1.0002 	 0.6692 	 1.5728 	 	 0.4073
[2022/07/17 02:41:03] - 67 	 103.8 	 	 36.8 	 	 0.0100 	 1.0346 	 0.6878 	 1.5263 	 	 0.4180 	 	 1.0107 	 0.6718 	 1.5636 	 	 0.4136
[2022/07/17 02:43:22] - 68 	 103.6 	 	 35.7 	 	 0.0100 	 1.0332 	 0.6886 	 1.5236 	 	 0.4150 	 	 1.0080 	 0.6805 	 1.5718 	 	 0.4121
[2022/07/17 02:45:42] - 69 	 103.4 	 	 36.4 	 	 0.0100 	 1.0305 	 0.6888 	 1.5251 	 	 0.4156 	 	 1.0109 	 0.6840 	 1.5677 	 	 0.4139
[2022/07/17 02:48:04] - 70 	 103.7 	 	 37.5 	 	 0.0100 	 1.0282 	 0.6901 	 1.5210 	 	 0.4198 	 	 0.9992 	 0.6849 	 1.5612 	 	 0.4106
[2022/07/17 02:50:23] - 71 	 102.8 	 	 36.0 	 	 0.0100 	 1.0252 	 0.6938 	 1.5189 	 	 0.4187 	 	 1.0347 	 0.6784 	 1.5659 	 	 0.4196
[2022/07/17 02:52:43] - 72 	 104.0 	 	 36.1 	 	 0.0100 	 1.0227 	 0.6920 	 1.5187 	 	 0.4173 	 	 1.0684 	 0.6569 	 1.5888 	 	 0.4104
[2022/07/17 02:55:04] - 73 	 104.1 	 	 37.6 	 	 0.0100 	 1.0192 	 0.6926 	 1.5184 	 	 0.4181 	 	 1.0290 	 0.6653 	 1.6036 	 	 0.4049
[2022/07/17 02:57:23] - 74 	 102.6 	 	 36.1 	 	 0.0010 	 1.0206 	 0.6928 	 1.5180 	 	 0.4193 	 	 1.0872 	 0.6626 	 1.5751 	 	 0.4215
[2022/07/17 02:59:43] - 75 	 104.1 	 	 36.1 	 	 0.0010 	 1.0032 	 0.7063 	 1.4631 	 	 0.4357 	 	 0.9594 	 0.6963 	 1.5460 	 	 0.4214
[2022/07/17 03:02:04] - 76 	 103.5 	 	 37.6 	 	 0.0010 	 0.9721 	 0.7130 	 1.4437 	 	 0.4406 	 	 0.9564 	 0.7018 	 1.5450 	 	 0.4163
[2022/07/17 03:04:24] - 77 	 103.4 	 	 36.2 	 	 0.0010 	 0.9587 	 0.7184 	 1.4361 	 	 0.4426 	 	 0.9332 	 0.7051 	 1.5494 	 	 0.4141
[2022/07/17 03:06:44] - 78 	 103.9 	 	 36.0 	 	 0.0010 	 0.9485 	 0.7207 	 1.4292 	 	 0.4433 	 	 0.9797 	 0.6954 	 1.5385 	 	 0.4220
[2022/07/17 03:09:04] - 79 	 103.7 	 	 36.8 	 	 0.0010 	 0.9411 	 0.7234 	 1.4242 	 	 0.4460 	 	 0.9376 	 0.7085 	 1.5525 	 	 0.4149
[2022/07/17 03:11:26] - 80 	 103.9 	 	 37.1 	 	 0.0010 	 0.9373 	 0.7235 	 1.4232 	 	 0.4480 	 	 0.9301 	 0.6993 	 1.5904 	 	 0.4045
[2022/07/17 03:13:45] - 81 	 103.1 	 	 35.8 	 	 0.0010 	 0.9318 	 0.7262 	 1.4165 	 	 0.4465 	 	 0.9515 	 0.7046 	 1.5332 	 	 0.4229
[2022/07/17 03:16:04] - 82 	 103.2 	 	 36.5 	 	 0.0010 	 0.9276 	 0.7288 	 1.4173 	 	 0.4485 	 	 0.9570 	 0.7041 	 1.5370 	 	 0.4248
[2022/07/17 03:18:23] - 83 	 101.7 	 	 36.9 	 	 0.0010 	 0.9246 	 0.7284 	 1.4133 	 	 0.4487 	 	 0.9601 	 0.6936 	 1.5472 	 	 0.4236
[2022/07/17 03:20:43] - 84 	 104.1 	 	 36.0 	 	 0.0010 	 0.9203 	 0.7299 	 1.4101 	 	 0.4519 	 	 0.9777 	 0.6984 	 1.5369 	 	 0.4307
[2022/07/17 03:23:03] - 85 	 103.2 	 	 36.1 	 	 0.0010 	 0.9180 	 0.7303 	 1.4093 	 	 0.4486 	 	 0.9379 	 0.7034 	 1.5397 	 	 0.4226
[2022/07/17 03:25:23] - 86 	 103.3 	 	 37.4 	 	 0.0010 	 0.9140 	 0.7319 	 1.4058 	 	 0.4522 	 	 0.9480 	 0.7020 	 1.5396 	 	 0.4254
[2022/07/17 03:27:43] - 87 	 103.5 	 	 36.2 	 	 0.0010 	 0.9100 	 0.7324 	 1.4034 	 	 0.4503 	 	 0.9385 	 0.7071 	 1.5480 	 	 0.4240
[2022/07/17 03:30:03] - 88 	 104.0 	 	 36.1 	 	 0.0010 	 0.9073 	 0.7352 	 1.4001 	 	 0.4529 	 	 0.9427 	 0.7027 	 1.5471 	 	 0.4189
[2022/07/17 03:32:24] - 89 	 103.6 	 	 37.5 	 	 0.0010 	 0.9040 	 0.7347 	 1.3979 	 	 0.4537 	 	 0.9156 	 0.7117 	 1.5475 	 	 0.4176
[2022/07/17 03:34:43] - 90 	 102.8 	 	 36.0 	 	 0.0010 	 0.9007 	 0.7381 	 1.3952 	 	 0.4553 	 	 0.9327 	 0.7066 	 1.5478 	 	 0.4210
[2022/07/17 03:37:03] - 91 	 103.6 	 	 36.1 	 	 0.0010 	 0.8997 	 0.7363 	 1.3962 	 	 0.4532 	 	 0.9339 	 0.7087 	 1.5439 	 	 0.4217
[2022/07/17 03:39:24] - 92 	 103.6 	 	 37.5 	 	 0.0010 	 0.8958 	 0.7389 	 1.3926 	 	 0.4542 	 	 0.9250 	 0.7101 	 1.5491 	 	 0.4162
[2022/07/17 03:41:44] - 93 	 103.5 	 	 36.2 	 	 0.0010 	 0.8927 	 0.7406 	 1.3901 	 	 0.4552 	 	 0.9339 	 0.6991 	 1.5509 	 	 0.4187
[2022/07/17 03:44:03] - 94 	 103.4 	 	 35.9 	 	 0.0010 	 0.8906 	 0.7413 	 1.3871 	 	 0.4582 	 	 0.9124 	 0.7056 	 1.5559 	 	 0.4159
[2022/07/17 03:46:23] - 95 	 103.2 	 	 37.2 	 	 0.0010 	 0.8868 	 0.7415 	 1.3875 	 	 0.4551 	 	 0.9329 	 0.7000 	 1.5584 	 	 0.4192
[2022/07/17 03:48:43] - 96 	 102.9 	 	 36.7 	 	 0.0010 	 0.8860 	 0.7425 	 1.3856 	 	 0.4570 	 	 0.9116 	 0.7075 	 1.5846 	 	 0.4098
[2022/07/17 03:51:02] - 97 	 103.0 	 	 35.9 	 	 0.0010 	 0.8840 	 0.7429 	 1.3837 	 	 0.4590 	 	 0.9316 	 0.7069 	 1.5620 	 	 0.4185
[2022/07/17 03:53:22] - 98 	 103.0 	 	 36.7 	 	 0.0010 	 0.8766 	 0.7460 	 1.3756 	 	 0.4601 	 	 0.9153 	 0.7140 	 1.5624 	 	 0.4171
[2022/07/17 03:55:42] - 99 	 103.8 	 	 36.7 	 	 0.0010 	 0.8773 	 0.7459 	 1.3779 	 	 0.4584 	 	 0.8969 	 0.7181 	 1.5694 	 	 0.4111
