[2022/07/16 23:11:59] - Namespace(attack='pgd', attack_iters=10, batch_size=128, chkpt_iters=10, cutout=False, cutout_len=None, data_dir='../../cifar-data', epochs=100, epsilon=8, eval=False, fgsm_alpha=1.25, fgsm_init='random', fname='./results/716_5_at_res18noeca/', half=False, l1=0, l2=0, lr_drop_epoch=100, lr_max=0.1, lr_one_drop=0.01, lr_schedule='piecewise', mixup=False, mixup_alpha=None, model='res18_noeca', norm='l_inf', pgd_alpha=2, restarts=1, resume=0, seed=0, val=False, width_factor=10)
[2022/07/16 23:12:02] - Epoch 	 Train Time 	 Test Time 	 LR 	 	 Train Loss 	 Train Acc 	 Train Robust Loss 	 Train Robust Acc 	 Test Loss 	 Test Acc 	 Test Robust Loss 	 Test Robust Acc
[2022/07/16 23:13:34] - 0 	 69.5 	 	 21.9 	 	 0.1000 	 2.1442 	 0.2477 	 2.4036 	 	 0.1737 	 	 1.8700 	 0.3336 	 2.0701 	 	 0.2350
[2022/07/16 23:15:12] - 1 	 76.5 	 	 22.2 	 	 0.1000 	 1.8408 	 0.3397 	 2.0779 	 	 0.2280 	 	 1.7235 	 0.3778 	 2.0003 	 	 0.2545
[2022/07/16 23:16:43] - 2 	 68.6 	 	 22.1 	 	 0.1000 	 1.7502 	 0.3803 	 2.0206 	 	 0.2483 	 	 1.7140 	 0.3992 	 1.9680 	 	 0.2706
[2022/07/16 23:18:16] - 3 	 68.4 	 	 24.1 	 	 0.1000 	 1.6919 	 0.4039 	 1.9830 	 	 0.2604 	 	 1.6153 	 0.4341 	 1.9071 	 	 0.2877
[2022/07/16 23:19:51] - 4 	 71.6 	 	 22.9 	 	 0.1000 	 1.6493 	 0.4208 	 1.9569 	 	 0.2670 	 	 1.6139 	 0.4577 	 1.8922 	 	 0.3016
[2022/07/16 23:21:24] - 5 	 69.4 	 	 23.6 	 	 0.1000 	 1.6126 	 0.4417 	 1.9345 	 	 0.2774 	 	 1.5530 	 0.4743 	 1.8573 	 	 0.3087
[2022/07/16 23:22:58] - 6 	 71.2 	 	 22.6 	 	 0.1000 	 1.5775 	 0.4528 	 1.9133 	 	 0.2812 	 	 1.4840 	 0.4699 	 1.8476 	 	 0.2991
[2022/07/16 23:24:31] - 7 	 69.8 	 	 23.0 	 	 0.1000 	 1.5452 	 0.4704 	 1.8942 	 	 0.2906 	 	 1.4982 	 0.4959 	 1.8277 	 	 0.3299
[2022/07/16 23:26:04] - 8 	 69.9 	 	 22.5 	 	 0.1000 	 1.5229 	 0.4797 	 1.8808 	 	 0.2938 	 	 1.4532 	 0.5018 	 1.8198 	 	 0.3124
[2022/07/16 23:27:38] - 9 	 71.1 	 	 22.8 	 	 0.1000 	 1.4995 	 0.4924 	 1.8691 	 	 0.3004 	 	 1.4377 	 0.4967 	 1.8052 	 	 0.3227
[2022/07/16 23:29:13] - 10 	 71.0 	 	 23.9 	 	 0.1000 	 1.4778 	 0.4990 	 1.8562 	 	 0.3054 	 	 1.4392 	 0.4891 	 1.8199 	 	 0.3175
[2022/07/16 23:30:48] - 11 	 71.4 	 	 23.7 	 	 0.1000 	 1.4577 	 0.5092 	 1.8439 	 	 0.3071 	 	 1.4394 	 0.5236 	 1.7951 	 	 0.3382
[2022/07/16 23:32:22] - 12 	 70.4 	 	 22.7 	 	 0.1000 	 1.4469 	 0.5118 	 1.8366 	 	 0.3098 	 	 1.3755 	 0.5245 	 1.7949 	 	 0.3329
[2022/07/16 23:33:54] - 13 	 69.8 	 	 22.4 	 	 0.1000 	 1.4320 	 0.5181 	 1.8290 	 	 0.3120 	 	 1.3755 	 0.5390 	 1.7623 	 	 0.3438
[2022/07/16 23:35:25] - 14 	 69.3 	 	 21.8 	 	 0.1000 	 1.4189 	 0.5267 	 1.8208 	 	 0.3139 	 	 1.3856 	 0.5251 	 1.7735 	 	 0.3362
[2022/07/16 23:36:55] - 15 	 67.5 	 	 22.1 	 	 0.1000 	 1.4134 	 0.5283 	 1.8164 	 	 0.3170 	 	 1.3938 	 0.5656 	 1.7671 	 	 0.3424
[2022/07/16 23:38:27] - 16 	 70.3 	 	 21.7 	 	 0.1000 	 1.4014 	 0.5348 	 1.8120 	 	 0.3210 	 	 1.3640 	 0.5279 	 1.7583 	 	 0.3403
[2022/07/16 23:39:57] - 17 	 69.0 	 	 21.8 	 	 0.1000 	 1.3898 	 0.5393 	 1.8028 	 	 0.3231 	 	 1.3729 	 0.5096 	 1.7729 	 	 0.3342
[2022/07/16 23:41:27] - 18 	 67.5 	 	 21.8 	 	 0.1000 	 1.3856 	 0.5411 	 1.8012 	 	 0.3215 	 	 1.3812 	 0.5186 	 1.7597 	 	 0.3461
[2022/07/16 23:42:58] - 19 	 67.6 	 	 23.3 	 	 0.1000 	 1.3783 	 0.5456 	 1.7965 	 	 0.3271 	 	 1.3244 	 0.5483 	 1.7576 	 	 0.3471
[2022/07/16 23:44:27] - 20 	 67.2 	 	 21.7 	 	 0.1000 	 1.3679 	 0.5500 	 1.7899 	 	 0.3280 	 	 1.3021 	 0.5661 	 1.7232 	 	 0.3615
[2022/07/16 23:45:59] - 21 	 67.7 	 	 23.6 	 	 0.1000 	 1.3602 	 0.5544 	 1.7846 	 	 0.3286 	 	 1.3263 	 0.5649 	 1.7234 	 	 0.3597
[2022/07/16 23:47:32] - 22 	 71.0 	 	 22.5 	 	 0.1000 	 1.3600 	 0.5528 	 1.7863 	 	 0.3302 	 	 1.3418 	 0.5531 	 1.7404 	 	 0.3435
[2022/07/16 23:49:05] - 23 	 70.0 	 	 22.4 	 	 0.1000 	 1.3503 	 0.5572 	 1.7792 	 	 0.3332 	 	 1.3091 	 0.5539 	 1.7253 	 	 0.3598
[2022/07/16 23:50:39] - 24 	 71.8 	 	 22.5 	 	 0.1000 	 1.3539 	 0.5560 	 1.7829 	 	 0.3308 	 	 1.3103 	 0.5733 	 1.7100 	 	 0.3654
[2022/07/16 23:52:10] - 25 	 68.5 	 	 22.4 	 	 0.1000 	 1.3438 	 0.5617 	 1.7751 	 	 0.3306 	 	 1.3066 	 0.5562 	 1.7473 	 	 0.3524
[2022/07/16 23:53:40] - 26 	 68.2 	 	 21.8 	 	 0.1000 	 1.3437 	 0.5622 	 1.7758 	 	 0.3335 	 	 1.3035 	 0.5720 	 1.7283 	 	 0.3554
[2022/07/16 23:55:09] - 27 	 66.9 	 	 21.9 	 	 0.1000 	 1.3405 	 0.5618 	 1.7735 	 	 0.3315 	 	 1.2800 	 0.5808 	 1.7198 	 	 0.3642
[2022/07/16 23:56:39] - 28 	 68.3 	 	 21.7 	 	 0.1000 	 1.3316 	 0.5658 	 1.7693 	 	 0.3360 	 	 1.3372 	 0.5620 	 1.7600 	 	 0.3477
[2022/07/16 23:58:08] - 29 	 67.0 	 	 21.6 	 	 0.1000 	 1.3373 	 0.5626 	 1.7713 	 	 0.3333 	 	 1.2817 	 0.5785 	 1.7062 	 	 0.3530
[2022/07/16 23:59:37] - 30 	 67.7 	 	 21.7 	 	 0.1000 	 1.3333 	 0.5643 	 1.7688 	 	 0.3339 	 	 1.3101 	 0.5575 	 1.7233 	 	 0.3527
[2022/07/17 00:01:07] - 31 	 67.7 	 	 22.0 	 	 0.1000 	 1.3211 	 0.5714 	 1.7619 	 	 0.3407 	 	 1.3057 	 0.5668 	 1.7305 	 	 0.3589
[2022/07/17 00:02:39] - 32 	 70.0 	 	 22.2 	 	 0.1000 	 1.3229 	 0.5710 	 1.7623 	 	 0.3392 	 	 1.2626 	 0.5956 	 1.7186 	 	 0.3546
[2022/07/17 00:04:32] - 33 	 82.0 	 	 31.0 	 	 0.1000 	 1.3233 	 0.5701 	 1.7650 	 	 0.3382 	 	 1.2945 	 0.5859 	 1.7104 	 	 0.3697
[2022/07/17 00:06:33] - 34 	 89.8 	 	 30.8 	 	 0.1000 	 1.3210 	 0.5724 	 1.7625 	 	 0.3398 	 	 1.3327 	 0.5718 	 1.7312 	 	 0.3604
[2022/07/17 00:08:31] - 35 	 86.8 	 	 30.7 	 	 0.1000 	 1.3191 	 0.5736 	 1.7602 	 	 0.3383 	 	 1.2740 	 0.5700 	 1.7322 	 	 0.3622
[2022/07/17 00:10:32] - 36 	 90.2 	 	 30.5 	 	 0.1000 	 1.3144 	 0.5750 	 1.7586 	 	 0.3394 	 	 1.2753 	 0.5902 	 1.6947 	 	 0.3780
[2022/07/17 00:12:31] - 37 	 88.2 	 	 30.7 	 	 0.1000 	 1.3107 	 0.5748 	 1.7562 	 	 0.3388 	 	 1.2740 	 0.5860 	 1.7055 	 	 0.3619
[2022/07/17 00:14:32] - 38 	 90.6 	 	 30.3 	 	 0.1000 	 1.3092 	 0.5773 	 1.7556 	 	 0.3396 	 	 1.3043 	 0.5711 	 1.7078 	 	 0.3734
[2022/07/17 00:16:30] - 39 	 87.3 	 	 30.7 	 	 0.1000 	 1.3117 	 0.5768 	 1.7570 	 	 0.3390 	 	 1.3151 	 0.5396 	 1.7255 	 	 0.3622
[2022/07/17 00:18:30] - 40 	 90.0 	 	 30.5 	 	 0.1000 	 1.3116 	 0.5767 	 1.7586 	 	 0.3392 	 	 1.2828 	 0.5861 	 1.7445 	 	 0.3496
[2022/07/17 00:20:28] - 41 	 86.8 	 	 30.9 	 	 0.1000 	 1.3071 	 0.5797 	 1.7539 	 	 0.3407 	 	 1.2662 	 0.5845 	 1.7031 	 	 0.3732
[2022/07/17 00:22:29] - 42 	 90.4 	 	 30.8 	 	 0.1000 	 1.3054 	 0.5811 	 1.7537 	 	 0.3422 	 	 1.2498 	 0.5772 	 1.6933 	 	 0.3709
[2022/07/17 00:24:27] - 43 	 86.8 	 	 30.8 	 	 0.1000 	 1.3043 	 0.5823 	 1.7548 	 	 0.3392 	 	 1.2756 	 0.5577 	 1.7143 	 	 0.3670
[2022/07/17 00:26:28] - 44 	 89.9 	 	 31.0 	 	 0.1000 	 1.3034 	 0.5818 	 1.7533 	 	 0.3403 	 	 1.2561 	 0.5999 	 1.7006 	 	 0.3620
[2022/07/17 00:28:25] - 45 	 87.4 	 	 30.2 	 	 0.1000 	 1.3040 	 0.5785 	 1.7528 	 	 0.3418 	 	 1.3058 	 0.5669 	 1.7663 	 	 0.3430
[2022/07/17 00:30:26] - 46 	 89.9 	 	 31.1 	 	 0.1000 	 1.2996 	 0.5836 	 1.7487 	 	 0.3428 	 	 1.2451 	 0.5990 	 1.7045 	 	 0.3698
[2022/07/17 00:32:25] - 47 	 87.5 	 	 30.9 	 	 0.1000 	 1.3008 	 0.5799 	 1.7511 	 	 0.3387 	 	 1.2528 	 0.5802 	 1.6989 	 	 0.3622
[2022/07/17 00:34:26] - 48 	 91.1 	 	 30.1 	 	 0.1000 	 1.3014 	 0.5824 	 1.7514 	 	 0.3417 	 	 1.2855 	 0.5868 	 1.7313 	 	 0.3601
[2022/07/17 00:36:25] - 49 	 88.0 	 	 31.0 	 	 0.0100 	 1.2992 	 0.5822 	 1.7496 	 	 0.3416 	 	 1.1945 	 0.5861 	 1.7092 	 	 0.3538
[2022/07/17 00:38:27] - 50 	 91.2 	 	 30.9 	 	 0.0100 	 1.1892 	 0.6257 	 1.6306 	 	 0.3815 	 	 1.0919 	 0.6530 	 1.5852 	 	 0.4012
[2022/07/17 00:40:26] - 51 	 87.9 	 	 31.1 	 	 0.0100 	 1.1412 	 0.6431 	 1.5954 	 	 0.3931 	 	 1.0867 	 0.6538 	 1.6367 	 	 0.3894
[2022/07/17 00:42:28] - 52 	 90.9 	 	 30.5 	 	 0.0100 	 1.1235 	 0.6499 	 1.5832 	 	 0.4004 	 	 1.0824 	 0.6665 	 1.5836 	 	 0.4044
[2022/07/17 00:44:27] - 53 	 88.3 	 	 31.1 	 	 0.0100 	 1.1131 	 0.6542 	 1.5750 	 	 0.4013 	 	 1.0561 	 0.6647 	 1.5699 	 	 0.4108
[2022/07/17 00:46:29] - 54 	 90.5 	 	 31.3 	 	 0.0100 	 1.1014 	 0.6574 	 1.5681 	 	 0.4036 	 	 1.0846 	 0.6553 	 1.5697 	 	 0.4131
[2022/07/17 00:48:29] - 55 	 88.2 	 	 31.3 	 	 0.0100 	 1.0957 	 0.6613 	 1.5659 	 	 0.4042 	 	 1.0535 	 0.6565 	 1.5812 	 	 0.4072
[2022/07/17 00:50:31] - 56 	 90.4 	 	 31.1 	 	 0.0100 	 1.0870 	 0.6660 	 1.5570 	 	 0.4075 	 	 1.0743 	 0.6736 	 1.5566 	 	 0.4254
[2022/07/17 00:52:30] - 57 	 88.4 	 	 30.2 	 	 0.0100 	 1.0815 	 0.6673 	 1.5533 	 	 0.4082 	 	 1.0664 	 0.6616 	 1.5688 	 	 0.4124
[2022/07/17 00:54:29] - 58 	 89.1 	 	 30.2 	 	 0.0100 	 1.0748 	 0.6693 	 1.5500 	 	 0.4090 	 	 1.0625 	 0.6478 	 1.6318 	 	 0.3932
[2022/07/17 00:56:28] - 59 	 87.7 	 	 31.1 	 	 0.0100 	 1.0697 	 0.6711 	 1.5476 	 	 0.4111 	 	 1.0541 	 0.6678 	 1.5633 	 	 0.4168
[2022/07/17 00:58:30] - 60 	 91.0 	 	 31.0 	 	 0.0100 	 1.0657 	 0.6761 	 1.5428 	 	 0.4103 	 	 1.0338 	 0.6658 	 1.5659 	 	 0.4096
[2022/07/17 01:00:26] - 61 	 86.2 	 	 30.3 	 	 0.0100 	 1.0568 	 0.6776 	 1.5407 	 	 0.4125 	 	 1.0530 	 0.6553 	 1.5815 	 	 0.4110
[2022/07/17 01:02:28] - 62 	 90.9 	 	 31.2 	 	 0.0100 	 1.0565 	 0.6779 	 1.5393 	 	 0.4120 	 	 1.0310 	 0.6767 	 1.5632 	 	 0.4166
[2022/07/17 01:04:27] - 63 	 87.9 	 	 31.0 	 	 0.0100 	 1.0536 	 0.6791 	 1.5369 	 	 0.4137 	 	 1.0358 	 0.6717 	 1.5682 	 	 0.4100
[2022/07/17 01:06:29] - 64 	 90.4 	 	 31.0 	 	 0.0100 	 1.0489 	 0.6808 	 1.5329 	 	 0.4126 	 	 1.0451 	 0.6509 	 1.5848 	 	 0.4036
[2022/07/17 01:08:29] - 65 	 88.4 	 	 31.4 	 	 0.0100 	 1.0446 	 0.6822 	 1.5317 	 	 0.4149 	 	 1.0491 	 0.6713 	 1.5685 	 	 0.4112
[2022/07/17 01:10:30] - 66 	 90.6 	 	 31.0 	 	 0.0100 	 1.0446 	 0.6829 	 1.5303 	 	 0.4135 	 	 0.9976 	 0.6726 	 1.5878 	 	 0.4000
[2022/07/17 01:12:30] - 67 	 88.5 	 	 31.3 	 	 0.0100 	 1.0371 	 0.6846 	 1.5278 	 	 0.4168 	 	 1.0144 	 0.6781 	 1.5654 	 	 0.4132
[2022/07/17 01:14:30] - 68 	 89.7 	 	 30.5 	 	 0.0100 	 1.0333 	 0.6870 	 1.5231 	 	 0.4155 	 	 1.0132 	 0.6681 	 1.5755 	 	 0.4062
[2022/07/17 01:16:30] - 69 	 88.3 	 	 31.8 	 	 0.0100 	 1.0316 	 0.6898 	 1.5232 	 	 0.4185 	 	 1.0436 	 0.6684 	 1.5847 	 	 0.4110
[2022/07/17 01:18:30] - 70 	 90.0 	 	 30.1 	 	 0.0100 	 1.0309 	 0.6871 	 1.5240 	 	 0.4197 	 	 1.0193 	 0.6793 	 1.5596 	 	 0.4175
[2022/07/17 01:20:30] - 71 	 87.6 	 	 31.9 	 	 0.0100 	 1.0268 	 0.6920 	 1.5201 	 	 0.4166 	 	 1.0222 	 0.6742 	 1.5749 	 	 0.4085
[2022/07/17 01:22:31] - 72 	 89.5 	 	 31.1 	 	 0.0100 	 1.0251 	 0.6914 	 1.5195 	 	 0.4184 	 	 1.0043 	 0.6890 	 1.5742 	 	 0.4073
[2022/07/17 01:24:31] - 73 	 88.4 	 	 32.1 	 	 0.0100 	 1.0185 	 0.6958 	 1.5177 	 	 0.4192 	 	 1.0381 	 0.6632 	 1.5690 	 	 0.4103
[2022/07/17 01:26:32] - 74 	 90.1 	 	 31.1 	 	 0.0010 	 1.0209 	 0.6936 	 1.5186 	 	 0.4190 	 	 1.0318 	 0.6788 	 1.5727 	 	 0.4119
[2022/07/17 01:28:33] - 75 	 88.4 	 	 32.3 	 	 0.0010 	 1.0040 	 0.7024 	 1.4644 	 	 0.4376 	 	 0.9815 	 0.6934 	 1.5481 	 	 0.4181
[2022/07/17 01:30:33] - 76 	 89.4 	 	 30.4 	 	 0.0010 	 0.9727 	 0.7114 	 1.4452 	 	 0.4411 	 	 0.9808 	 0.6918 	 1.5383 	 	 0.4216
[2022/07/17 01:32:33] - 77 	 88.0 	 	 32.5 	 	 0.0010 	 0.9593 	 0.7170 	 1.4377 	 	 0.4428 	 	 0.9426 	 0.7025 	 1.5440 	 	 0.4176
[2022/07/17 01:34:32] - 78 	 88.2 	 	 31.0 	 	 0.0010 	 0.9518 	 0.7186 	 1.4340 	 	 0.4415 	 	 0.9739 	 0.6973 	 1.5361 	 	 0.4211
[2022/07/17 01:36:33] - 79 	 88.4 	 	 32.6 	 	 0.0010 	 0.9417 	 0.7210 	 1.4255 	 	 0.4463 	 	 0.9532 	 0.6995 	 1.5406 	 	 0.4200
[2022/07/17 01:38:34] - 80 	 89.1 	 	 31.1 	 	 0.0010 	 0.9371 	 0.7236 	 1.4248 	 	 0.4450 	 	 0.9347 	 0.7018 	 1.5439 	 	 0.4168
[2022/07/17 01:40:35] - 81 	 88.1 	 	 32.8 	 	 0.0010 	 0.9340 	 0.7228 	 1.4214 	 	 0.4469 	 	 0.9447 	 0.6996 	 1.5445 	 	 0.4194
[2022/07/17 01:42:35] - 82 	 89.2 	 	 31.1 	 	 0.0010 	 0.9315 	 0.7257 	 1.4204 	 	 0.4465 	 	 0.9548 	 0.7001 	 1.5510 	 	 0.4202
[2022/07/17 01:44:37] - 83 	 89.0 	 	 33.1 	 	 0.0010 	 0.9246 	 0.7286 	 1.4120 	 	 0.4500 	 	 0.9416 	 0.6990 	 1.5575 	 	 0.4187
[2022/07/17 01:46:38] - 84 	 89.4 	 	 31.6 	 	 0.0010 	 0.9219 	 0.7283 	 1.4121 	 	 0.4485 	 	 0.9473 	 0.7051 	 1.5423 	 	 0.4216
[2022/07/17 01:48:40] - 85 	 89.1 	 	 32.6 	 	 0.0010 	 0.9190 	 0.7291 	 1.4091 	 	 0.4512 	 	 0.9353 	 0.7034 	 1.5422 	 	 0.4186
[2022/07/17 01:50:39] - 86 	 87.8 	 	 31.3 	 	 0.0010 	 0.9158 	 0.7307 	 1.4079 	 	 0.4503 	 	 0.9125 	 0.7048 	 1.5624 	 	 0.4116
[2022/07/17 01:52:41] - 87 	 89.2 	 	 32.7 	 	 0.0010 	 0.9156 	 0.7305 	 1.4076 	 	 0.4493 	 	 0.9443 	 0.7024 	 1.5385 	 	 0.4259
[2022/07/17 01:54:40] - 88 	 88.2 	 	 30.6 	 	 0.0010 	 0.9119 	 0.7302 	 1.4042 	 	 0.4519 	 	 0.9508 	 0.6951 	 1.5448 	 	 0.4213
[2022/07/17 01:56:41] - 89 	 88.4 	 	 32.9 	 	 0.0010 	 0.9089 	 0.7324 	 1.4018 	 	 0.4528 	 	 0.9524 	 0.6976 	 1.5451 	 	 0.4227
[2022/07/17 01:58:41] - 90 	 88.0 	 	 31.0 	 	 0.0010 	 0.9043 	 0.7342 	 1.3986 	 	 0.4563 	 	 0.9449 	 0.7051 	 1.5537 	 	 0.4199
[2022/07/17 02:00:44] - 91 	 90.5 	 	 32.6 	 	 0.0010 	 0.9051 	 0.7339 	 1.4020 	 	 0.4514 	 	 0.9189 	 0.7033 	 1.5693 	 	 0.4167
[2022/07/17 02:02:47] - 92 	 91.3 	 	 32.2 	 	 0.0010 	 0.9008 	 0.7362 	 1.3956 	 	 0.4548 	 	 0.9361 	 0.7091 	 1.5542 	 	 0.4192
[2022/07/17 02:04:52] - 93 	 92.4 	 	 32.2 	 	 0.0010 	 0.8982 	 0.7364 	 1.3936 	 	 0.4555 	 	 0.9624 	 0.7017 	 1.5582 	 	 0.4216
[2022/07/17 02:06:52] - 94 	 89.4 	 	 30.7 	 	 0.0010 	 0.8934 	 0.7393 	 1.3894 	 	 0.4583 	 	 0.9257 	 0.7035 	 1.5717 	 	 0.4142
[2022/07/17 02:08:54] - 95 	 91.3 	 	 30.9 	 	 0.0010 	 0.8954 	 0.7376 	 1.3947 	 	 0.4528 	 	 0.9296 	 0.7090 	 1.5502 	 	 0.4198
[2022/07/17 02:10:54] - 96 	 88.4 	 	 31.2 	 	 0.0010 	 0.8932 	 0.7392 	 1.3893 	 	 0.4563 	 	 0.9246 	 0.7036 	 1.5752 	 	 0.4112
[2022/07/17 02:12:56] - 97 	 91.0 	 	 31.2 	 	 0.0010 	 0.8878 	 0.7404 	 1.3870 	 	 0.4581 	 	 0.9241 	 0.7069 	 1.5736 	 	 0.4128
[2022/07/17 02:14:54] - 98 	 87.6 	 	 30.4 	 	 0.0010 	 0.8848 	 0.7431 	 1.3842 	 	 0.4567 	 	 0.9116 	 0.7044 	 1.5893 	 	 0.4088
[2022/07/17 02:16:54] - 99 	 89.1 	 	 30.3 	 	 0.0010 	 0.8855 	 0.7423 	 1.3853 	 	 0.4588 	 	 0.9081 	 0.7076 	 1.5633 	 	 0.4156
