[2022/07/17 00:01:42] - Namespace(attack='pgd', attack_iters=10, batch_size=128, chkpt_iters=10, cutout=False, cutout_len=None, data_dir='../../cifar-data', epochs=100, epsilon=8, eval=False, fgsm_alpha=1.25, fgsm_init='random', fname='./results/716_11_at_res18nose/', half=False, l1=0, l2=0, lr_drop_epoch=100, lr_max=0.1, lr_one_drop=0.01, lr_schedule='piecewise', mixup=False, mixup_alpha=None, model='res18_nose', norm='l_inf', pgd_alpha=2, restarts=1, resume=0, seed=0, val=False, width_factor=10)
[2022/07/17 00:01:47] - Epoch 	 Train Time 	 Test Time 	 LR 	 	 Train Loss 	 Train Acc 	 Train Robust Loss 	 Train Robust Acc 	 Test Loss 	 Test Acc 	 Test Robust Loss 	 Test Robust Acc
[2022/07/17 00:05:40] - 0 	 172.7 	 	 60.8 	 	 0.1000 	 2.0351 	 0.2672 	 2.2528 	 	 0.1825 	 	 1.8474 	 0.3617 	 2.0487 	 	 0.2481
[2022/07/17 00:09:43] - 1 	 181.4 	 	 60.7 	 	 0.1000 	 1.8120 	 0.3535 	 2.0577 	 	 0.2353 	 	 1.7344 	 0.3983 	 1.9694 	 	 0.2722
[2022/07/17 00:13:42] - 2 	 178.1 	 	 60.1 	 	 0.1000 	 1.7290 	 0.3908 	 2.0048 	 	 0.2558 	 	 1.6553 	 0.4243 	 1.9249 	 	 0.2952
[2022/07/17 00:17:44] - 3 	 181.4 	 	 60.6 	 	 0.1000 	 1.6683 	 0.4153 	 1.9667 	 	 0.2675 	 	 1.6256 	 0.4234 	 1.9031 	 	 0.2918
[2022/07/17 00:21:46] - 4 	 181.4 	 	 60.5 	 	 0.1000 	 1.6219 	 0.4317 	 1.9386 	 	 0.2739 	 	 1.5679 	 0.4587 	 1.8757 	 	 0.3098
[2022/07/17 00:25:48] - 5 	 180.7 	 	 60.8 	 	 0.1000 	 1.5874 	 0.4482 	 1.9181 	 	 0.2833 	 	 1.5372 	 0.4597 	 1.8459 	 	 0.3201
[2022/07/17 00:29:47] - 6 	 178.6 	 	 59.8 	 	 0.1000 	 1.5503 	 0.4652 	 1.8947 	 	 0.2906 	 	 1.4739 	 0.4899 	 1.8381 	 	 0.3099
[2022/07/17 00:33:44] - 7 	 177.1 	 	 59.7 	 	 0.1000 	 1.5182 	 0.4830 	 1.8749 	 	 0.2975 	 	 1.4507 	 0.5028 	 1.8066 	 	 0.3207
[2022/07/17 00:37:43] - 8 	 178.0 	 	 60.3 	 	 0.1000 	 1.4953 	 0.4898 	 1.8639 	 	 0.3033 	 	 1.4868 	 0.5071 	 1.8093 	 	 0.3292
[2022/07/17 00:41:38] - 9 	 175.2 	 	 60.2 	 	 0.1000 	 1.4726 	 0.5002 	 1.8496 	 	 0.3068 	 	 1.4364 	 0.4988 	 1.7710 	 	 0.3427
[2022/07/17 00:45:36] - 10 	 175.6 	 	 61.3 	 	 0.1000 	 1.4591 	 0.5105 	 1.8429 	 	 0.3091 	 	 1.4076 	 0.5245 	 1.7783 	 	 0.3442
[2022/07/17 00:49:32] - 11 	 174.3 	 	 61.0 	 	 0.1000 	 1.4383 	 0.5202 	 1.8295 	 	 0.3136 	 	 1.4193 	 0.4899 	 1.7791 	 	 0.3317
[2022/07/17 00:53:28] - 12 	 175.1 	 	 61.8 	 	 0.1000 	 1.4307 	 0.5214 	 1.8251 	 	 0.3151 	 	 1.3520 	 0.5525 	 1.7576 	 	 0.3519
[2022/07/17 00:57:28] - 13 	 178.9 	 	 60.8 	 	 0.1000 	 1.4140 	 0.5336 	 1.8155 	 	 0.3199 	 	 1.3716 	 0.5551 	 1.7672 	 	 0.3394
[2022/07/17 01:01:29] - 14 	 180.2 	 	 60.7 	 	 0.1000 	 1.4015 	 0.5358 	 1.8058 	 	 0.3224 	 	 1.3683 	 0.5268 	 1.7808 	 	 0.3311
[2022/07/17 01:05:25] - 15 	 174.7 	 	 61.2 	 	 0.1000 	 1.3951 	 0.5388 	 1.8035 	 	 0.3228 	 	 1.3428 	 0.5475 	 1.7445 	 	 0.3462
[2022/07/17 01:09:20] - 16 	 173.7 	 	 61.3 	 	 0.1000 	 1.3850 	 0.5450 	 1.7990 	 	 0.3264 	 	 1.3489 	 0.5442 	 1.7403 	 	 0.3590
[2022/07/17 01:13:17] - 17 	 174.1 	 	 61.7 	 	 0.1000 	 1.3778 	 0.5468 	 1.7924 	 	 0.3282 	 	 1.3499 	 0.5551 	 1.7471 	 	 0.3441
[2022/07/17 01:17:15] - 18 	 176.0 	 	 61.9 	 	 0.1000 	 1.3649 	 0.5538 	 1.7864 	 	 0.3293 	 	 1.3168 	 0.5654 	 1.7132 	 	 0.3694
[2022/07/17 01:21:15] - 19 	 177.3 	 	 62.2 	 	 0.1000 	 1.3571 	 0.5569 	 1.7820 	 	 0.3318 	 	 1.2958 	 0.5697 	 1.7391 	 	 0.3499
[2022/07/17 01:25:11] - 20 	 174.4 	 	 61.9 	 	 0.1000 	 1.3497 	 0.5634 	 1.7751 	 	 0.3359 	 	 1.3118 	 0.5658 	 1.7244 	 	 0.3607
[2022/07/17 01:29:07] - 21 	 173.0 	 	 62.4 	 	 0.1000 	 1.3466 	 0.5597 	 1.7747 	 	 0.3326 	 	 1.2964 	 0.5572 	 1.7296 	 	 0.3490
[2022/07/17 01:33:06] - 22 	 176.4 	 	 62.6 	 	 0.1000 	 1.3429 	 0.5649 	 1.7744 	 	 0.3350 	 	 1.3297 	 0.5650 	 1.7165 	 	 0.3681
[2022/07/17 01:37:05] - 23 	 176.6 	 	 62.4 	 	 0.1000 	 1.3375 	 0.5675 	 1.7704 	 	 0.3353 	 	 1.3169 	 0.5702 	 1.7260 	 	 0.3583
[2022/07/17 01:41:02] - 24 	 174.7 	 	 62.7 	 	 0.1000 	 1.3369 	 0.5658 	 1.7702 	 	 0.3358 	 	 1.3166 	 0.5686 	 1.7286 	 	 0.3630
[2022/07/17 01:44:58] - 25 	 173.2 	 	 62.7 	 	 0.1000 	 1.3311 	 0.5708 	 1.7659 	 	 0.3346 	 	 1.2875 	 0.5625 	 1.7180 	 	 0.3661
[2022/07/17 01:48:53] - 26 	 173.5 	 	 61.7 	 	 0.1000 	 1.3257 	 0.5712 	 1.7619 	 	 0.3385 	 	 1.3089 	 0.5669 	 1.7321 	 	 0.3630
[2022/07/17 01:52:50] - 27 	 175.0 	 	 61.9 	 	 0.1000 	 1.3219 	 0.5765 	 1.7607 	 	 0.3387 	 	 1.2635 	 0.5495 	 1.7462 	 	 0.3349
[2022/07/17 01:56:48] - 28 	 176.5 	 	 61.7 	 	 0.1000 	 1.3259 	 0.5709 	 1.7629 	 	 0.3375 	 	 1.2469 	 0.5773 	 1.6971 	 	 0.3592
[2022/07/17 02:00:43] - 29 	 172.9 	 	 61.7 	 	 0.1000 	 1.3177 	 0.5753 	 1.7582 	 	 0.3402 	 	 1.2399 	 0.5925 	 1.7132 	 	 0.3521
[2022/07/17 02:04:32] - 30 	 167.9 	 	 60.8 	 	 0.1000 	 1.3156 	 0.5753 	 1.7571 	 	 0.3393 	 	 1.2645 	 0.5880 	 1.7205 	 	 0.3584
[2022/07/17 02:08:25] - 31 	 173.1 	 	 59.6 	 	 0.1000 	 1.3096 	 0.5788 	 1.7548 	 	 0.3426 	 	 1.2998 	 0.5898 	 1.7208 	 	 0.3674
[2022/07/17 02:12:17] - 32 	 173.5 	 	 59.5 	 	 0.1000 	 1.3086 	 0.5790 	 1.7536 	 	 0.3406 	 	 1.2644 	 0.5745 	 1.7003 	 	 0.3669
[2022/07/17 02:16:17] - 33 	 178.5 	 	 61.1 	 	 0.1000 	 1.3048 	 0.5808 	 1.7506 	 	 0.3437 	 	 1.2646 	 0.5975 	 1.6912 	 	 0.3742
[2022/07/17 02:20:02] - 34 	 168.6 	 	 55.4 	 	 0.1000 	 1.3074 	 0.5810 	 1.7533 	 	 0.3413 	 	 1.3138 	 0.5784 	 1.7170 	 	 0.3659
[2022/07/17 02:23:29] - 35 	 159.5 	 	 47.6 	 	 0.1000 	 1.2988 	 0.5806 	 1.7463 	 	 0.3452 	 	 1.2849 	 0.5831 	 1.7173 	 	 0.3675
[2022/07/17 02:26:58] - 36 	 154.1 	 	 55.2 	 	 0.1000 	 1.2977 	 0.5831 	 1.7456 	 	 0.3408 	 	 1.2869 	 0.5955 	 1.7044 	 	 0.3718
[2022/07/17 02:30:19] - 37 	 153.1 	 	 47.5 	 	 0.1000 	 1.2942 	 0.5829 	 1.7433 	 	 0.3436 	 	 1.2451 	 0.6029 	 1.7126 	 	 0.3620
[2022/07/17 02:33:22] - 38 	 136.3 	 	 47.3 	 	 0.1000 	 1.2935 	 0.5856 	 1.7428 	 	 0.3436 	 	 1.2242 	 0.5868 	 1.7196 	 	 0.3467
[2022/07/17 02:36:59] - 39 	 161.1 	 	 55.4 	 	 0.1000 	 1.2983 	 0.5815 	 1.7475 	 	 0.3434 	 	 1.2698 	 0.5963 	 1.7029 	 	 0.3692
[2022/07/17 02:40:43] - 40 	 165.7 	 	 58.2 	 	 0.1000 	 1.2917 	 0.5873 	 1.7430 	 	 0.3455 	 	 1.2628 	 0.5709 	 1.7099 	 	 0.3518
[2022/07/17 02:44:23] - 41 	 164.7 	 	 55.4 	 	 0.1000 	 1.2813 	 0.5921 	 1.7373 	 	 0.3450 	 	 1.2631 	 0.5894 	 1.6890 	 	 0.3671
[2022/07/17 02:48:05] - 42 	 163.7 	 	 58.5 	 	 0.1000 	 1.2864 	 0.5865 	 1.7383 	 	 0.3475 	 	 1.2683 	 0.5934 	 1.6947 	 	 0.3688
[2022/07/17 02:51:54] - 43 	 170.8 	 	 57.6 	 	 0.1000 	 1.2847 	 0.5900 	 1.7394 	 	 0.3467 	 	 1.2716 	 0.5648 	 1.7127 	 	 0.3644
[2022/07/17 02:55:36] - 44 	 167.2 	 	 55.5 	 	 0.1000 	 1.2895 	 0.5854 	 1.7404 	 	 0.3453 	 	 1.2539 	 0.5987 	 1.6957 	 	 0.3615
[2022/07/17 02:59:18] - 45 	 164.6 	 	 57.5 	 	 0.1000 	 1.2832 	 0.5916 	 1.7378 	 	 0.3459 	 	 1.2705 	 0.5550 	 1.7056 	 	 0.3633
[2022/07/17 03:03:05] - 46 	 171.8 	 	 55.2 	 	 0.1000 	 1.2777 	 0.5962 	 1.7337 	 	 0.3469 	 	 1.2791 	 0.6134 	 1.6980 	 	 0.3721
[2022/07/17 03:06:46] - 47 	 164.7 	 	 55.7 	 	 0.1000 	 1.2785 	 0.5927 	 1.7349 	 	 0.3492 	 	 1.2566 	 0.5606 	 1.6910 	 	 0.3705
[2022/07/17 03:10:25] - 48 	 162.2 	 	 56.6 	 	 0.1000 	 1.2765 	 0.5956 	 1.7363 	 	 0.3458 	 	 1.2421 	 0.5852 	 1.6957 	 	 0.3649
[2022/07/17 03:14:08] - 49 	 167.8 	 	 55.2 	 	 0.0100 	 1.2773 	 0.5913 	 1.7329 	 	 0.3467 	 	 1.2559 	 0.6010 	 1.7017 	 	 0.3653
[2022/07/17 03:17:49] - 50 	 164.7 	 	 55.9 	 	 0.0100 	 1.1705 	 0.6369 	 1.6127 	 	 0.3872 	 	 1.0716 	 0.6531 	 1.5759 	 	 0.4049
[2022/07/17 03:21:30] - 51 	 165.5 	 	 55.4 	 	 0.0100 	 1.1144 	 0.6555 	 1.5745 	 	 0.4007 	 	 1.0916 	 0.6497 	 1.5716 	 	 0.4135
[2022/07/17 03:25:11] - 52 	 163.1 	 	 57.6 	 	 0.0100 	 1.0970 	 0.6619 	 1.5611 	 	 0.4071 	 	 1.0408 	 0.6765 	 1.5584 	 	 0.4130
[2022/07/17 03:28:54] - 53 	 167.7 	 	 55.5 	 	 0.0100 	 1.0826 	 0.6676 	 1.5509 	 	 0.4093 	 	 1.0347 	 0.6774 	 1.5413 	 	 0.4241
[2022/07/17 03:32:32] - 54 	 162.3 	 	 55.2 	 	 0.0100 	 1.0708 	 0.6727 	 1.5430 	 	 0.4116 	 	 1.0582 	 0.6725 	 1.5589 	 	 0.4196
[2022/07/17 03:36:10] - 55 	 162.7 	 	 55.0 	 	 0.0100 	 1.0644 	 0.6764 	 1.5392 	 	 0.4154 	 	 1.0245 	 0.6737 	 1.5491 	 	 0.4173
[2022/07/17 03:39:51] - 56 	 165.8 	 	 55.2 	 	 0.0100 	 1.0571 	 0.6767 	 1.5333 	 	 0.4146 	 	 1.0438 	 0.6679 	 1.5555 	 	 0.4161
[2022/07/17 03:43:28] - 57 	 162.2 	 	 55.0 	 	 0.0100 	 1.0499 	 0.6811 	 1.5287 	 	 0.4155 	 	 1.0281 	 0.6684 	 1.5522 	 	 0.4165
[2022/07/17 03:47:07] - 58 	 163.9 	 	 55.3 	 	 0.0100 	 1.0393 	 0.6848 	 1.5218 	 	 0.4186 	 	 1.0260 	 0.6839 	 1.5496 	 	 0.4201
[2022/07/17 03:50:46] - 59 	 163.4 	 	 55.3 	 	 0.0100 	 1.0356 	 0.6869 	 1.5173 	 	 0.4218 	 	 1.0121 	 0.6765 	 1.5537 	 	 0.4196
[2022/07/17 03:54:24] - 60 	 162.9 	 	 55.0 	 	 0.0100 	 1.0330 	 0.6873 	 1.5164 	 	 0.4213 	 	 1.0065 	 0.6794 	 1.5599 	 	 0.4189
[2022/07/17 03:58:05] - 61 	 164.3 	 	 56.2 	 	 0.0100 	 1.0256 	 0.6913 	 1.5151 	 	 0.4220 	 	 0.9996 	 0.6886 	 1.5536 	 	 0.4148
[2022/07/17 04:01:47] - 62 	 166.2 	 	 55.7 	 	 0.0100 	 1.0202 	 0.6922 	 1.5089 	 	 0.4201 	 	 1.0014 	 0.6888 	 1.5542 	 	 0.4115
[2022/07/17 04:05:27] - 63 	 164.3 	 	 55.8 	 	 0.0100 	 1.0172 	 0.6944 	 1.5074 	 	 0.4228 	 	 1.0008 	 0.6820 	 1.5721 	 	 0.4118
[2022/07/17 04:09:06] - 64 	 163.7 	 	 55.7 	 	 0.0100 	 1.0132 	 0.6980 	 1.5046 	 	 0.4238 	 	 1.0034 	 0.6895 	 1.5484 	 	 0.4172
[2022/07/17 04:12:46] - 65 	 164.0 	 	 55.9 	 	 0.0100 	 1.0085 	 0.6961 	 1.5026 	 	 0.4252 	 	 1.0095 	 0.6867 	 1.5553 	 	 0.4176
[2022/07/17 04:16:26] - 66 	 164.2 	 	 55.6 	 	 0.0100 	 1.0028 	 0.7018 	 1.4980 	 	 0.4267 	 	 0.9730 	 0.6953 	 1.5666 	 	 0.4118
[2022/07/17 04:20:06] - 67 	 164.0 	 	 55.9 	 	 0.0100 	 0.9970 	 0.7030 	 1.4936 	 	 0.4248 	 	 1.0202 	 0.6841 	 1.5702 	 	 0.4205
[2022/07/17 04:23:46] - 68 	 164.7 	 	 55.4 	 	 0.0100 	 0.9979 	 0.7023 	 1.4960 	 	 0.4247 	 	 1.0011 	 0.6900 	 1.5430 	 	 0.4272
[2022/07/17 04:27:28] - 69 	 165.3 	 	 56.1 	 	 0.0100 	 0.9927 	 0.7054 	 1.4904 	 	 0.4297 	 	 1.0012 	 0.6762 	 1.5511 	 	 0.4209
[2022/07/17 04:31:09] - 70 	 165.3 	 	 55.8 	 	 0.0100 	 0.9935 	 0.7043 	 1.4920 	 	 0.4270 	 	 0.9981 	 0.6963 	 1.5731 	 	 0.4082
[2022/07/17 04:34:50] - 71 	 164.5 	 	 55.9 	 	 0.0100 	 0.9852 	 0.7083 	 1.4886 	 	 0.4283 	 	 0.9799 	 0.7011 	 1.5502 	 	 0.4165
[2022/07/17 04:38:30] - 72 	 165.7 	 	 55.0 	 	 0.0100 	 0.9831 	 0.7085 	 1.4850 	 	 0.4300 	 	 0.9983 	 0.6873 	 1.5460 	 	 0.4285
[2022/07/17 04:42:06] - 73 	 159.0 	 	 55.8 	 	 0.0100 	 0.9816 	 0.7102 	 1.4858 	 	 0.4299 	 	 1.0110 	 0.6703 	 1.5800 	 	 0.4164
[2022/07/17 04:45:46] - 74 	 164.3 	 	 55.7 	 	 0.0010 	 0.9830 	 0.7101 	 1.4847 	 	 0.4284 	 	 1.0071 	 0.7028 	 1.5566 	 	 0.4186
[2022/07/17 04:49:26] - 75 	 164.4 	 	 56.1 	 	 0.0010 	 0.9552 	 0.7222 	 1.4235 	 	 0.4519 	 	 0.9572 	 0.7058 	 1.5178 	 	 0.4294
[2022/07/17 04:53:08] - 76 	 165.8 	 	 55.7 	 	 0.0010 	 0.9253 	 0.7308 	 1.4014 	 	 0.4557 	 	 0.9393 	 0.7122 	 1.5140 	 	 0.4332
[2022/07/17 04:56:49] - 77 	 165.6 	 	 55.2 	 	 0.0010 	 0.9130 	 0.7353 	 1.3953 	 	 0.4574 	 	 0.9206 	 0.7117 	 1.5402 	 	 0.4185
[2022/07/17 05:00:41] - 78 	 174.4 	 	 57.1 	 	 0.0010 	 0.9028 	 0.7380 	 1.3880 	 	 0.4565 	 	 0.9501 	 0.7035 	 1.5258 	 	 0.4282
[2022/07/17 05:04:23] - 79 	 166.4 	 	 55.3 	 	 0.0010 	 0.8942 	 0.7415 	 1.3806 	 	 0.4618 	 	 0.8933 	 0.7187 	 1.5360 	 	 0.4241
[2022/07/17 05:08:07] - 80 	 168.6 	 	 55.8 	 	 0.0010 	 0.8886 	 0.7419 	 1.3768 	 	 0.4624 	 	 0.8860 	 0.7189 	 1.5344 	 	 0.4216
[2022/07/17 05:11:46] - 81 	 163.2 	 	 55.3 	 	 0.0010 	 0.8828 	 0.7432 	 1.3725 	 	 0.4627 	 	 0.9085 	 0.7200 	 1.5296 	 	 0.4255
[2022/07/17 05:15:24] - 82 	 163.3 	 	 55.0 	 	 0.0010 	 0.8784 	 0.7461 	 1.3695 	 	 0.4644 	 	 0.9258 	 0.7060 	 1.5341 	 	 0.4246
[2022/07/17 05:19:03] - 83 	 163.5 	 	 55.2 	 	 0.0010 	 0.8727 	 0.7499 	 1.3639 	 	 0.4668 	 	 0.9057 	 0.7102 	 1.5493 	 	 0.4255
[2022/07/17 05:22:41] - 84 	 162.8 	 	 55.3 	 	 0.0010 	 0.8693 	 0.7505 	 1.3627 	 	 0.4635 	 	 0.9156 	 0.7051 	 1.5301 	 	 0.4331
[2022/07/17 05:26:18] - 85 	 162.3 	 	 55.0 	 	 0.0010 	 0.8686 	 0.7506 	 1.3624 	 	 0.4653 	 	 0.9196 	 0.7151 	 1.5379 	 	 0.4284
[2022/07/17 05:29:55] - 86 	 162.1 	 	 55.0 	 	 0.0010 	 0.8647 	 0.7496 	 1.3587 	 	 0.4677 	 	 0.8857 	 0.7155 	 1.5418 	 	 0.4261
[2022/07/17 05:33:37] - 87 	 166.5 	 	 55.1 	 	 0.0010 	 0.8624 	 0.7514 	 1.3562 	 	 0.4695 	 	 0.9235 	 0.7088 	 1.5471 	 	 0.4245
[2022/07/17 05:37:14] - 88 	 162.3 	 	 54.9 	 	 0.0010 	 0.8561 	 0.7547 	 1.3520 	 	 0.4678 	 	 0.8772 	 0.7267 	 1.5625 	 	 0.4180
[2022/07/17 05:40:51] - 89 	 162.3 	 	 55.0 	 	 0.0010 	 0.8566 	 0.7522 	 1.3518 	 	 0.4703 	 	 0.9046 	 0.7179 	 1.5588 	 	 0.4230
[2022/07/17 05:44:30] - 90 	 162.8 	 	 55.3 	 	 0.0010 	 0.8499 	 0.7548 	 1.3457 	 	 0.4714 	 	 0.8783 	 0.7196 	 1.5569 	 	 0.4185
[2022/07/17 05:48:23] - 91 	 175.5 	 	 57.7 	 	 0.0010 	 0.8493 	 0.7560 	 1.3476 	 	 0.4698 	 	 0.8908 	 0.7173 	 1.5434 	 	 0.4240
[2022/07/17 05:52:17] - 92 	 172.8 	 	 61.5 	 	 0.0010 	 0.8462 	 0.7578 	 1.3447 	 	 0.4715 	 	 0.9032 	 0.7193 	 1.5412 	 	 0.4264
[2022/07/17 05:56:04] - 93 	 169.7 	 	 57.0 	 	 0.0010 	 0.8421 	 0.7584 	 1.3405 	 	 0.4722 	 	 0.9131 	 0.7193 	 1.5357 	 	 0.4327
[2022/07/17 05:59:52] - 94 	 172.0 	 	 56.7 	 	 0.0010 	 0.8388 	 0.7599 	 1.3355 	 	 0.4731 	 	 0.9084 	 0.7150 	 1.5461 	 	 0.4251
[2022/07/17 06:03:39] - 95 	 167.8 	 	 58.6 	 	 0.0010 	 0.8383 	 0.7587 	 1.3389 	 	 0.4700 	 	 0.8641 	 0.7251 	 1.5643 	 	 0.4180
[2022/07/17 06:07:17] - 96 	 163.5 	 	 55.0 	 	 0.0010 	 0.8345 	 0.7617 	 1.3343 	 	 0.4721 	 	 0.9008 	 0.7198 	 1.5385 	 	 0.4294
[2022/07/17 06:10:55] - 97 	 162.6 	 	 55.1 	 	 0.0010 	 0.8320 	 0.7611 	 1.3313 	 	 0.4757 	 	 0.8782 	 0.7151 	 1.5793 	 	 0.4159
[2022/07/17 06:14:35] - 98 	 164.9 	 	 55.1 	 	 0.0010 	 0.8265 	 0.7652 	 1.3270 	 	 0.4762 	 	 0.8718 	 0.7224 	 1.5549 	 	 0.4217
[2022/07/17 06:18:12] - 99 	 162.3 	 	 55.0 	 	 0.0010 	 0.8259 	 0.7651 	 1.3278 	 	 0.4733 	 	 0.8668 	 0.7271 	 1.5690 	 	 0.4176
