[2022/07/17 00:03:31] - Namespace(attack='none', attack_iters=10, batch_size=128, chkpt_iters=10, cutout=False, cutout_len=None, data_dir='../../cifar-data', epochs=100, epsilon=8, eval=False, fgsm_alpha=1.25, fgsm_init='random', fname='./results/716_16_nt_res18se/', half=False, l1=0, l2=0, lr_drop_epoch=100, lr_max=0.1, lr_one_drop=0.01, lr_schedule='piecewise', mixup=False, mixup_alpha=None, model='res18_se', norm='l_inf', pgd_alpha=2, restarts=1, resume=0, seed=0, val=False, width_factor=10)
[2022/07/17 00:03:40] - Epoch 	 Train Time 	 Test Time 	 LR 	 	 Train Loss 	 Train Acc 	 Train Robust Loss 	 Train Robust Acc 	 Test Loss 	 Test Acc 	 Test Robust Loss 	 Test Robust Acc
[2022/07/17 00:03:56] - 0 	 14.2 	 	 1.5 	 	 0.1000 	 1.5307 	 0.4513 	 1.6627 	 	 0.4134 	 	 1.3192 	 0.5218 	 1.3192 	 	 0.5218
[2022/07/17 00:04:12] - 1 	 14.3 	 	 1.9 	 	 0.1000 	 1.1669 	 0.5826 	 1.2558 	 	 0.5501 	 	 1.0793 	 0.6111 	 1.0793 	 	 0.6111
[2022/07/17 00:04:28] - 2 	 13.8 	 	 1.4 	 	 0.1000 	 0.9989 	 0.6456 	 1.0985 	 	 0.6073 	 	 1.0322 	 0.6353 	 1.0322 	 	 0.6353
[2022/07/17 00:04:44] - 3 	 14.6 	 	 1.4 	 	 0.1000 	 0.8942 	 0.6856 	 1.0000 	 	 0.6436 	 	 1.0878 	 0.6274 	 1.0878 	 	 0.6274
[2022/07/17 00:04:58] - 4 	 12.8 	 	 1.4 	 	 0.1000 	 0.8221 	 0.7144 	 0.9358 	 	 0.6698 	 	 0.8800 	 0.6853 	 0.8800 	 	 0.6853
[2022/07/17 00:05:15] - 5 	 14.9 	 	 1.4 	 	 0.1000 	 0.7662 	 0.7366 	 0.8894 	 	 0.6887 	 	 0.8940 	 0.6892 	 0.8940 	 	 0.6892
[2022/07/17 00:05:30] - 6 	 13.9 	 	 1.4 	 	 0.1000 	 0.7316 	 0.7491 	 0.8589 	 	 0.6977 	 	 0.8351 	 0.7164 	 0.8351 	 	 0.7164
[2022/07/17 00:05:46] - 7 	 14.3 	 	 1.4 	 	 0.1000 	 0.6875 	 0.7684 	 0.8157 	 	 0.7167 	 	 0.8338 	 0.7128 	 0.8338 	 	 0.7128
[2022/07/17 00:06:02] - 8 	 13.9 	 	 1.4 	 	 0.1000 	 0.6691 	 0.7753 	 0.8009 	 	 0.7230 	 	 0.7686 	 0.7366 	 0.7686 	 	 0.7366
[2022/07/17 00:06:18] - 9 	 14.3 	 	 1.4 	 	 0.1000 	 0.6441 	 0.7842 	 0.7772 	 	 0.7302 	 	 0.7758 	 0.7350 	 0.7758 	 	 0.7350
[2022/07/17 00:06:33] - 10 	 13.7 	 	 1.3 	 	 0.1000 	 0.6320 	 0.7906 	 0.7693 	 	 0.7348 	 	 0.7358 	 0.7474 	 0.7358 	 	 0.7474
[2022/07/17 00:06:49] - 11 	 14.3 	 	 1.3 	 	 0.1000 	 0.6162 	 0.7959 	 0.7556 	 	 0.7383 	 	 0.7371 	 0.7464 	 0.7371 	 	 0.7464
[2022/07/17 00:07:04] - 12 	 13.7 	 	 1.4 	 	 0.1000 	 0.6030 	 0.7996 	 0.7429 	 	 0.7420 	 	 0.7997 	 0.7209 	 0.7997 	 	 0.7209
[2022/07/17 00:07:19] - 13 	 14.1 	 	 1.4 	 	 0.1000 	 0.5899 	 0.8057 	 0.7306 	 	 0.7470 	 	 0.7503 	 0.7359 	 0.7503 	 	 0.7359
[2022/07/17 00:07:34] - 14 	 13.7 	 	 1.3 	 	 0.1000 	 0.5856 	 0.8066 	 0.7295 	 	 0.7490 	 	 0.7448 	 0.7428 	 0.7448 	 	 0.7428
[2022/07/17 00:07:50] - 15 	 14.3 	 	 1.4 	 	 0.1000 	 0.5720 	 0.8137 	 0.7138 	 	 0.7529 	 	 0.7343 	 0.7452 	 0.7343 	 	 0.7452
[2022/07/17 00:08:05] - 16 	 13.8 	 	 1.5 	 	 0.1000 	 0.5673 	 0.8138 	 0.7110 	 	 0.7546 	 	 0.7902 	 0.7314 	 0.7902 	 	 0.7314
[2022/07/17 00:08:21] - 17 	 14.2 	 	 1.5 	 	 0.1000 	 0.5631 	 0.8166 	 0.7079 	 	 0.7562 	 	 0.7223 	 0.7493 	 0.7223 	 	 0.7493
[2022/07/17 00:08:36] - 18 	 13.7 	 	 1.5 	 	 0.1000 	 0.5584 	 0.8162 	 0.7017 	 	 0.7593 	 	 0.6825 	 0.7587 	 0.6825 	 	 0.7587
[2022/07/17 00:08:52] - 19 	 14.3 	 	 1.4 	 	 0.1000 	 0.5484 	 0.8225 	 0.6933 	 	 0.7630 	 	 0.7771 	 0.7359 	 0.7771 	 	 0.7359
[2022/07/17 00:09:07] - 20 	 13.6 	 	 1.4 	 	 0.1000 	 0.5445 	 0.8234 	 0.6942 	 	 0.7594 	 	 0.7620 	 0.7372 	 0.7620 	 	 0.7372
[2022/07/17 00:09:22] - 21 	 13.4 	 	 1.3 	 	 0.1000 	 0.5390 	 0.8229 	 0.6860 	 	 0.7630 	 	 0.7128 	 0.7526 	 0.7128 	 	 0.7526
[2022/07/17 00:09:37] - 22 	 13.7 	 	 1.5 	 	 0.1000 	 0.5344 	 0.8268 	 0.6832 	 	 0.7661 	 	 0.6966 	 0.7633 	 0.6966 	 	 0.7633
[2022/07/17 00:09:54] - 23 	 14.7 	 	 1.4 	 	 0.1000 	 0.5294 	 0.8275 	 0.6761 	 	 0.7682 	 	 0.7714 	 0.7391 	 0.7714 	 	 0.7391
[2022/07/17 00:10:09] - 24 	 13.8 	 	 1.5 	 	 0.1000 	 0.5302 	 0.8294 	 0.6794 	 	 0.7664 	 	 0.6660 	 0.7718 	 0.6660 	 	 0.7718
[2022/07/17 00:10:25] - 25 	 14.3 	 	 1.3 	 	 0.1000 	 0.5292 	 0.8296 	 0.6798 	 	 0.7680 	 	 0.7485 	 0.7497 	 0.7485 	 	 0.7497
[2022/07/17 00:10:40] - 26 	 13.7 	 	 1.4 	 	 0.1000 	 0.5283 	 0.8288 	 0.6762 	 	 0.7683 	 	 0.7234 	 0.7509 	 0.7234 	 	 0.7509
[2022/07/17 00:10:56] - 27 	 14.1 	 	 1.4 	 	 0.1000 	 0.5188 	 0.8326 	 0.6698 	 	 0.7700 	 	 0.7581 	 0.7464 	 0.7581 	 	 0.7464
[2022/07/17 00:11:10] - 28 	 13.1 	 	 1.3 	 	 0.1000 	 0.5154 	 0.8316 	 0.6648 	 	 0.7706 	 	 0.6591 	 0.7796 	 0.6591 	 	 0.7796
[2022/07/17 00:11:26] - 29 	 14.1 	 	 1.3 	 	 0.1000 	 0.5168 	 0.8341 	 0.6652 	 	 0.7712 	 	 0.6747 	 0.7710 	 0.6747 	 	 0.7710
[2022/07/17 00:11:41] - 30 	 13.6 	 	 1.5 	 	 0.1000 	 0.5106 	 0.8356 	 0.6620 	 	 0.7730 	 	 0.7123 	 0.7561 	 0.7123 	 	 0.7561
[2022/07/17 00:11:56] - 31 	 13.4 	 	 1.4 	 	 0.1000 	 0.5075 	 0.8381 	 0.6589 	 	 0.7738 	 	 0.6658 	 0.7692 	 0.6658 	 	 0.7692
[2022/07/17 00:12:11] - 32 	 13.6 	 	 1.4 	 	 0.1000 	 0.5144 	 0.8349 	 0.6659 	 	 0.7706 	 	 0.6878 	 0.7664 	 0.6878 	 	 0.7664
[2022/07/17 00:12:25] - 33 	 12.8 	 	 1.4 	 	 0.1000 	 0.5143 	 0.8340 	 0.6663 	 	 0.7711 	 	 0.7543 	 0.7449 	 0.7543 	 	 0.7449
[2022/07/17 00:12:40] - 34 	 13.9 	 	 1.4 	 	 0.1000 	 0.5130 	 0.8344 	 0.6663 	 	 0.7700 	 	 0.7091 	 0.7604 	 0.7091 	 	 0.7604
[2022/07/17 00:12:56] - 35 	 14.2 	 	 1.5 	 	 0.1000 	 0.5023 	 0.8386 	 0.6534 	 	 0.7764 	 	 0.6751 	 0.7675 	 0.6751 	 	 0.7675
[2022/07/17 00:13:11] - 36 	 13.7 	 	 1.4 	 	 0.1000 	 0.5001 	 0.8402 	 0.6520 	 	 0.7760 	 	 0.6622 	 0.7714 	 0.6622 	 	 0.7714
[2022/07/17 00:13:27] - 37 	 14.5 	 	 1.4 	 	 0.1000 	 0.5071 	 0.8375 	 0.6591 	 	 0.7734 	 	 0.6653 	 0.7752 	 0.6653 	 	 0.7752
[2022/07/17 00:13:42] - 38 	 13.8 	 	 1.4 	 	 0.1000 	 0.5010 	 0.8381 	 0.6522 	 	 0.7752 	 	 0.6521 	 0.7766 	 0.6521 	 	 0.7766
[2022/07/17 00:13:58] - 39 	 14.2 	 	 1.5 	 	 0.1000 	 0.5001 	 0.8396 	 0.6535 	 	 0.7755 	 	 0.7113 	 0.7530 	 0.7113 	 	 0.7530
[2022/07/17 00:14:13] - 40 	 13.8 	 	 1.4 	 	 0.1000 	 0.5027 	 0.8391 	 0.6559 	 	 0.7742 	 	 0.6269 	 0.7846 	 0.6269 	 	 0.7846
[2022/07/17 00:14:29] - 41 	 13.9 	 	 1.4 	 	 0.1000 	 0.4938 	 0.8432 	 0.6476 	 	 0.7782 	 	 0.7099 	 0.7562 	 0.7099 	 	 0.7562
[2022/07/17 00:14:44] - 42 	 13.9 	 	 1.4 	 	 0.1000 	 0.4958 	 0.8404 	 0.6508 	 	 0.7750 	 	 0.7348 	 0.7559 	 0.7348 	 	 0.7559
[2022/07/17 00:15:00] - 43 	 14.1 	 	 1.7 	 	 0.1000 	 0.4953 	 0.8414 	 0.6478 	 	 0.7768 	 	 0.6972 	 0.7633 	 0.6972 	 	 0.7633
[2022/07/17 00:15:15] - 44 	 13.8 	 	 1.4 	 	 0.1000 	 0.4934 	 0.8408 	 0.6467 	 	 0.7777 	 	 0.6722 	 0.7737 	 0.6722 	 	 0.7737
[2022/07/17 00:15:30] - 45 	 13.2 	 	 1.8 	 	 0.1000 	 0.4903 	 0.8420 	 0.6420 	 	 0.7793 	 	 0.7045 	 0.7667 	 0.7045 	 	 0.7667
[2022/07/17 00:15:43] - 46 	 11.4 	 	 1.4 	 	 0.1000 	 0.4927 	 0.8439 	 0.6460 	 	 0.7799 	 	 0.6679 	 0.7739 	 0.6679 	 	 0.7739
[2022/07/17 00:15:57] - 47 	 13.0 	 	 1.4 	 	 0.1000 	 0.4977 	 0.8411 	 0.6525 	 	 0.7771 	 	 0.6632 	 0.7756 	 0.6632 	 	 0.7756
[2022/07/17 00:16:13] - 48 	 14.4 	 	 1.4 	 	 0.1000 	 0.4872 	 0.8444 	 0.6390 	 	 0.7803 	 	 0.6293 	 0.7843 	 0.6293 	 	 0.7843
[2022/07/17 00:16:28] - 49 	 13.7 	 	 1.4 	 	 0.0100 	 0.4921 	 0.8412 	 0.6448 	 	 0.7772 	 	 0.6388 	 0.7819 	 0.6388 	 	 0.7819
[2022/07/17 00:16:44] - 50 	 14.3 	 	 1.4 	 	 0.0100 	 0.4402 	 0.8514 	 0.4556 	 	 0.8454 	 	 0.4563 	 0.8476 	 0.4563 	 	 0.8476
[2022/07/17 00:17:00] - 51 	 14.1 	 	 1.5 	 	 0.0100 	 0.3832 	 0.8690 	 0.4007 	 	 0.8623 	 	 0.4394 	 0.8542 	 0.4394 	 	 0.8542
[2022/07/17 00:17:15] - 52 	 14.1 	 	 1.4 	 	 0.0100 	 0.3538 	 0.8779 	 0.3734 	 	 0.8709 	 	 0.4243 	 0.8573 	 0.4243 	 	 0.8573
[2022/07/17 00:17:31] - 53 	 13.7 	 	 1.4 	 	 0.0100 	 0.3348 	 0.8858 	 0.3561 	 	 0.8778 	 	 0.4216 	 0.8583 	 0.4216 	 	 0.8583
[2022/07/17 00:17:47] - 54 	 14.9 	 	 1.4 	 	 0.0100 	 0.3183 	 0.8918 	 0.3417 	 	 0.8829 	 	 0.4238 	 0.8585 	 0.4238 	 	 0.8585
[2022/07/17 00:18:04] - 55 	 14.9 	 	 1.8 	 	 0.0100 	 0.3007 	 0.8973 	 0.3267 	 	 0.8867 	 	 0.4165 	 0.8585 	 0.4165 	 	 0.8585
[2022/07/17 00:18:20] - 56 	 14.4 	 	 1.5 	 	 0.0100 	 0.2921 	 0.9003 	 0.3202 	 	 0.8890 	 	 0.4083 	 0.8674 	 0.4083 	 	 0.8674
[2022/07/17 00:18:37] - 57 	 15.0 	 	 1.4 	 	 0.0100 	 0.2800 	 0.9040 	 0.3101 	 	 0.8919 	 	 0.4189 	 0.8636 	 0.4189 	 	 0.8636
[2022/07/17 00:18:53] - 58 	 14.3 	 	 1.7 	 	 0.0100 	 0.2731 	 0.9082 	 0.3055 	 	 0.8946 	 	 0.4208 	 0.8589 	 0.4208 	 	 0.8589
[2022/07/17 00:19:09] - 59 	 14.8 	 	 1.3 	 	 0.0100 	 0.2632 	 0.9108 	 0.2977 	 	 0.8967 	 	 0.4197 	 0.8623 	 0.4197 	 	 0.8623
[2022/07/17 00:19:25] - 60 	 14.2 	 	 1.6 	 	 0.0100 	 0.2482 	 0.9159 	 0.2848 	 	 0.9009 	 	 0.4176 	 0.8630 	 0.4176 	 	 0.8630
[2022/07/17 00:19:41] - 61 	 14.8 	 	 1.5 	 	 0.0100 	 0.2423 	 0.9190 	 0.2814 	 	 0.9022 	 	 0.4164 	 0.8623 	 0.4164 	 	 0.8623
[2022/07/17 00:19:57] - 62 	 14.2 	 	 1.5 	 	 0.0100 	 0.2377 	 0.9217 	 0.2796 	 	 0.9038 	 	 0.4164 	 0.8630 	 0.4164 	 	 0.8630
[2022/07/17 00:20:13] - 63 	 15.0 	 	 1.4 	 	 0.0100 	 0.2295 	 0.9242 	 0.2736 	 	 0.9052 	 	 0.4235 	 0.8635 	 0.4235 	 	 0.8635
[2022/07/17 00:20:29] - 64 	 14.3 	 	 1.4 	 	 0.0100 	 0.2277 	 0.9255 	 0.2739 	 	 0.9055 	 	 0.4227 	 0.8612 	 0.4227 	 	 0.8612
[2022/07/17 00:20:45] - 65 	 14.8 	 	 1.5 	 	 0.0100 	 0.2186 	 0.9281 	 0.2662 	 	 0.9079 	 	 0.4358 	 0.8592 	 0.4358 	 	 0.8592
[2022/07/17 00:21:01] - 66 	 14.2 	 	 2.0 	 	 0.0100 	 0.2133 	 0.9303 	 0.2638 	 	 0.9079 	 	 0.4393 	 0.8597 	 0.4393 	 	 0.8597
[2022/07/17 00:21:18] - 67 	 15.2 	 	 1.4 	 	 0.0100 	 0.2088 	 0.9330 	 0.2619 	 	 0.9088 	 	 0.4379 	 0.8576 	 0.4379 	 	 0.8576
[2022/07/17 00:21:34] - 68 	 13.8 	 	 2.0 	 	 0.0100 	 0.2057 	 0.9337 	 0.2589 	 	 0.9103 	 	 0.4246 	 0.8655 	 0.4246 	 	 0.8655
[2022/07/17 00:21:49] - 69 	 13.9 	 	 1.4 	 	 0.0100 	 0.1978 	 0.9367 	 0.2556 	 	 0.9109 	 	 0.4226 	 0.8652 	 0.4226 	 	 0.8652
[2022/07/17 00:22:05] - 70 	 13.9 	 	 1.9 	 	 0.0100 	 0.1942 	 0.9372 	 0.2539 	 	 0.9104 	 	 0.4317 	 0.8628 	 0.4317 	 	 0.8628
[2022/07/17 00:22:22] - 71 	 14.8 	 	 1.6 	 	 0.0100 	 0.1954 	 0.9376 	 0.2564 	 	 0.9107 	 	 0.4304 	 0.8611 	 0.4304 	 	 0.8611
[2022/07/17 00:22:37] - 72 	 13.9 	 	 1.9 	 	 0.0100 	 0.1915 	 0.9400 	 0.2541 	 	 0.9119 	 	 0.4586 	 0.8567 	 0.4586 	 	 0.8567
[2022/07/17 00:22:53] - 73 	 14.3 	 	 1.4 	 	 0.0100 	 0.1861 	 0.9415 	 0.2494 	 	 0.9127 	 	 0.4517 	 0.8566 	 0.4517 	 	 0.8566
[2022/07/17 00:23:06] - 74 	 11.9 	 	 1.4 	 	 0.0010 	 0.1906 	 0.9398 	 0.2572 	 	 0.9090 	 	 0.4420 	 0.8569 	 0.4420 	 	 0.8569
[2022/07/17 00:23:23] - 75 	 15.4 	 	 1.6 	 	 0.0010 	 0.1925 	 0.9338 	 0.1981 	 	 0.9318 	 	 0.3881 	 0.8742 	 0.3881 	 	 0.8742
[2022/07/17 00:23:39] - 76 	 14.1 	 	 1.5 	 	 0.0010 	 0.1703 	 0.9421 	 0.1756 	 	 0.9397 	 	 0.3870 	 0.8757 	 0.3870 	 	 0.8757
[2022/07/17 00:23:55] - 77 	 13.8 	 	 1.5 	 	 0.0010 	 0.1578 	 0.9477 	 0.1631 	 	 0.9457 	 	 0.3846 	 0.8794 	 0.3846 	 	 0.8794
[2022/07/17 00:24:11] - 78 	 14.6 	 	 1.4 	 	 0.0010 	 0.1517 	 0.9493 	 0.1571 	 	 0.9470 	 	 0.3884 	 0.8781 	 0.3884 	 	 0.8781
[2022/07/17 00:24:27] - 79 	 14.8 	 	 1.5 	 	 0.0010 	 0.1491 	 0.9506 	 0.1549 	 	 0.9481 	 	 0.3886 	 0.8802 	 0.3886 	 	 0.8802
[2022/07/17 00:24:44] - 80 	 14.8 	 	 1.4 	 	 0.0010 	 0.1430 	 0.9526 	 0.1487 	 	 0.9502 	 	 0.3924 	 0.8767 	 0.3924 	 	 0.8767
[2022/07/17 00:24:59] - 81 	 13.9 	 	 1.5 	 	 0.0010 	 0.1373 	 0.9540 	 0.1431 	 	 0.9512 	 	 0.3908 	 0.8780 	 0.3908 	 	 0.8780
[2022/07/17 00:25:15] - 82 	 14.4 	 	 1.4 	 	 0.0010 	 0.1360 	 0.9552 	 0.1420 	 	 0.9523 	 	 0.3941 	 0.8794 	 0.3941 	 	 0.8794
[2022/07/17 00:25:31] - 83 	 13.9 	 	 1.4 	 	 0.0010 	 0.1308 	 0.9574 	 0.1370 	 	 0.9547 	 	 0.3897 	 0.8824 	 0.3897 	 	 0.8824
[2022/07/17 00:25:47] - 84 	 14.4 	 	 1.5 	 	 0.0010 	 0.1270 	 0.9584 	 0.1331 	 	 0.9558 	 	 0.3964 	 0.8806 	 0.3964 	 	 0.8806
[2022/07/17 00:26:02] - 85 	 13.6 	 	 1.4 	 	 0.0010 	 0.1273 	 0.9588 	 0.1338 	 	 0.9563 	 	 0.4015 	 0.8810 	 0.4015 	 	 0.8810
[2022/07/17 00:26:17] - 86 	 13.6 	 	 1.4 	 	 0.0010 	 0.1266 	 0.9587 	 0.1332 	 	 0.9555 	 	 0.4018 	 0.8790 	 0.4018 	 	 0.8790
[2022/07/17 00:26:31] - 87 	 13.3 	 	 1.4 	 	 0.0010 	 0.1185 	 0.9612 	 0.1250 	 	 0.9584 	 	 0.4017 	 0.8801 	 0.4017 	 	 0.8801
[2022/07/17 00:26:47] - 88 	 14.2 	 	 1.4 	 	 0.0010 	 0.1182 	 0.9605 	 0.1250 	 	 0.9575 	 	 0.4046 	 0.8791 	 0.4046 	 	 0.8791
[2022/07/17 00:27:02] - 89 	 13.5 	 	 1.7 	 	 0.0010 	 0.1154 	 0.9622 	 0.1223 	 	 0.9588 	 	 0.3998 	 0.8786 	 0.3998 	 	 0.8786
[2022/07/17 00:27:19] - 90 	 15.8 	 	 1.4 	 	 0.0010 	 0.1110 	 0.9636 	 0.1179 	 	 0.9607 	 	 0.4090 	 0.8782 	 0.4090 	 	 0.8782
[2022/07/17 00:27:34] - 91 	 13.5 	 	 1.4 	 	 0.0010 	 0.1101 	 0.9636 	 0.1171 	 	 0.9604 	 	 0.4130 	 0.8793 	 0.4130 	 	 0.8793
[2022/07/17 00:27:49] - 92 	 13.0 	 	 1.4 	 	 0.0010 	 0.1102 	 0.9644 	 0.1174 	 	 0.9610 	 	 0.4128 	 0.8803 	 0.4128 	 	 0.8803
[2022/07/17 00:28:04] - 93 	 13.4 	 	 1.4 	 	 0.0010 	 0.1057 	 0.9656 	 0.1129 	 	 0.9627 	 	 0.4136 	 0.8786 	 0.4136 	 	 0.8786
[2022/07/17 00:28:19] - 94 	 13.9 	 	 1.4 	 	 0.0010 	 0.1042 	 0.9655 	 0.1114 	 	 0.9620 	 	 0.4134 	 0.8814 	 0.4134 	 	 0.8814
[2022/07/17 00:28:34] - 95 	 13.6 	 	 1.4 	 	 0.0010 	 0.1029 	 0.9656 	 0.1103 	 	 0.9627 	 	 0.4100 	 0.8819 	 0.4100 	 	 0.8819
[2022/07/17 00:28:49] - 96 	 13.9 	 	 1.4 	 	 0.0010 	 0.1004 	 0.9663 	 0.1080 	 	 0.9631 	 	 0.4159 	 0.8805 	 0.4159 	 	 0.8805
[2022/07/17 00:29:02] - 97 	 11.4 	 	 1.5 	 	 0.0010 	 0.0999 	 0.9671 	 0.1076 	 	 0.9635 	 	 0.4212 	 0.8812 	 0.4212 	 	 0.8812
[2022/07/17 00:29:17] - 98 	 13.4 	 	 1.9 	 	 0.0010 	 0.0997 	 0.9672 	 0.1074 	 	 0.9641 	 	 0.4230 	 0.8796 	 0.4230 	 	 0.8796
[2022/07/17 00:29:32] - 99 	 13.2 	 	 1.4 	 	 0.0010 	 0.0960 	 0.9692 	 0.1038 	 	 0.9652 	 	 0.4196 	 0.8811 	 0.4196 	 	 0.8811
