[2022/07/15 23:05:30] - Namespace(attack='pgd', attack_iters=10, batch_size=128, chkpt_iters=10, cutout=False, cutout_len=None, data_dir='../../cifar-data', epochs=100, epsilon=8, eval=False, fgsm_alpha=1.25, fgsm_init='random', fname='./results/715_1_at_res18/', half=False, l1=0, l2=0, lr_drop_epoch=100, lr_max=0.1, lr_one_drop=0.01, lr_schedule='piecewise', mixup=False, mixup_alpha=None, model='res18', norm='l_inf', pgd_alpha=2, restarts=1, resume=0, seed=0, val=False, width_factor=10)
[2022/07/15 23:05:33] - Epoch 	 Train Time 	 Test Time 	 LR 	 	 Train Loss 	 Train Acc 	 Train Robust Loss 	 Train Robust Acc 	 Test Loss 	 Test Acc 	 Test Robust Loss 	 Test Robust Acc
[2022/07/15 23:11:02] - 0 	 243.0 	 	 86.7 	 	 0.1000 	 2.1316 	 0.2280 	 2.2897 	 	 0.1743 	 	 1.9210 	 0.3133 	 2.0799 	 	 0.2430
[2022/07/15 23:16:35] - 1 	 245.0 	 	 87.1 	 	 0.1000 	 1.8079 	 0.3439 	 2.0391 	 	 0.2410 	 	 1.7373 	 0.4097 	 1.9445 	 	 0.2853
[2022/07/15 23:22:07] - 2 	 245.0 	 	 86.9 	 	 0.1000 	 1.6814 	 0.3973 	 1.9600 	 	 0.2658 	 	 1.6901 	 0.4078 	 1.9219 	 	 0.2929
[2022/07/15 23:27:39] - 3 	 245.0 	 	 87.0 	 	 0.1000 	 1.5910 	 0.4362 	 1.9022 	 	 0.2848 	 	 1.5079 	 0.4693 	 1.8123 	 	 0.3157
[2022/07/15 23:33:11] - 4 	 245.1 	 	 86.9 	 	 0.1000 	 1.5160 	 0.4706 	 1.8569 	 	 0.3004 	 	 1.4370 	 0.4922 	 1.7917 	 	 0.3266
[2022/07/15 23:38:44] - 5 	 245.0 	 	 87.1 	 	 0.1000 	 1.4347 	 0.5110 	 1.8101 	 	 0.3212 	 	 1.3662 	 0.5400 	 1.7189 	 	 0.3462
[2022/07/15 23:44:16] - 6 	 245.0 	 	 87.1 	 	 0.1000 	 1.3641 	 0.5424 	 1.7656 	 	 0.3343 	 	 1.2870 	 0.5849 	 1.6825 	 	 0.3751
[2022/07/15 23:49:48] - 7 	 244.9 	 	 86.9 	 	 0.1000 	 1.3038 	 0.5699 	 1.7281 	 	 0.3487 	 	 1.2741 	 0.5786 	 1.6572 	 	 0.3873
[2022/07/15 23:55:20] - 8 	 244.9 	 	 86.9 	 	 0.1000 	 1.2486 	 0.5926 	 1.6920 	 	 0.3594 	 	 1.2275 	 0.5962 	 1.6420 	 	 0.3764
[2022/07/16 00:00:52] - 9 	 244.9 	 	 86.9 	 	 0.1000 	 1.2075 	 0.6157 	 1.6664 	 	 0.3700 	 	 1.1627 	 0.6301 	 1.5928 	 	 0.4003
[2022/07/16 00:06:24] - 10 	 244.8 	 	 86.9 	 	 0.1000 	 1.1760 	 0.6291 	 1.6472 	 	 0.3774 	 	 1.1848 	 0.6193 	 1.5930 	 	 0.4107
[2022/07/16 00:11:56] - 11 	 244.8 	 	 87.2 	 	 0.1000 	 1.1509 	 0.6398 	 1.6311 	 	 0.3854 	 	 1.1037 	 0.6326 	 1.5962 	 	 0.4017
[2022/07/16 00:17:28] - 12 	 244.8 	 	 86.9 	 	 0.1000 	 1.1239 	 0.6530 	 1.6122 	 	 0.3903 	 	 1.1164 	 0.6533 	 1.5574 	 	 0.4143
[2022/07/16 00:23:00] - 13 	 245.0 	 	 86.9 	 	 0.1000 	 1.1038 	 0.6638 	 1.5986 	 	 0.3963 	 	 1.0579 	 0.6568 	 1.5508 	 	 0.4158
[2022/07/16 00:28:32] - 14 	 244.8 	 	 86.9 	 	 0.1000 	 1.0789 	 0.6740 	 1.5805 	 	 0.4015 	 	 1.0834 	 0.6578 	 1.5722 	 	 0.4027
[2022/07/16 00:34:04] - 15 	 244.9 	 	 86.9 	 	 0.1000 	 1.0602 	 0.6822 	 1.5682 	 	 0.4089 	 	 1.0595 	 0.6604 	 1.5477 	 	 0.4170
[2022/07/16 00:39:35] - 16 	 244.6 	 	 86.8 	 	 0.1000 	 1.0488 	 0.6865 	 1.5604 	 	 0.4098 	 	 1.0366 	 0.6730 	 1.5337 	 	 0.4138
[2022/07/16 00:45:07] - 17 	 244.8 	 	 87.0 	 	 0.1000 	 1.0384 	 0.6885 	 1.5526 	 	 0.4123 	 	 1.0494 	 0.6517 	 1.5438 	 	 0.4129
[2022/07/16 00:50:39] - 18 	 244.8 	 	 86.8 	 	 0.1000 	 1.0217 	 0.6957 	 1.5411 	 	 0.4171 	 	 1.0471 	 0.6499 	 1.5389 	 	 0.4179
[2022/07/16 00:56:11] - 19 	 244.9 	 	 86.9 	 	 0.1000 	 1.0095 	 0.7033 	 1.5334 	 	 0.4193 	 	 1.0114 	 0.6730 	 1.5141 	 	 0.4316
[2022/07/16 01:01:43] - 20 	 244.9 	 	 87.0 	 	 0.1000 	 0.9946 	 0.7059 	 1.5191 	 	 0.4261 	 	 0.9777 	 0.6705 	 1.5165 	 	 0.4326
[2022/07/16 01:07:16] - 21 	 245.1 	 	 87.1 	 	 0.1000 	 0.9883 	 0.7083 	 1.5158 	 	 0.4270 	 	 0.9902 	 0.6949 	 1.4779 	 	 0.4506
[2022/07/16 01:12:48] - 22 	 244.8 	 	 86.8 	 	 0.1000 	 0.9783 	 0.7156 	 1.5095 	 	 0.4276 	 	 0.9862 	 0.6830 	 1.5124 	 	 0.4261
[2022/07/16 01:18:19] - 23 	 242.4 	 	 89.4 	 	 0.1000 	 0.9717 	 0.7160 	 1.5042 	 	 0.4309 	 	 0.9353 	 0.6993 	 1.5265 	 	 0.4201
[2022/07/16 01:23:51] - 24 	 242.4 	 	 89.3 	 	 0.1000 	 0.9646 	 0.7231 	 1.4986 	 	 0.4331 	 	 0.9740 	 0.6809 	 1.5198 	 	 0.4362
[2022/07/16 01:29:23] - 25 	 242.4 	 	 89.3 	 	 0.1000 	 0.9508 	 0.7284 	 1.4905 	 	 0.4356 	 	 0.9342 	 0.7186 	 1.4837 	 	 0.4373
[2022/07/16 01:34:54] - 26 	 242.3 	 	 89.2 	 	 0.1000 	 0.9533 	 0.7245 	 1.4910 	 	 0.4347 	 	 0.9485 	 0.6839 	 1.4901 	 	 0.4305
[2022/07/16 01:40:23] - 27 	 242.0 	 	 86.7 	 	 0.1000 	 0.9466 	 0.7264 	 1.4857 	 	 0.4370 	 	 0.9366 	 0.7116 	 1.4726 	 	 0.4525
[2022/07/16 01:45:54] - 28 	 244.2 	 	 86.9 	 	 0.1000 	 0.9382 	 0.7328 	 1.4798 	 	 0.4396 	 	 0.9341 	 0.7139 	 1.5082 	 	 0.4322
[2022/07/16 01:51:26] - 29 	 244.7 	 	 86.9 	 	 0.1000 	 0.9366 	 0.7316 	 1.4781 	 	 0.4404 	 	 0.9328 	 0.7133 	 1.4690 	 	 0.4553
[2022/07/16 01:56:58] - 30 	 244.5 	 	 86.9 	 	 0.1000 	 0.9284 	 0.7360 	 1.4729 	 	 0.4439 	 	 0.9001 	 0.7328 	 1.4684 	 	 0.4430
[2022/07/16 02:02:29] - 31 	 244.5 	 	 86.8 	 	 0.1000 	 0.9210 	 0.7382 	 1.4679 	 	 0.4418 	 	 1.0144 	 0.6994 	 1.5056 	 	 0.4427
[2022/07/16 02:08:00] - 32 	 244.5 	 	 86.8 	 	 0.1000 	 0.9202 	 0.7392 	 1.4657 	 	 0.4451 	 	 0.9323 	 0.7300 	 1.4635 	 	 0.4465
[2022/07/16 02:13:32] - 33 	 244.5 	 	 86.8 	 	 0.1000 	 0.9167 	 0.7409 	 1.4627 	 	 0.4466 	 	 0.9453 	 0.7060 	 1.5147 	 	 0.4302
[2022/07/16 02:19:03] - 34 	 244.4 	 	 86.8 	 	 0.1000 	 0.9124 	 0.7415 	 1.4595 	 	 0.4458 	 	 0.9744 	 0.6870 	 1.5105 	 	 0.4305
[2022/07/16 02:24:34] - 35 	 244.4 	 	 86.8 	 	 0.1000 	 0.9122 	 0.7417 	 1.4591 	 	 0.4471 	 	 0.9016 	 0.7039 	 1.4745 	 	 0.4448
[2022/07/16 02:30:05] - 36 	 244.1 	 	 86.5 	 	 0.1000 	 0.9096 	 0.7420 	 1.4559 	 	 0.4483 	 	 0.9562 	 0.6995 	 1.4693 	 	 0.4509
[2022/07/16 02:35:34] - 37 	 243.2 	 	 86.5 	 	 0.1000 	 0.9026 	 0.7460 	 1.4523 	 	 0.4487 	 	 0.9695 	 0.7160 	 1.4906 	 	 0.4450
[2022/07/16 02:41:04] - 38 	 243.2 	 	 86.4 	 	 0.1000 	 0.8935 	 0.7542 	 1.4461 	 	 0.4504 	 	 0.9407 	 0.6959 	 1.4625 	 	 0.4482
[2022/07/16 02:46:34] - 39 	 243.2 	 	 86.4 	 	 0.1000 	 0.8972 	 0.7476 	 1.4500 	 	 0.4522 	 	 0.9599 	 0.7329 	 1.4714 	 	 0.4591
[2022/07/16 02:52:04] - 40 	 243.2 	 	 86.5 	 	 0.1000 	 0.8961 	 0.7508 	 1.4485 	 	 0.4499 	 	 0.9050 	 0.7193 	 1.4711 	 	 0.4518
[2022/07/16 02:57:33] - 41 	 240.7 	 	 88.8 	 	 0.1000 	 0.8909 	 0.7523 	 1.4443 	 	 0.4533 	 	 0.8802 	 0.7420 	 1.4512 	 	 0.4503
[2022/07/16 03:03:03] - 42 	 240.9 	 	 89.0 	 	 0.1000 	 0.8871 	 0.7522 	 1.4415 	 	 0.4528 	 	 0.9259 	 0.7067 	 1.4617 	 	 0.4519
[2022/07/16 03:08:33] - 43 	 240.9 	 	 88.8 	 	 0.1000 	 0.8838 	 0.7546 	 1.4380 	 	 0.4536 	 	 0.8719 	 0.7384 	 1.4375 	 	 0.4536
[2022/07/16 03:14:03] - 44 	 240.8 	 	 88.9 	 	 0.1000 	 0.8862 	 0.7534 	 1.4428 	 	 0.4527 	 	 0.8756 	 0.7301 	 1.4597 	 	 0.4468
[2022/07/16 03:19:30] - 45 	 240.9 	 	 86.4 	 	 0.1000 	 0.8860 	 0.7526 	 1.4403 	 	 0.4535 	 	 0.9342 	 0.7105 	 1.4642 	 	 0.4531
[2022/07/16 03:25:00] - 46 	 243.3 	 	 86.5 	 	 0.1000 	 0.8832 	 0.7525 	 1.4382 	 	 0.4545 	 	 0.9199 	 0.7501 	 1.4524 	 	 0.4577
[2022/07/16 03:30:29] - 47 	 243.2 	 	 86.5 	 	 0.1000 	 0.8818 	 0.7569 	 1.4384 	 	 0.4546 	 	 0.9216 	 0.7171 	 1.4548 	 	 0.4467
[2022/07/16 03:35:59] - 48 	 243.4 	 	 86.4 	 	 0.1000 	 0.8783 	 0.7588 	 1.4358 	 	 0.4562 	 	 0.8888 	 0.7233 	 1.4700 	 	 0.4424
[2022/07/16 03:41:29] - 49 	 243.2 	 	 86.5 	 	 0.0100 	 0.8768 	 0.7560 	 1.4327 	 	 0.4545 	 	 0.8529 	 0.7138 	 1.4564 	 	 0.4529
[2022/07/16 03:46:58] - 50 	 243.0 	 	 86.5 	 	 0.0100 	 0.7535 	 0.7942 	 1.2467 	 	 0.5208 	 	 0.7036 	 0.8002 	 1.2927 	 	 0.5105
[2022/07/16 03:52:28] - 51 	 243.1 	 	 86.5 	 	 0.0100 	 0.6833 	 0.8170 	 1.1894 	 	 0.5367 	 	 0.6854 	 0.7994 	 1.2744 	 	 0.5133
[2022/07/16 03:57:58] - 52 	 243.2 	 	 86.5 	 	 0.0100 	 0.6572 	 0.8275 	 1.1642 	 	 0.5476 	 	 0.6449 	 0.8095 	 1.2858 	 	 0.5096
[2022/07/16 04:03:28] - 53 	 243.3 	 	 86.5 	 	 0.0100 	 0.6374 	 0.8325 	 1.1443 	 	 0.5548 	 	 0.6413 	 0.8053 	 1.2971 	 	 0.5039
[2022/07/16 04:08:58] - 54 	 243.2 	 	 86.5 	 	 0.0100 	 0.6232 	 0.8393 	 1.1317 	 	 0.5584 	 	 0.6562 	 0.8030 	 1.2693 	 	 0.5193
[2022/07/16 04:14:28] - 55 	 243.2 	 	 86.5 	 	 0.0100 	 0.6058 	 0.8440 	 1.1167 	 	 0.5633 	 	 0.6475 	 0.8143 	 1.2794 	 	 0.5172
[2022/07/16 04:19:57] - 56 	 243.2 	 	 86.5 	 	 0.0100 	 0.5939 	 0.8495 	 1.1055 	 	 0.5655 	 	 0.6502 	 0.8074 	 1.2777 	 	 0.5159
[2022/07/16 04:25:27] - 57 	 243.1 	 	 86.5 	 	 0.0100 	 0.5827 	 0.8519 	 1.0950 	 	 0.5686 	 	 0.6491 	 0.8060 	 1.2823 	 	 0.5195
[2022/07/16 04:30:57] - 58 	 243.1 	 	 86.5 	 	 0.0100 	 0.5710 	 0.8568 	 1.0834 	 	 0.5726 	 	 0.6415 	 0.8147 	 1.3072 	 	 0.5056
[2022/07/16 04:36:26] - 59 	 243.1 	 	 86.4 	 	 0.0100 	 0.5595 	 0.8621 	 1.0736 	 	 0.5757 	 	 0.6172 	 0.8231 	 1.3105 	 	 0.5057
[2022/07/16 04:41:56] - 60 	 240.6 	 	 88.8 	 	 0.0100 	 0.5494 	 0.8649 	 1.0614 	 	 0.5811 	 	 0.6454 	 0.8022 	 1.3084 	 	 0.5081
[2022/07/16 04:47:25] - 61 	 240.7 	 	 88.8 	 	 0.0100 	 0.5429 	 0.8678 	 1.0604 	 	 0.5796 	 	 0.6314 	 0.8167 	 1.3123 	 	 0.5083
[2022/07/16 04:52:55] - 62 	 240.7 	 	 88.9 	 	 0.0100 	 0.5352 	 0.8707 	 1.0510 	 	 0.5808 	 	 0.6310 	 0.8176 	 1.3084 	 	 0.5078
[2022/07/16 04:58:25] - 63 	 240.8 	 	 88.8 	 	 0.0100 	 0.5254 	 0.8737 	 1.0429 	 	 0.5847 	 	 0.6522 	 0.8039 	 1.3090 	 	 0.5155
[2022/07/16 05:03:52] - 64 	 240.7 	 	 86.4 	 	 0.0100 	 0.5177 	 0.8783 	 1.0372 	 	 0.5869 	 	 0.6071 	 0.8235 	 1.3128 	 	 0.5122
[2022/07/16 05:09:21] - 65 	 242.9 	 	 86.3 	 	 0.0100 	 0.5088 	 0.8811 	 1.0278 	 	 0.5900 	 	 0.6237 	 0.8230 	 1.3162 	 	 0.5095
[2022/07/16 05:14:50] - 66 	 243.1 	 	 86.4 	 	 0.0100 	 0.5039 	 0.8829 	 1.0258 	 	 0.5894 	 	 0.6090 	 0.8227 	 1.3676 	 	 0.4937
[2022/07/16 05:20:20] - 67 	 243.1 	 	 86.3 	 	 0.0100 	 0.4958 	 0.8853 	 1.0198 	 	 0.5927 	 	 0.6126 	 0.8178 	 1.3383 	 	 0.5023
[2022/07/16 05:25:49] - 68 	 243.1 	 	 86.4 	 	 0.0100 	 0.4891 	 0.8894 	 1.0115 	 	 0.5945 	 	 0.6319 	 0.8074 	 1.3653 	 	 0.5000
[2022/07/16 05:31:19] - 69 	 243.1 	 	 86.5 	 	 0.0100 	 0.4827 	 0.8901 	 1.0046 	 	 0.5958 	 	 0.5991 	 0.8203 	 1.3545 	 	 0.5051
[2022/07/16 05:36:48] - 70 	 243.0 	 	 86.4 	 	 0.0100 	 0.4779 	 0.8936 	 1.0017 	 	 0.5982 	 	 0.6049 	 0.8080 	 1.4121 	 	 0.4917
[2022/07/16 05:42:18] - 71 	 243.1 	 	 86.4 	 	 0.0100 	 0.4696 	 0.8960 	 0.9946 	 	 0.5989 	 	 0.6026 	 0.8219 	 1.3673 	 	 0.4934
[2022/07/16 05:47:48] - 72 	 243.1 	 	 86.4 	 	 0.0100 	 0.4662 	 0.8955 	 0.9884 	 	 0.6008 	 	 0.5940 	 0.8251 	 1.3870 	 	 0.4932
[2022/07/16 05:53:17] - 73 	 243.1 	 	 86.4 	 	 0.0100 	 0.4629 	 0.8983 	 0.9890 	 	 0.6021 	 	 0.6106 	 0.8179 	 1.3356 	 	 0.5044
[2022/07/16 05:58:47] - 74 	 243.1 	 	 86.4 	 	 0.0010 	 0.4569 	 0.8994 	 0.9825 	 	 0.6042 	 	 0.6399 	 0.8107 	 1.3754 	 	 0.4975
[2022/07/16 06:04:16] - 75 	 240.8 	 	 88.8 	 	 0.0010 	 0.4245 	 0.9103 	 0.8740 	 	 0.6479 	 	 0.5400 	 0.8345 	 1.3565 	 	 0.5070
[2022/07/16 06:09:46] - 76 	 240.7 	 	 88.9 	 	 0.0010 	 0.3890 	 0.9178 	 0.8358 	 	 0.6557 	 	 0.5358 	 0.8399 	 1.3471 	 	 0.5104
[2022/07/16 06:15:15] - 77 	 240.8 	 	 88.8 	 	 0.0010 	 0.3723 	 0.9220 	 0.8184 	 	 0.6619 	 	 0.5673 	 0.8266 	 1.3488 	 	 0.5126
[2022/07/16 06:20:45] - 78 	 240.9 	 	 88.8 	 	 0.0010 	 0.3627 	 0.9246 	 0.8029 	 	 0.6690 	 	 0.5143 	 0.8446 	 1.4290 	 	 0.4944
[2022/07/16 06:26:12] - 79 	 240.9 	 	 86.4 	 	 0.0010 	 0.3524 	 0.9272 	 0.7903 	 	 0.6717 	 	 0.5458 	 0.8312 	 1.3665 	 	 0.5065
[2022/07/16 06:31:42] - 80 	 242.9 	 	 86.4 	 	 0.0010 	 0.3471 	 0.9285 	 0.7871 	 	 0.6737 	 	 0.5192 	 0.8350 	 1.4094 	 	 0.5010
[2022/07/16 06:37:11] - 81 	 242.9 	 	 86.3 	 	 0.0010 	 0.3385 	 0.9304 	 0.7745 	 	 0.6767 	 	 0.5123 	 0.8461 	 1.4228 	 	 0.4984
[2022/07/16 06:42:40] - 82 	 243.1 	 	 86.5 	 	 0.0010 	 0.3322 	 0.9328 	 0.7701 	 	 0.6802 	 	 0.5321 	 0.8415 	 1.4235 	 	 0.4995
[2022/07/16 06:48:10] - 83 	 243.1 	 	 86.4 	 	 0.0010 	 0.3269 	 0.9346 	 0.7611 	 	 0.6831 	 	 0.5165 	 0.8396 	 1.4501 	 	 0.4929
[2022/07/16 06:53:39] - 84 	 243.1 	 	 86.4 	 	 0.0010 	 0.3232 	 0.9337 	 0.7552 	 	 0.6852 	 	 0.5060 	 0.8455 	 1.4453 	 	 0.4984
[2022/07/16 06:59:09] - 85 	 243.1 	 	 86.4 	 	 0.0010 	 0.3189 	 0.9369 	 0.7515 	 	 0.6857 	 	 0.5314 	 0.8360 	 1.4369 	 	 0.4983
[2022/07/16 07:04:38] - 86 	 243.0 	 	 86.4 	 	 0.0010 	 0.3135 	 0.9374 	 0.7444 	 	 0.6873 	 	 0.4938 	 0.8517 	 1.5323 	 	 0.4816
[2022/07/16 07:10:08] - 87 	 243.1 	 	 86.4 	 	 0.0010 	 0.3086 	 0.9386 	 0.7368 	 	 0.6899 	 	 0.5060 	 0.8459 	 1.5012 	 	 0.4919
[2022/07/16 07:15:37] - 88 	 243.0 	 	 86.6 	 	 0.0010 	 0.3032 	 0.9405 	 0.7291 	 	 0.6935 	 	 0.5128 	 0.8357 	 1.6574 	 	 0.4749
[2022/07/16 07:21:08] - 89 	 243.7 	 	 86.7 	 	 0.0010 	 0.3003 	 0.9417 	 0.7263 	 	 0.6937 	 	 0.5198 	 0.8428 	 1.4824 	 	 0.4938
[2022/07/16 07:26:39] - 90 	 241.8 	 	 89.2 	 	 0.0010 	 0.2950 	 0.9428 	 0.7199 	 	 0.6967 	 	 0.5211 	 0.8427 	 1.4793 	 	 0.4920
[2022/07/16 07:32:11] - 91 	 242.3 	 	 89.3 	 	 0.0010 	 0.2930 	 0.9438 	 0.7171 	 	 0.6974 	 	 0.5190 	 0.8398 	 1.4732 	 	 0.4975
[2022/07/16 07:37:43] - 92 	 242.6 	 	 89.4 	 	 0.0010 	 0.2885 	 0.9441 	 0.7104 	 	 0.6993 	 	 0.5013 	 0.8427 	 1.5884 	 	 0.4799
[2022/07/16 07:43:15] - 93 	 242.7 	 	 89.4 	 	 0.0010 	 0.2843 	 0.9458 	 0.7031 	 	 0.7023 	 	 0.5159 	 0.8380 	 1.5318 	 	 0.4865
[2022/07/16 07:48:45] - 94 	 242.7 	 	 87.1 	 	 0.0010 	 0.2811 	 0.9464 	 0.7003 	 	 0.7028 	 	 0.5019 	 0.8436 	 1.5327 	 	 0.4838
[2022/07/16 07:54:17] - 95 	 245.2 	 	 87.2 	 	 0.0010 	 0.2790 	 0.9473 	 0.6990 	 	 0.7039 	 	 0.5317 	 0.8403 	 1.5215 	 	 0.4870
[2022/07/16 07:59:49] - 96 	 245.2 	 	 87.2 	 	 0.0010 	 0.2745 	 0.9489 	 0.6926 	 	 0.7076 	 	 0.5121 	 0.8378 	 1.5210 	 	 0.4930
[2022/07/16 08:05:21] - 97 	 245.0 	 	 87.0 	 	 0.0010 	 0.2707 	 0.9500 	 0.6872 	 	 0.7090 	 	 0.5191 	 0.8420 	 1.4997 	 	 0.4907
[2022/07/16 08:10:54] - 98 	 245.1 	 	 87.1 	 	 0.0010 	 0.2676 	 0.9502 	 0.6820 	 	 0.7108 	 	 0.5213 	 0.8371 	 1.5999 	 	 0.4721
[2022/07/16 08:16:26] - 99 	 245.1 	 	 87.3 	 	 0.0010 	 0.2659 	 0.9512 	 0.6823 	 	 0.7108 	 	 0.4979 	 0.8412 	 1.6869 	 	 0.4670
