[2022/07/17 00:03:08] - Namespace(attack='none', attack_iters=10, batch_size=128, chkpt_iters=10, cutout=False, cutout_len=None, data_dir='../../cifar-data', epochs=100, epsilon=8, eval=False, fgsm_alpha=1.25, fgsm_init='random', fname='./results/716_15_nt_res18nose/', half=False, l1=0, l2=0, lr_drop_epoch=100, lr_max=0.1, lr_one_drop=0.01, lr_schedule='piecewise', mixup=False, mixup_alpha=None, model='res18_nose', norm='l_inf', pgd_alpha=2, restarts=1, resume=0, seed=0, val=False, width_factor=10)
[2022/07/17 00:03:15] - Epoch 	 Train Time 	 Test Time 	 LR 	 	 Train Loss 	 Train Acc 	 Train Robust Loss 	 Train Robust Acc 	 Test Loss 	 Test Acc 	 Test Robust Loss 	 Test Robust Acc
[2022/07/17 00:03:41] - 0 	 23.7 	 	 2.2 	 	 0.1000 	 1.7807 	 0.3678 	 1.9011 	 	 0.3451 	 	 1.4690 	 0.4688 	 1.4690 	 	 0.4688
[2022/07/17 00:04:07] - 1 	 23.4 	 	 2.1 	 	 0.1000 	 1.3553 	 0.5102 	 1.4232 	 	 0.4851 	 	 1.2802 	 0.5418 	 1.2802 	 	 0.5418
[2022/07/17 00:04:33] - 2 	 22.9 	 	 2.2 	 	 0.1000 	 1.1501 	 0.5917 	 1.2358 	 	 0.5582 	 	 1.1032 	 0.6085 	 1.1032 	 	 0.6085
[2022/07/17 00:04:59] - 3 	 24.1 	 	 2.3 	 	 0.1000 	 1.0134 	 0.6428 	 1.1105 	 	 0.6063 	 	 0.9621 	 0.6589 	 0.9621 	 	 0.6589
[2022/07/17 00:05:26] - 4 	 24.3 	 	 2.1 	 	 0.1000 	 0.9057 	 0.6821 	 1.0114 	 	 0.6414 	 	 0.9428 	 0.6707 	 0.9428 	 	 0.6707
[2022/07/17 00:05:53] - 5 	 23.9 	 	 2.3 	 	 0.1000 	 0.8451 	 0.7055 	 0.9581 	 	 0.6607 	 	 0.8778 	 0.6904 	 0.8778 	 	 0.6904
[2022/07/17 00:06:19] - 6 	 23.3 	 	 2.1 	 	 0.1000 	 0.7845 	 0.7306 	 0.9031 	 	 0.6842 	 	 0.8234 	 0.7161 	 0.8234 	 	 0.7161
[2022/07/17 00:06:45] - 7 	 23.6 	 	 2.2 	 	 0.1000 	 0.7391 	 0.7494 	 0.8620 	 	 0.6990 	 	 0.8279 	 0.7099 	 0.8279 	 	 0.7099
[2022/07/17 00:07:10] - 8 	 23.6 	 	 2.1 	 	 0.1000 	 0.7049 	 0.7636 	 0.8371 	 	 0.7116 	 	 0.8849 	 0.7014 	 0.8849 	 	 0.7014
[2022/07/17 00:07:35] - 9 	 22.8 	 	 2.2 	 	 0.1000 	 0.6810 	 0.7729 	 0.8154 	 	 0.7182 	 	 0.7660 	 0.7338 	 0.7660 	 	 0.7338
[2022/07/17 00:08:02] - 10 	 23.7 	 	 2.1 	 	 0.1000 	 0.6611 	 0.7795 	 0.7978 	 	 0.7237 	 	 0.7790 	 0.7395 	 0.7790 	 	 0.7395
[2022/07/17 00:08:28] - 11 	 23.5 	 	 2.1 	 	 0.1000 	 0.6390 	 0.7875 	 0.7769 	 	 0.7304 	 	 0.8799 	 0.6967 	 0.8799 	 	 0.6967
[2022/07/17 00:08:54] - 12 	 24.0 	 	 2.2 	 	 0.1000 	 0.6218 	 0.7937 	 0.7629 	 	 0.7360 	 	 0.7544 	 0.7407 	 0.7544 	 	 0.7407
[2022/07/17 00:09:20] - 13 	 23.3 	 	 2.2 	 	 0.1000 	 0.6060 	 0.7993 	 0.7487 	 	 0.7405 	 	 0.7118 	 0.7507 	 0.7118 	 	 0.7507
[2022/07/17 00:09:46] - 14 	 23.6 	 	 2.1 	 	 0.1000 	 0.5972 	 0.8046 	 0.7401 	 	 0.7443 	 	 0.7236 	 0.7524 	 0.7236 	 	 0.7524
[2022/07/17 00:10:12] - 15 	 23.6 	 	 2.1 	 	 0.1000 	 0.5789 	 0.8101 	 0.7252 	 	 0.7496 	 	 0.7604 	 0.7305 	 0.7604 	 	 0.7305
[2022/07/17 00:10:37] - 16 	 23.5 	 	 2.2 	 	 0.1000 	 0.5690 	 0.8146 	 0.7152 	 	 0.7531 	 	 0.7169 	 0.7539 	 0.7169 	 	 0.7539
[2022/07/17 00:11:03] - 17 	 22.8 	 	 2.2 	 	 0.1000 	 0.5664 	 0.8132 	 0.7137 	 	 0.7546 	 	 0.7507 	 0.7463 	 0.7507 	 	 0.7463
[2022/07/17 00:11:28] - 18 	 23.2 	 	 2.2 	 	 0.1000 	 0.5646 	 0.8166 	 0.7117 	 	 0.7557 	 	 0.6911 	 0.7602 	 0.6911 	 	 0.7602
[2022/07/17 00:11:54] - 19 	 23.3 	 	 2.2 	 	 0.1000 	 0.5472 	 0.8222 	 0.6942 	 	 0.7610 	 	 0.6950 	 0.7579 	 0.6950 	 	 0.7579
[2022/07/17 00:12:20] - 20 	 23.6 	 	 2.1 	 	 0.1000 	 0.5371 	 0.8270 	 0.6873 	 	 0.7629 	 	 0.7117 	 0.7579 	 0.7117 	 	 0.7579
[2022/07/17 00:12:46] - 21 	 23.4 	 	 2.2 	 	 0.1000 	 0.5375 	 0.8256 	 0.6874 	 	 0.7646 	 	 0.6772 	 0.7688 	 0.6772 	 	 0.7688
[2022/07/17 00:13:11] - 22 	 22.6 	 	 2.2 	 	 0.1000 	 0.5306 	 0.8292 	 0.6835 	 	 0.7652 	 	 0.6903 	 0.7621 	 0.6903 	 	 0.7621
[2022/07/17 00:13:37] - 23 	 23.5 	 	 2.2 	 	 0.1000 	 0.5234 	 0.8321 	 0.6765 	 	 0.7673 	 	 0.7120 	 0.7547 	 0.7120 	 	 0.7547
[2022/07/17 00:14:03] - 24 	 23.9 	 	 2.2 	 	 0.1000 	 0.5294 	 0.8296 	 0.6815 	 	 0.7639 	 	 0.7549 	 0.7405 	 0.7549 	 	 0.7405
[2022/07/17 00:14:28] - 25 	 23.3 	 	 2.1 	 	 0.1000 	 0.5221 	 0.8329 	 0.6745 	 	 0.7692 	 	 0.6361 	 0.7827 	 0.6361 	 	 0.7827
[2022/07/17 00:14:54] - 26 	 23.5 	 	 2.2 	 	 0.1000 	 0.5144 	 0.8342 	 0.6681 	 	 0.7705 	 	 0.7242 	 0.7531 	 0.7242 	 	 0.7531
[2022/07/17 00:15:20] - 27 	 23.8 	 	 2.2 	 	 0.1000 	 0.5204 	 0.8346 	 0.6753 	 	 0.7678 	 	 0.7787 	 0.7410 	 0.7787 	 	 0.7410
[2022/07/17 00:15:44] - 28 	 21.9 	 	 2.2 	 	 0.1000 	 0.5081 	 0.8388 	 0.6632 	 	 0.7715 	 	 0.6303 	 0.7835 	 0.6303 	 	 0.7835
[2022/07/17 00:16:09] - 29 	 22.0 	 	 2.2 	 	 0.1000 	 0.5053 	 0.8385 	 0.6605 	 	 0.7729 	 	 0.7197 	 0.7601 	 0.7197 	 	 0.7601
[2022/07/17 00:16:35] - 30 	 23.8 	 	 2.2 	 	 0.1000 	 0.5031 	 0.8391 	 0.6571 	 	 0.7735 	 	 0.7295 	 0.7503 	 0.7295 	 	 0.7503
[2022/07/17 00:17:01] - 31 	 23.8 	 	 2.2 	 	 0.1000 	 0.5009 	 0.8390 	 0.6572 	 	 0.7744 	 	 0.7501 	 0.7432 	 0.7501 	 	 0.7432
[2022/07/17 00:17:29] - 32 	 25.6 	 	 2.3 	 	 0.1000 	 0.5076 	 0.8375 	 0.6633 	 	 0.7724 	 	 0.7739 	 0.7352 	 0.7739 	 	 0.7352
[2022/07/17 00:17:55] - 33 	 23.8 	 	 2.1 	 	 0.1000 	 0.4985 	 0.8397 	 0.6535 	 	 0.7742 	 	 0.6501 	 0.7756 	 0.6501 	 	 0.7756
[2022/07/17 00:18:21] - 34 	 24.3 	 	 2.2 	 	 0.1000 	 0.5001 	 0.8400 	 0.6566 	 	 0.7750 	 	 0.6861 	 0.7600 	 0.6861 	 	 0.7600
[2022/07/17 00:18:48] - 35 	 24.4 	 	 2.2 	 	 0.1000 	 0.4918 	 0.8423 	 0.6490 	 	 0.7757 	 	 0.6700 	 0.7688 	 0.6700 	 	 0.7688
[2022/07/17 00:19:14] - 36 	 23.9 	 	 2.1 	 	 0.1000 	 0.4919 	 0.8439 	 0.6461 	 	 0.7786 	 	 0.6392 	 0.7806 	 0.6392 	 	 0.7806
[2022/07/17 00:19:40] - 37 	 23.5 	 	 2.2 	 	 0.1000 	 0.4940 	 0.8430 	 0.6510 	 	 0.7758 	 	 0.6990 	 0.7653 	 0.6990 	 	 0.7653
[2022/07/17 00:20:05] - 38 	 23.5 	 	 2.1 	 	 0.1000 	 0.4932 	 0.8427 	 0.6484 	 	 0.7781 	 	 0.6480 	 0.7729 	 0.6480 	 	 0.7729
[2022/07/17 00:20:31] - 39 	 23.7 	 	 2.1 	 	 0.1000 	 0.4856 	 0.8453 	 0.6432 	 	 0.7775 	 	 0.6626 	 0.7715 	 0.6626 	 	 0.7715
[2022/07/17 00:20:57] - 40 	 23.3 	 	 2.1 	 	 0.1000 	 0.4932 	 0.8439 	 0.6521 	 	 0.7756 	 	 0.6264 	 0.7922 	 0.6264 	 	 0.7922
[2022/07/17 00:21:23] - 41 	 23.8 	 	 2.2 	 	 0.1000 	 0.4730 	 0.8500 	 0.6298 	 	 0.7825 	 	 0.6389 	 0.7862 	 0.6389 	 	 0.7862
[2022/07/17 00:21:48] - 42 	 22.7 	 	 2.1 	 	 0.1000 	 0.4834 	 0.8482 	 0.6397 	 	 0.7815 	 	 0.6378 	 0.7812 	 0.6378 	 	 0.7812
[2022/07/17 00:22:13] - 43 	 23.5 	 	 2.1 	 	 0.1000 	 0.4830 	 0.8467 	 0.6432 	 	 0.7786 	 	 0.6349 	 0.7826 	 0.6349 	 	 0.7826
[2022/07/17 00:22:38] - 44 	 22.3 	 	 2.1 	 	 0.1000 	 0.4829 	 0.8479 	 0.6420 	 	 0.7796 	 	 0.6571 	 0.7738 	 0.6571 	 	 0.7738
[2022/07/17 00:23:03] - 45 	 23.2 	 	 2.1 	 	 0.1000 	 0.4788 	 0.8479 	 0.6358 	 	 0.7828 	 	 0.7258 	 0.7567 	 0.7258 	 	 0.7567
[2022/07/17 00:23:28] - 46 	 22.7 	 	 2.1 	 	 0.1000 	 0.4770 	 0.8500 	 0.6367 	 	 0.7819 	 	 0.6231 	 0.7864 	 0.6231 	 	 0.7864
[2022/07/17 00:23:53] - 47 	 23.4 	 	 2.1 	 	 0.1000 	 0.4819 	 0.8489 	 0.6395 	 	 0.7825 	 	 0.6564 	 0.7753 	 0.6564 	 	 0.7753
[2022/07/17 00:24:19] - 48 	 23.6 	 	 2.3 	 	 0.1000 	 0.4743 	 0.8494 	 0.6318 	 	 0.7833 	 	 0.6268 	 0.7849 	 0.6268 	 	 0.7849
[2022/07/17 00:24:45] - 49 	 23.4 	 	 2.1 	 	 0.0100 	 0.4718 	 0.8508 	 0.6317 	 	 0.7845 	 	 0.6317 	 0.7812 	 0.6317 	 	 0.7812
[2022/07/17 00:25:11] - 50 	 23.4 	 	 2.3 	 	 0.0100 	 0.4319 	 0.8523 	 0.4477 	 	 0.8462 	 	 0.4293 	 0.8477 	 0.4293 	 	 0.8477
[2022/07/17 00:25:37] - 51 	 23.5 	 	 2.1 	 	 0.0100 	 0.3678 	 0.8747 	 0.3861 	 	 0.8673 	 	 0.4169 	 0.8523 	 0.4169 	 	 0.8523
[2022/07/17 00:26:03] - 52 	 23.6 	 	 2.1 	 	 0.0100 	 0.3394 	 0.8833 	 0.3592 	 	 0.8758 	 	 0.4100 	 0.8594 	 0.4100 	 	 0.8594
[2022/07/17 00:26:27] - 53 	 21.6 	 	 2.0 	 	 0.0100 	 0.3159 	 0.8932 	 0.3387 	 	 0.8837 	 	 0.4021 	 0.8619 	 0.4021 	 	 0.8619
[2022/07/17 00:26:54] - 54 	 24.6 	 	 2.2 	 	 0.0100 	 0.2994 	 0.8982 	 0.3248 	 	 0.8882 	 	 0.4010 	 0.8639 	 0.4010 	 	 0.8639
[2022/07/17 00:27:21] - 55 	 24.9 	 	 2.3 	 	 0.0100 	 0.2807 	 0.9051 	 0.3084 	 	 0.8940 	 	 0.4014 	 0.8619 	 0.4014 	 	 0.8619
[2022/07/17 00:27:48] - 56 	 24.1 	 	 2.5 	 	 0.0100 	 0.2699 	 0.9086 	 0.3013 	 	 0.8950 	 	 0.4030 	 0.8611 	 0.4030 	 	 0.8611
[2022/07/17 00:28:14] - 57 	 23.5 	 	 2.2 	 	 0.0100 	 0.2598 	 0.9126 	 0.2933 	 	 0.8983 	 	 0.4029 	 0.8629 	 0.4029 	 	 0.8629
[2022/07/17 00:28:37] - 58 	 21.5 	 	 2.1 	 	 0.0100 	 0.2445 	 0.9189 	 0.2794 	 	 0.9052 	 	 0.3966 	 0.8669 	 0.3966 	 	 0.8669
[2022/07/17 00:29:04] - 59 	 23.8 	 	 2.2 	 	 0.0100 	 0.2371 	 0.9220 	 0.2751 	 	 0.9058 	 	 0.3930 	 0.8684 	 0.3930 	 	 0.8684
[2022/07/17 00:29:30] - 60 	 23.9 	 	 2.0 	 	 0.0100 	 0.2267 	 0.9250 	 0.2678 	 	 0.9066 	 	 0.4178 	 0.8619 	 0.4178 	 	 0.8619
[2022/07/17 00:29:56] - 61 	 23.5 	 	 2.3 	 	 0.0100 	 0.2168 	 0.9287 	 0.2614 	 	 0.9094 	 	 0.4018 	 0.8671 	 0.4018 	 	 0.8671
[2022/07/17 00:30:21] - 62 	 22.6 	 	 2.1 	 	 0.0100 	 0.2102 	 0.9312 	 0.2563 	 	 0.9117 	 	 0.4095 	 0.8662 	 0.4095 	 	 0.8662
[2022/07/17 00:30:44] - 63 	 21.1 	 	 2.0 	 	 0.0100 	 0.2039 	 0.9350 	 0.2526 	 	 0.9131 	 	 0.4112 	 0.8671 	 0.4112 	 	 0.8671
[2022/07/17 00:31:07] - 64 	 20.7 	 	 2.1 	 	 0.0100 	 0.2046 	 0.9346 	 0.2552 	 	 0.9114 	 	 0.4183 	 0.8658 	 0.4183 	 	 0.8658
[2022/07/17 00:31:32] - 65 	 22.8 	 	 2.1 	 	 0.0100 	 0.1903 	 0.9397 	 0.2420 	 	 0.9173 	 	 0.4205 	 0.8627 	 0.4205 	 	 0.8627
[2022/07/17 00:31:56] - 66 	 22.3 	 	 2.0 	 	 0.0100 	 0.1857 	 0.9406 	 0.2415 	 	 0.9150 	 	 0.4175 	 0.8682 	 0.4175 	 	 0.8682
[2022/07/17 00:32:19] - 67 	 21.3 	 	 2.1 	 	 0.0100 	 0.1803 	 0.9437 	 0.2373 	 	 0.9179 	 	 0.4048 	 0.8684 	 0.4048 	 	 0.8684
[2022/07/17 00:32:43] - 68 	 20.8 	 	 2.4 	 	 0.0100 	 0.1788 	 0.9450 	 0.2379 	 	 0.9170 	 	 0.4145 	 0.8675 	 0.4145 	 	 0.8675
[2022/07/17 00:33:07] - 69 	 21.9 	 	 2.1 	 	 0.0100 	 0.1733 	 0.9465 	 0.2353 	 	 0.9180 	 	 0.4246 	 0.8645 	 0.4246 	 	 0.8645
[2022/07/17 00:33:30] - 70 	 21.4 	 	 2.1 	 	 0.0100 	 0.1684 	 0.9481 	 0.2335 	 	 0.9190 	 	 0.4328 	 0.8616 	 0.4328 	 	 0.8616
[2022/07/17 00:33:55] - 71 	 22.2 	 	 2.1 	 	 0.0100 	 0.1687 	 0.9497 	 0.2326 	 	 0.9201 	 	 0.4367 	 0.8574 	 0.4367 	 	 0.8574
[2022/07/17 00:34:20] - 72 	 22.9 	 	 2.1 	 	 0.0100 	 0.1677 	 0.9485 	 0.2342 	 	 0.9169 	 	 0.4455 	 0.8609 	 0.4455 	 	 0.8609
[2022/07/17 00:34:44] - 73 	 22.0 	 	 2.0 	 	 0.0100 	 0.1579 	 0.9524 	 0.2242 	 	 0.9207 	 	 0.4348 	 0.8643 	 0.4348 	 	 0.8643
[2022/07/17 00:35:07] - 74 	 21.7 	 	 2.0 	 	 0.0010 	 0.1557 	 0.9536 	 0.2262 	 	 0.9205 	 	 0.4155 	 0.8654 	 0.4155 	 	 0.8654
[2022/07/17 00:35:31] - 75 	 21.4 	 	 2.1 	 	 0.0010 	 0.1668 	 0.9430 	 0.1728 	 	 0.9400 	 	 0.3819 	 0.8756 	 0.3819 	 	 0.8756
[2022/07/17 00:35:56] - 76 	 22.8 	 	 2.0 	 	 0.0010 	 0.1417 	 0.9526 	 0.1473 	 	 0.9501 	 	 0.3781 	 0.8770 	 0.3781 	 	 0.8770
[2022/07/17 00:36:22] - 77 	 22.8 	 	 2.1 	 	 0.0010 	 0.1330 	 0.9557 	 0.1388 	 	 0.9533 	 	 0.3792 	 0.8811 	 0.3792 	 	 0.8811
[2022/07/17 00:36:49] - 78 	 24.7 	 	 2.0 	 	 0.0010 	 0.1244 	 0.9597 	 0.1302 	 	 0.9571 	 	 0.3787 	 0.8814 	 0.3787 	 	 0.8814
[2022/07/17 00:37:14] - 79 	 22.7 	 	 2.1 	 	 0.0010 	 0.1200 	 0.9608 	 0.1260 	 	 0.9579 	 	 0.3798 	 0.8812 	 0.3798 	 	 0.8812
[2022/07/17 00:37:38] - 80 	 21.2 	 	 2.0 	 	 0.0010 	 0.1136 	 0.9625 	 0.1196 	 	 0.9599 	 	 0.3864 	 0.8801 	 0.3864 	 	 0.8801
[2022/07/17 00:38:01] - 81 	 21.9 	 	 2.0 	 	 0.0010 	 0.1116 	 0.9637 	 0.1178 	 	 0.9609 	 	 0.3866 	 0.8804 	 0.3866 	 	 0.8804
[2022/07/17 00:38:26] - 82 	 22.1 	 	 2.3 	 	 0.0010 	 0.1078 	 0.9657 	 0.1141 	 	 0.9627 	 	 0.3895 	 0.8834 	 0.3895 	 	 0.8834
[2022/07/17 00:38:52] - 83 	 23.5 	 	 2.4 	 	 0.0010 	 0.1009 	 0.9672 	 0.1072 	 	 0.9643 	 	 0.3934 	 0.8814 	 0.3934 	 	 0.8814
[2022/07/17 00:39:18] - 84 	 23.4 	 	 2.2 	 	 0.0010 	 0.0971 	 0.9679 	 0.1036 	 	 0.9649 	 	 0.3979 	 0.8819 	 0.3979 	 	 0.8819
[2022/07/17 00:39:43] - 85 	 22.4 	 	 2.5 	 	 0.0010 	 0.0972 	 0.9681 	 0.1040 	 	 0.9653 	 	 0.3969 	 0.8816 	 0.3969 	 	 0.8816
[2022/07/17 00:40:09] - 86 	 23.8 	 	 2.6 	 	 0.0010 	 0.0953 	 0.9681 	 0.1024 	 	 0.9650 	 	 0.3995 	 0.8823 	 0.3995 	 	 0.8823
[2022/07/17 00:40:33] - 87 	 22.0 	 	 2.0 	 	 0.0010 	 0.0895 	 0.9710 	 0.0963 	 	 0.9677 	 	 0.3988 	 0.8805 	 0.3988 	 	 0.8805
[2022/07/17 00:40:59] - 88 	 23.4 	 	 2.3 	 	 0.0010 	 0.0869 	 0.9727 	 0.0937 	 	 0.9695 	 	 0.4115 	 0.8816 	 0.4115 	 	 0.8816
[2022/07/17 00:41:23] - 89 	 22.5 	 	 2.1 	 	 0.0010 	 0.0871 	 0.9716 	 0.0945 	 	 0.9681 	 	 0.4125 	 0.8809 	 0.4125 	 	 0.8809
[2022/07/17 00:41:48] - 90 	 22.5 	 	 2.1 	 	 0.0010 	 0.0854 	 0.9714 	 0.0930 	 	 0.9677 	 	 0.4154 	 0.8802 	 0.4154 	 	 0.8802
[2022/07/17 00:42:12] - 91 	 22.0 	 	 2.1 	 	 0.0010 	 0.0811 	 0.9739 	 0.0884 	 	 0.9710 	 	 0.4120 	 0.8822 	 0.4120 	 	 0.8822
[2022/07/17 00:42:36] - 92 	 21.3 	 	 2.0 	 	 0.0010 	 0.0783 	 0.9749 	 0.0856 	 	 0.9717 	 	 0.4081 	 0.8825 	 0.4081 	 	 0.8825
[2022/07/17 00:42:59] - 93 	 21.3 	 	 2.0 	 	 0.0010 	 0.0767 	 0.9756 	 0.0842 	 	 0.9721 	 	 0.4108 	 0.8835 	 0.4108 	 	 0.8835
[2022/07/17 00:43:24] - 94 	 23.1 	 	 2.0 	 	 0.0010 	 0.0770 	 0.9747 	 0.0850 	 	 0.9710 	 	 0.4242 	 0.8807 	 0.4242 	 	 0.8807
[2022/07/17 00:43:48] - 95 	 21.6 	 	 2.1 	 	 0.0010 	 0.0736 	 0.9770 	 0.0813 	 	 0.9734 	 	 0.4209 	 0.8828 	 0.4209 	 	 0.8828
[2022/07/17 00:44:12] - 96 	 22.0 	 	 2.0 	 	 0.0010 	 0.0711 	 0.9777 	 0.0790 	 	 0.9742 	 	 0.4242 	 0.8807 	 0.4242 	 	 0.8807
[2022/07/17 00:44:36] - 97 	 20.9 	 	 2.6 	 	 0.0010 	 0.0715 	 0.9771 	 0.0796 	 	 0.9735 	 	 0.4273 	 0.8827 	 0.4273 	 	 0.8827
[2022/07/17 00:45:00] - 98 	 22.3 	 	 2.2 	 	 0.0010 	 0.0688 	 0.9777 	 0.0771 	 	 0.9742 	 	 0.4279 	 0.8796 	 0.4279 	 	 0.8796
[2022/07/17 00:45:24] - 99 	 21.5 	 	 2.2 	 	 0.0010 	 0.0676 	 0.9787 	 0.0758 	 	 0.9751 	 	 0.4240 	 0.8808 	 0.4240 	 	 0.8808
