[2022/07/17 00:03:48] - Namespace(attack='none', attack_iters=10, batch_size=128, chkpt_iters=10, cutout=False, cutout_len=None, data_dir='../../cifar-data', epochs=100, epsilon=8, eval=False, fgsm_alpha=1.25, fgsm_init='random', fname='./results/716_17_nt_res34nose/', half=False, l1=0, l2=0, lr_drop_epoch=100, lr_max=0.1, lr_one_drop=0.01, lr_schedule='piecewise', mixup=False, mixup_alpha=None, model='res34_nose', norm='l_inf', pgd_alpha=2, restarts=1, resume=0, seed=0, val=False, width_factor=10)
[2022/07/17 00:03:59] - Epoch 	 Train Time 	 Test Time 	 LR 	 	 Train Loss 	 Train Acc 	 Train Robust Loss 	 Train Robust Acc 	 Test Loss 	 Test Acc 	 Test Robust Loss 	 Test Robust Acc
[2022/07/17 00:04:23] - 0 	 21.8 	 	 2.5 	 	 0.1000 	 2.5344 	 0.1672 	 2.6390 	 	 0.1582 	 	 1.9375 	 0.2589 	 1.9375 	 	 0.2589
[2022/07/17 00:04:47] - 1 	 21.6 	 	 2.4 	 	 0.1000 	 1.7676 	 0.3209 	 1.8034 	 	 0.3087 	 	 1.6074 	 0.3820 	 1.6074 	 	 0.3820
[2022/07/17 00:05:12] - 2 	 21.6 	 	 2.5 	 	 0.1000 	 1.5375 	 0.4253 	 1.5871 	 	 0.4055 	 	 1.5239 	 0.4309 	 1.5239 	 	 0.4309
[2022/07/17 00:05:36] - 3 	 21.3 	 	 2.4 	 	 0.1000 	 1.3327 	 0.5142 	 1.3989 	 	 0.4880 	 	 1.2239 	 0.5533 	 1.2239 	 	 0.5533
[2022/07/17 00:05:59] - 4 	 20.3 	 	 2.2 	 	 0.1000 	 1.1550 	 0.5883 	 1.2392 	 	 0.5565 	 	 1.1182 	 0.6083 	 1.1182 	 	 0.6083
[2022/07/17 00:06:21] - 5 	 19.2 	 	 2.3 	 	 0.1000 	 1.0573 	 0.6268 	 1.1504 	 	 0.5912 	 	 1.0700 	 0.6197 	 1.0700 	 	 0.6197
[2022/07/17 00:06:41] - 6 	 17.5 	 	 2.3 	 	 0.1000 	 0.9647 	 0.6619 	 1.0654 	 	 0.6259 	 	 0.9491 	 0.6687 	 0.9491 	 	 0.6687
[2022/07/17 00:07:05] - 7 	 21.0 	 	 2.2 	 	 0.1000 	 0.8808 	 0.6956 	 0.9892 	 	 0.6550 	 	 0.8827 	 0.6930 	 0.8827 	 	 0.6930
[2022/07/17 00:07:28] - 8 	 20.8 	 	 2.3 	 	 0.1000 	 0.8345 	 0.7148 	 0.9485 	 	 0.6725 	 	 0.9560 	 0.6689 	 0.9560 	 	 0.6689
[2022/07/17 00:07:50] - 9 	 19.8 	 	 2.1 	 	 0.1000 	 0.7959 	 0.7271 	 0.9159 	 	 0.6794 	 	 0.8649 	 0.7111 	 0.8649 	 	 0.7111
[2022/07/17 00:08:14] - 10 	 21.2 	 	 2.3 	 	 0.1000 	 0.7648 	 0.7397 	 0.8875 	 	 0.6906 	 	 0.8402 	 0.7113 	 0.8402 	 	 0.7113
[2022/07/17 00:08:38] - 11 	 21.4 	 	 2.1 	 	 0.1000 	 0.7316 	 0.7528 	 0.8563 	 	 0.7034 	 	 0.9346 	 0.6766 	 0.9346 	 	 0.6766
[2022/07/17 00:09:00] - 12 	 19.7 	 	 1.7 	 	 0.1000 	 0.7145 	 0.7603 	 0.8411 	 	 0.7106 	 	 0.7831 	 0.7278 	 0.7831 	 	 0.7278
[2022/07/17 00:09:23] - 13 	 20.9 	 	 2.3 	 	 0.1000 	 0.6893 	 0.7701 	 0.8174 	 	 0.7195 	 	 0.7618 	 0.7338 	 0.7618 	 	 0.7338
[2022/07/17 00:09:46] - 14 	 20.5 	 	 2.3 	 	 0.1000 	 0.6610 	 0.7776 	 0.7931 	 	 0.7255 	 	 0.8053 	 0.7231 	 0.8053 	 	 0.7231
[2022/07/17 00:10:11] - 15 	 22.9 	 	 2.3 	 	 0.1000 	 0.6527 	 0.7821 	 0.7862 	 	 0.7293 	 	 0.7921 	 0.7215 	 0.7921 	 	 0.7215
[2022/07/17 00:10:34] - 16 	 20.4 	 	 2.2 	 	 0.1000 	 0.6356 	 0.7900 	 0.7699 	 	 0.7369 	 	 0.7582 	 0.7416 	 0.7582 	 	 0.7416
[2022/07/17 00:10:58] - 17 	 20.8 	 	 2.3 	 	 0.1000 	 0.6327 	 0.7908 	 0.7678 	 	 0.7372 	 	 0.7870 	 0.7296 	 0.7870 	 	 0.7296
[2022/07/17 00:11:20] - 18 	 20.4 	 	 2.3 	 	 0.1000 	 0.6226 	 0.7941 	 0.7593 	 	 0.7408 	 	 0.7426 	 0.7418 	 0.7426 	 	 0.7418
[2022/07/17 00:11:44] - 19 	 21.2 	 	 2.3 	 	 0.1000 	 0.5973 	 0.8040 	 0.7326 	 	 0.7488 	 	 0.7855 	 0.7309 	 0.7855 	 	 0.7309
[2022/07/17 00:12:07] - 20 	 20.6 	 	 2.3 	 	 0.1000 	 0.5974 	 0.8051 	 0.7371 	 	 0.7487 	 	 0.7557 	 0.7466 	 0.7557 	 	 0.7466
[2022/07/17 00:12:31] - 21 	 21.0 	 	 2.2 	 	 0.1000 	 0.5974 	 0.8027 	 0.7390 	 	 0.7449 	 	 0.7006 	 0.7627 	 0.7006 	 	 0.7627
[2022/07/17 00:12:54] - 22 	 20.7 	 	 2.3 	 	 0.1000 	 0.5835 	 0.8090 	 0.7251 	 	 0.7518 	 	 0.7575 	 0.7454 	 0.7575 	 	 0.7454
[2022/07/17 00:13:17] - 23 	 20.6 	 	 2.3 	 	 0.1000 	 0.5687 	 0.8120 	 0.7098 	 	 0.7546 	 	 0.7651 	 0.7413 	 0.7651 	 	 0.7413
[2022/07/17 00:13:40] - 24 	 20.6 	 	 2.3 	 	 0.1000 	 0.5808 	 0.8094 	 0.7241 	 	 0.7510 	 	 0.6892 	 0.7584 	 0.6892 	 	 0.7584
[2022/07/17 00:14:03] - 25 	 20.8 	 	 2.3 	 	 0.1000 	 0.5658 	 0.8159 	 0.7111 	 	 0.7554 	 	 0.6801 	 0.7677 	 0.6801 	 	 0.7677
[2022/07/17 00:14:26] - 26 	 20.7 	 	 2.3 	 	 0.1000 	 0.5579 	 0.8173 	 0.7020 	 	 0.7597 	 	 0.6874 	 0.7685 	 0.6874 	 	 0.7685
[2022/07/17 00:14:49] - 27 	 19.8 	 	 1.9 	 	 0.1000 	 0.5573 	 0.8207 	 0.7024 	 	 0.7618 	 	 0.6838 	 0.7639 	 0.6838 	 	 0.7639
[2022/07/17 00:15:11] - 28 	 19.7 	 	 2.1 	 	 0.1000 	 0.5515 	 0.8218 	 0.6973 	 	 0.7614 	 	 0.6514 	 0.7757 	 0.6514 	 	 0.7757
[2022/07/17 00:15:33] - 29 	 20.0 	 	 2.4 	 	 0.1000 	 0.5433 	 0.8236 	 0.6888 	 	 0.7652 	 	 0.6818 	 0.7664 	 0.6818 	 	 0.7664
[2022/07/17 00:15:57] - 30 	 21.4 	 	 2.4 	 	 0.1000 	 0.5397 	 0.8244 	 0.6861 	 	 0.7652 	 	 0.6758 	 0.7645 	 0.6758 	 	 0.7645
[2022/07/17 00:16:22] - 31 	 21.9 	 	 2.3 	 	 0.1000 	 0.5416 	 0.8239 	 0.6873 	 	 0.7631 	 	 0.9201 	 0.6881 	 0.9201 	 	 0.6881
[2022/07/17 00:16:46] - 32 	 22.3 	 	 2.3 	 	 0.1000 	 0.5447 	 0.8220 	 0.6908 	 	 0.7615 	 	 0.7108 	 0.7598 	 0.7108 	 	 0.7598
[2022/07/17 00:17:10] - 33 	 21.8 	 	 2.3 	 	 0.1000 	 0.5297 	 0.8295 	 0.6764 	 	 0.7694 	 	 0.6713 	 0.7688 	 0.6713 	 	 0.7688
[2022/07/17 00:17:34] - 34 	 21.2 	 	 2.3 	 	 0.1000 	 0.5334 	 0.8270 	 0.6812 	 	 0.7663 	 	 0.6954 	 0.7673 	 0.6954 	 	 0.7673
[2022/07/17 00:17:57] - 35 	 21.0 	 	 2.4 	 	 0.1000 	 0.5309 	 0.8279 	 0.6805 	 	 0.7663 	 	 0.7641 	 0.7394 	 0.7641 	 	 0.7394
[2022/07/17 00:18:21] - 36 	 21.5 	 	 2.4 	 	 0.1000 	 0.5264 	 0.8299 	 0.6741 	 	 0.7708 	 	 0.7414 	 0.7428 	 0.7414 	 	 0.7428
[2022/07/17 00:18:45] - 37 	 21.3 	 	 2.3 	 	 0.1000 	 0.5187 	 0.8319 	 0.6670 	 	 0.7721 	 	 0.6765 	 0.7714 	 0.6765 	 	 0.7714
[2022/07/17 00:19:08] - 38 	 21.3 	 	 2.2 	 	 0.1000 	 0.5197 	 0.8317 	 0.6687 	 	 0.7705 	 	 0.6200 	 0.7917 	 0.6200 	 	 0.7917
[2022/07/17 00:19:32] - 39 	 21.5 	 	 2.2 	 	 0.1000 	 0.5235 	 0.8316 	 0.6721 	 	 0.7700 	 	 0.7175 	 0.7540 	 0.7175 	 	 0.7540
[2022/07/17 00:19:56] - 40 	 21.1 	 	 2.3 	 	 0.1000 	 0.5199 	 0.8336 	 0.6690 	 	 0.7724 	 	 0.6553 	 0.7785 	 0.6553 	 	 0.7785
[2022/07/17 00:20:19] - 41 	 21.0 	 	 2.2 	 	 0.1000 	 0.5063 	 0.8370 	 0.6544 	 	 0.7759 	 	 0.6742 	 0.7690 	 0.6742 	 	 0.7690
[2022/07/17 00:20:42] - 42 	 20.9 	 	 2.2 	 	 0.1000 	 0.5168 	 0.8318 	 0.6665 	 	 0.7713 	 	 0.6470 	 0.7726 	 0.6470 	 	 0.7726
[2022/07/17 00:21:04] - 43 	 20.2 	 	 1.8 	 	 0.1000 	 0.5093 	 0.8384 	 0.6639 	 	 0.7733 	 	 0.7029 	 0.7622 	 0.7029 	 	 0.7622
[2022/07/17 00:21:27] - 44 	 19.9 	 	 2.2 	 	 0.1000 	 0.5110 	 0.8375 	 0.6594 	 	 0.7763 	 	 0.7027 	 0.7568 	 0.7027 	 	 0.7568
[2022/07/17 00:21:50] - 45 	 20.9 	 	 2.2 	 	 0.1000 	 0.5048 	 0.8379 	 0.6557 	 	 0.7776 	 	 0.7237 	 0.7557 	 0.7237 	 	 0.7557
[2022/07/17 00:22:13] - 46 	 21.2 	 	 2.3 	 	 0.1000 	 0.5000 	 0.8412 	 0.6513 	 	 0.7781 	 	 0.6853 	 0.7677 	 0.6853 	 	 0.7677
[2022/07/17 00:22:37] - 47 	 21.2 	 	 2.3 	 	 0.1000 	 0.5031 	 0.8388 	 0.6545 	 	 0.7770 	 	 0.6697 	 0.7683 	 0.6697 	 	 0.7683
[2022/07/17 00:23:00] - 48 	 21.1 	 	 2.3 	 	 0.1000 	 0.5081 	 0.8380 	 0.6597 	 	 0.7758 	 	 0.6991 	 0.7641 	 0.6991 	 	 0.7641
[2022/07/17 00:23:23] - 49 	 21.1 	 	 2.3 	 	 0.0100 	 0.5018 	 0.8384 	 0.6522 	 	 0.7774 	 	 0.6371 	 0.7824 	 0.6371 	 	 0.7824
[2022/07/17 00:23:47] - 50 	 20.9 	 	 2.2 	 	 0.0100 	 0.4410 	 0.8511 	 0.4568 	 	 0.8450 	 	 0.4404 	 0.8486 	 0.4404 	 	 0.8486
[2022/07/17 00:24:10] - 51 	 21.1 	 	 2.3 	 	 0.0100 	 0.3834 	 0.8687 	 0.4011 	 	 0.8614 	 	 0.4221 	 0.8550 	 0.4221 	 	 0.8550
[2022/07/17 00:24:34] - 52 	 21.0 	 	 2.2 	 	 0.0100 	 0.3585 	 0.8781 	 0.3774 	 	 0.8705 	 	 0.4145 	 0.8595 	 0.4145 	 	 0.8595
[2022/07/17 00:24:58] - 53 	 21.2 	 	 2.3 	 	 0.0100 	 0.3385 	 0.8841 	 0.3600 	 	 0.8757 	 	 0.4032 	 0.8646 	 0.4032 	 	 0.8646
[2022/07/17 00:25:22] - 54 	 21.1 	 	 2.2 	 	 0.0100 	 0.3210 	 0.8902 	 0.3444 	 	 0.8808 	 	 0.4035 	 0.8644 	 0.4035 	 	 0.8644
[2022/07/17 00:25:45] - 55 	 21.1 	 	 2.2 	 	 0.0100 	 0.3063 	 0.8954 	 0.3327 	 	 0.8847 	 	 0.4141 	 0.8600 	 0.4141 	 	 0.8600
[2022/07/17 00:26:08] - 56 	 20.9 	 	 2.2 	 	 0.0100 	 0.3018 	 0.8971 	 0.3301 	 	 0.8862 	 	 0.4023 	 0.8644 	 0.4023 	 	 0.8644
[2022/07/17 00:26:31] - 57 	 20.5 	 	 2.2 	 	 0.0100 	 0.2889 	 0.9026 	 0.3186 	 	 0.8902 	 	 0.4057 	 0.8627 	 0.4057 	 	 0.8627
[2022/07/17 00:26:50] - 58 	 17.0 	 	 2.2 	 	 0.0100 	 0.2741 	 0.9072 	 0.3061 	 	 0.8949 	 	 0.3980 	 0.8679 	 0.3980 	 	 0.8679
[2022/07/17 00:27:12] - 59 	 20.3 	 	 1.8 	 	 0.0100 	 0.2651 	 0.9104 	 0.2998 	 	 0.8954 	 	 0.3981 	 0.8686 	 0.3981 	 	 0.8686
[2022/07/17 00:27:34] - 60 	 19.1 	 	 1.7 	 	 0.0100 	 0.2576 	 0.9133 	 0.2951 	 	 0.8981 	 	 0.4182 	 0.8598 	 0.4182 	 	 0.8598
[2022/07/17 00:27:54] - 61 	 18.4 	 	 1.7 	 	 0.0100 	 0.2486 	 0.9184 	 0.2891 	 	 0.9010 	 	 0.3927 	 0.8726 	 0.3927 	 	 0.8726
[2022/07/17 00:28:15] - 62 	 18.8 	 	 1.7 	 	 0.0100 	 0.2415 	 0.9203 	 0.2832 	 	 0.9021 	 	 0.3994 	 0.8661 	 0.3994 	 	 0.8661
[2022/07/17 00:28:35] - 63 	 18.8 	 	 1.7 	 	 0.0100 	 0.2375 	 0.9205 	 0.2824 	 	 0.9017 	 	 0.3984 	 0.8648 	 0.3984 	 	 0.8648
[2022/07/17 00:28:56] - 64 	 18.5 	 	 1.7 	 	 0.0100 	 0.2328 	 0.9231 	 0.2777 	 	 0.9035 	 	 0.4026 	 0.8685 	 0.4026 	 	 0.8685
[2022/07/17 00:29:16] - 65 	 18.7 	 	 1.7 	 	 0.0100 	 0.2240 	 0.9257 	 0.2724 	 	 0.9049 	 	 0.3949 	 0.8672 	 0.3949 	 	 0.8672
[2022/07/17 00:29:36] - 66 	 18.9 	 	 1.6 	 	 0.0100 	 0.2156 	 0.9284 	 0.2665 	 	 0.9066 	 	 0.4168 	 0.8587 	 0.4168 	 	 0.8587
[2022/07/17 00:29:57] - 67 	 18.4 	 	 1.7 	 	 0.0100 	 0.2164 	 0.9287 	 0.2697 	 	 0.9057 	 	 0.4024 	 0.8687 	 0.4024 	 	 0.8687
[2022/07/17 00:30:17] - 68 	 18.7 	 	 1.7 	 	 0.0100 	 0.2104 	 0.9323 	 0.2645 	 	 0.9084 	 	 0.4144 	 0.8663 	 0.4144 	 	 0.8663
[2022/07/17 00:30:37] - 69 	 18.3 	 	 2.2 	 	 0.0100 	 0.2052 	 0.9345 	 0.2632 	 	 0.9080 	 	 0.4099 	 0.8618 	 0.4099 	 	 0.8618
[2022/07/17 00:30:57] - 70 	 18.2 	 	 1.6 	 	 0.0100 	 0.2028 	 0.9341 	 0.2629 	 	 0.9079 	 	 0.4405 	 0.8544 	 0.4405 	 	 0.8544
[2022/07/17 00:31:18] - 71 	 18.7 	 	 1.6 	 	 0.0100 	 0.2005 	 0.9360 	 0.2600 	 	 0.9096 	 	 0.4143 	 0.8623 	 0.4143 	 	 0.8623
[2022/07/17 00:31:38] - 72 	 18.7 	 	 1.7 	 	 0.0100 	 0.1946 	 0.9384 	 0.2562 	 	 0.9109 	 	 0.4281 	 0.8603 	 0.4281 	 	 0.8603
[2022/07/17 00:31:59] - 73 	 18.9 	 	 1.6 	 	 0.0100 	 0.1900 	 0.9405 	 0.2532 	 	 0.9113 	 	 0.4395 	 0.8562 	 0.4395 	 	 0.8562
[2022/07/17 00:32:19] - 74 	 18.6 	 	 1.8 	 	 0.0010 	 0.1951 	 0.9371 	 0.2604 	 	 0.9083 	 	 0.4226 	 0.8600 	 0.4226 	 	 0.8600
[2022/07/17 00:32:39] - 75 	 18.1 	 	 1.7 	 	 0.0010 	 0.1919 	 0.9344 	 0.1974 	 	 0.9317 	 	 0.3800 	 0.8731 	 0.3800 	 	 0.8731
[2022/07/17 00:33:00] - 76 	 18.6 	 	 1.7 	 	 0.0010 	 0.1675 	 0.9432 	 0.1727 	 	 0.9411 	 	 0.3761 	 0.8777 	 0.3761 	 	 0.8777
[2022/07/17 00:33:20] - 77 	 18.3 	 	 1.6 	 	 0.0010 	 0.1576 	 0.9471 	 0.1631 	 	 0.9446 	 	 0.3781 	 0.8776 	 0.3781 	 	 0.8776
[2022/07/17 00:33:40] - 78 	 18.6 	 	 1.7 	 	 0.0010 	 0.1538 	 0.9480 	 0.1595 	 	 0.9457 	 	 0.3797 	 0.8784 	 0.3797 	 	 0.8784
[2022/07/17 00:34:01] - 79 	 18.3 	 	 2.1 	 	 0.0010 	 0.1464 	 0.9509 	 0.1523 	 	 0.9488 	 	 0.3795 	 0.8797 	 0.3795 	 	 0.8797
[2022/07/17 00:34:22] - 80 	 18.1 	 	 1.7 	 	 0.0010 	 0.1403 	 0.9523 	 0.1464 	 	 0.9497 	 	 0.3827 	 0.8791 	 0.3827 	 	 0.8791
[2022/07/17 00:34:42] - 81 	 18.6 	 	 1.7 	 	 0.0010 	 0.1356 	 0.9538 	 0.1419 	 	 0.9511 	 	 0.3810 	 0.8778 	 0.3810 	 	 0.8778
[2022/07/17 00:35:02] - 82 	 18.1 	 	 1.7 	 	 0.0010 	 0.1320 	 0.9562 	 0.1383 	 	 0.9536 	 	 0.3872 	 0.8773 	 0.3872 	 	 0.8773
[2022/07/17 00:35:22] - 83 	 18.5 	 	 1.6 	 	 0.0010 	 0.1294 	 0.9562 	 0.1362 	 	 0.9533 	 	 0.3873 	 0.8799 	 0.3873 	 	 0.8799
[2022/07/17 00:35:43] - 84 	 18.8 	 	 1.7 	 	 0.0010 	 0.1227 	 0.9591 	 0.1293 	 	 0.9561 	 	 0.3920 	 0.8793 	 0.3920 	 	 0.8793
[2022/07/17 00:36:03] - 85 	 18.3 	 	 1.7 	 	 0.0010 	 0.1245 	 0.9590 	 0.1316 	 	 0.9558 	 	 0.3928 	 0.8789 	 0.3928 	 	 0.8789
[2022/07/17 00:36:23] - 86 	 18.9 	 	 1.7 	 	 0.0010 	 0.1205 	 0.9600 	 0.1277 	 	 0.9567 	 	 0.3916 	 0.8806 	 0.3916 	 	 0.8806
[2022/07/17 00:36:44] - 87 	 18.8 	 	 1.6 	 	 0.0010 	 0.1166 	 0.9616 	 0.1241 	 	 0.9584 	 	 0.3916 	 0.8802 	 0.3916 	 	 0.8802
[2022/07/17 00:37:04] - 88 	 18.3 	 	 1.7 	 	 0.0010 	 0.1144 	 0.9616 	 0.1220 	 	 0.9578 	 	 0.4003 	 0.8786 	 0.4003 	 	 0.8786
[2022/07/17 00:37:25] - 89 	 18.5 	 	 1.6 	 	 0.0010 	 0.1103 	 0.9633 	 0.1181 	 	 0.9597 	 	 0.3996 	 0.8767 	 0.3996 	 	 0.8767
[2022/07/17 00:37:45] - 90 	 18.1 	 	 2.1 	 	 0.0010 	 0.1082 	 0.9646 	 0.1161 	 	 0.9611 	 	 0.4039 	 0.8793 	 0.4039 	 	 0.8793
[2022/07/17 00:38:05] - 91 	 18.7 	 	 1.7 	 	 0.0010 	 0.1053 	 0.9646 	 0.1134 	 	 0.9610 	 	 0.4018 	 0.8797 	 0.4018 	 	 0.8797
[2022/07/17 00:38:26] - 92 	 18.8 	 	 1.6 	 	 0.0010 	 0.1044 	 0.9661 	 0.1129 	 	 0.9619 	 	 0.4006 	 0.8796 	 0.4006 	 	 0.8796
[2022/07/17 00:38:46] - 93 	 18.3 	 	 1.7 	 	 0.0010 	 0.1042 	 0.9658 	 0.1129 	 	 0.9619 	 	 0.3992 	 0.8797 	 0.3992 	 	 0.8797
[2022/07/17 00:39:06] - 94 	 18.6 	 	 1.7 	 	 0.0010 	 0.0985 	 0.9681 	 0.1070 	 	 0.9643 	 	 0.4108 	 0.8797 	 0.4108 	 	 0.8797
[2022/07/17 00:39:27] - 95 	 18.5 	 	 2.0 	 	 0.0010 	 0.0989 	 0.9669 	 0.1080 	 	 0.9625 	 	 0.4052 	 0.8810 	 0.4052 	 	 0.8810
[2022/07/17 00:39:47] - 96 	 18.4 	 	 1.7 	 	 0.0010 	 0.0939 	 0.9693 	 0.1027 	 	 0.9656 	 	 0.4099 	 0.8802 	 0.4099 	 	 0.8802
[2022/07/17 00:40:07] - 97 	 18.7 	 	 1.7 	 	 0.0010 	 0.0961 	 0.9675 	 0.1055 	 	 0.9634 	 	 0.4144 	 0.8799 	 0.4144 	 	 0.8799
[2022/07/17 00:40:28] - 98 	 18.1 	 	 2.2 	 	 0.0010 	 0.0939 	 0.9690 	 0.1031 	 	 0.9649 	 	 0.4055 	 0.8792 	 0.4055 	 	 0.8792
[2022/07/17 00:40:48] - 99 	 18.3 	 	 1.7 	 	 0.0010 	 0.0921 	 0.9700 	 0.1016 	 	 0.9656 	 	 0.4068 	 0.8812 	 0.4068 	 	 0.8812
