[2022/07/16 13:47:11] - Namespace(attack='none', attack_iters=10, batch_size=128, chkpt_iters=10, cutout=False, cutout_len=None, data_dir='../../cifar-data', epochs=100, epsilon=8, eval=False, fgsm_alpha=1.25, fgsm_init='random', fname='./results/716_1_nt_res18/', half=False, l1=0, l2=0, lr_drop_epoch=100, lr_max=0.1, lr_one_drop=0.01, lr_schedule='piecewise', mixup=False, mixup_alpha=None, model='res18', norm='l_inf', pgd_alpha=2, restarts=1, resume=0, seed=0, val=False, width_factor=10)
[2022/07/16 13:47:14] - Epoch 	 Train Time 	 Test Time 	 LR 	 	 Train Loss 	 Train Acc 	 Train Robust Loss 	 Train Robust Acc 	 Test Loss 	 Test Acc 	 Test Robust Loss 	 Test Robust Acc
[2022/07/16 13:47:40] - 0 	 23.5 	 	 2.0 	 	 0.1000 	 1.7574 	 0.3538 	 1.8285 	 	 0.3340 	 	 1.4257 	 0.4769 	 1.4257 	 	 0.4769
[2022/07/16 13:48:05] - 1 	 23.5 	 	 2.0 	 	 0.1000 	 1.2587 	 0.5419 	 1.3366 	 	 0.5123 	 	 1.1943 	 0.5694 	 1.1943 	 	 0.5694
[2022/07/16 13:48:31] - 2 	 23.6 	 	 2.0 	 	 0.1000 	 0.9850 	 0.6500 	 1.0763 	 	 0.6159 	 	 0.9992 	 0.6403 	 0.9992 	 	 0.6403
[2022/07/16 13:48:57] - 3 	 23.5 	 	 2.0 	 	 0.1000 	 0.8351 	 0.7085 	 0.9313 	 	 0.6711 	 	 0.8609 	 0.6980 	 0.8609 	 	 0.6980
[2022/07/16 13:49:23] - 4 	 23.6 	 	 2.0 	 	 0.1000 	 0.7020 	 0.7582 	 0.8071 	 	 0.7169 	 	 0.8473 	 0.7065 	 0.8473 	 	 0.7065
[2022/07/16 13:49:49] - 5 	 23.6 	 	 2.0 	 	 0.1000 	 0.5966 	 0.7984 	 0.7062 	 	 0.7537 	 	 0.6967 	 0.7565 	 0.6967 	 	 0.7565
[2022/07/16 13:50:14] - 6 	 23.6 	 	 2.0 	 	 0.1000 	 0.5154 	 0.8294 	 0.6266 	 	 0.7818 	 	 0.6167 	 0.7877 	 0.6167 	 	 0.7877
[2022/07/16 13:50:40] - 7 	 23.6 	 	 2.0 	 	 0.1000 	 0.4634 	 0.8487 	 0.5814 	 	 0.8002 	 	 0.5548 	 0.8136 	 0.5548 	 	 0.8136
[2022/07/16 13:51:06] - 8 	 23.7 	 	 2.1 	 	 0.1000 	 0.4129 	 0.8676 	 0.5368 	 	 0.8151 	 	 0.5393 	 0.8114 	 0.5393 	 	 0.8114
[2022/07/16 13:51:32] - 9 	 23.6 	 	 2.0 	 	 0.1000 	 0.3889 	 0.8755 	 0.5164 	 	 0.8196 	 	 0.5598 	 0.8112 	 0.5598 	 	 0.8112
[2022/07/16 13:51:58] - 10 	 23.7 	 	 2.0 	 	 0.1000 	 0.3650 	 0.8852 	 0.4978 	 	 0.8311 	 	 0.5631 	 0.8070 	 0.5631 	 	 0.8070
[2022/07/16 13:52:24] - 11 	 23.7 	 	 2.0 	 	 0.1000 	 0.3440 	 0.8928 	 0.4764 	 	 0.8363 	 	 0.5824 	 0.8031 	 0.5824 	 	 0.8031
[2022/07/16 13:52:49] - 12 	 23.7 	 	 2.0 	 	 0.1000 	 0.3300 	 0.8987 	 0.4662 	 	 0.8397 	 	 0.5010 	 0.8267 	 0.5010 	 	 0.8267
[2022/07/16 13:53:15] - 13 	 23.6 	 	 2.0 	 	 0.1000 	 0.3126 	 0.9058 	 0.4480 	 	 0.8475 	 	 0.4700 	 0.8387 	 0.4700 	 	 0.8387
[2022/07/16 13:53:41] - 14 	 23.6 	 	 2.0 	 	 0.1000 	 0.2991 	 0.9102 	 0.4356 	 	 0.8514 	 	 0.4735 	 0.8343 	 0.4735 	 	 0.8343
[2022/07/16 13:54:07] - 15 	 23.6 	 	 2.0 	 	 0.1000 	 0.2865 	 0.9147 	 0.4271 	 	 0.8543 	 	 0.8357 	 0.7429 	 0.8357 	 	 0.7429
[2022/07/16 13:54:33] - 16 	 23.6 	 	 2.1 	 	 0.1000 	 0.2784 	 0.9172 	 0.4180 	 	 0.8566 	 	 0.4820 	 0.8351 	 0.4820 	 	 0.8351
[2022/07/16 13:54:58] - 17 	 23.6 	 	 2.0 	 	 0.1000 	 0.2725 	 0.9220 	 0.4150 	 	 0.8586 	 	 0.4972 	 0.8331 	 0.4972 	 	 0.8331
[2022/07/16 13:55:24] - 18 	 23.6 	 	 2.0 	 	 0.1000 	 0.2617 	 0.9244 	 0.4017 	 	 0.8623 	 	 0.5910 	 0.8027 	 0.5910 	 	 0.8027
[2022/07/16 13:55:50] - 19 	 23.6 	 	 2.0 	 	 0.1000 	 0.2631 	 0.9229 	 0.4055 	 	 0.8608 	 	 0.4670 	 0.8437 	 0.4670 	 	 0.8437
[2022/07/16 13:56:16] - 20 	 23.7 	 	 2.1 	 	 0.1000 	 0.2462 	 0.9296 	 0.3861 	 	 0.8675 	 	 0.4540 	 0.8489 	 0.4540 	 	 0.8489
[2022/07/16 13:56:42] - 21 	 23.7 	 	 2.0 	 	 0.1000 	 0.2424 	 0.9310 	 0.3844 	 	 0.8678 	 	 0.4881 	 0.8374 	 0.4881 	 	 0.8374
[2022/07/16 13:57:07] - 22 	 23.6 	 	 2.0 	 	 0.1000 	 0.2390 	 0.9321 	 0.3827 	 	 0.8698 	 	 0.4860 	 0.8339 	 0.4860 	 	 0.8339
[2022/07/16 13:57:33] - 23 	 23.7 	 	 2.0 	 	 0.1000 	 0.2373 	 0.9318 	 0.3806 	 	 0.8703 	 	 0.4634 	 0.8458 	 0.4634 	 	 0.8458
[2022/07/16 13:57:59] - 24 	 23.6 	 	 2.0 	 	 0.1000 	 0.2309 	 0.9354 	 0.3743 	 	 0.8728 	 	 0.4787 	 0.8377 	 0.4787 	 	 0.8377
[2022/07/16 13:58:24] - 25 	 23.6 	 	 2.0 	 	 0.1000 	 0.2301 	 0.9353 	 0.3767 	 	 0.8713 	 	 0.3895 	 0.8677 	 0.3895 	 	 0.8677
[2022/07/16 13:58:50] - 26 	 23.6 	 	 2.0 	 	 0.1000 	 0.2199 	 0.9384 	 0.3608 	 	 0.8767 	 	 0.4236 	 0.8530 	 0.4236 	 	 0.8530
[2022/07/16 13:59:16] - 27 	 23.6 	 	 2.0 	 	 0.1000 	 0.2192 	 0.9396 	 0.3619 	 	 0.8763 	 	 0.4221 	 0.8545 	 0.4221 	 	 0.8545
[2022/07/16 13:59:42] - 28 	 23.6 	 	 2.0 	 	 0.1000 	 0.2190 	 0.9388 	 0.3639 	 	 0.8743 	 	 0.4481 	 0.8491 	 0.4481 	 	 0.8491
[2022/07/16 14:00:07] - 29 	 23.6 	 	 2.0 	 	 0.1000 	 0.2154 	 0.9401 	 0.3619 	 	 0.8758 	 	 0.4366 	 0.8528 	 0.4366 	 	 0.8528
[2022/07/16 14:00:33] - 30 	 23.7 	 	 2.1 	 	 0.1000 	 0.2108 	 0.9422 	 0.3522 	 	 0.8794 	 	 0.4325 	 0.8526 	 0.4325 	 	 0.8526
[2022/07/16 14:00:59] - 31 	 23.6 	 	 2.0 	 	 0.1000 	 0.2071 	 0.9423 	 0.3521 	 	 0.8792 	 	 0.4506 	 0.8484 	 0.4506 	 	 0.8484
[2022/07/16 14:01:24] - 32 	 23.7 	 	 2.0 	 	 0.1000 	 0.2080 	 0.9436 	 0.3505 	 	 0.8807 	 	 0.4331 	 0.8531 	 0.4331 	 	 0.8531
[2022/07/16 14:01:50] - 33 	 23.6 	 	 2.0 	 	 0.1000 	 0.2082 	 0.9425 	 0.3524 	 	 0.8805 	 	 0.4483 	 0.8491 	 0.4483 	 	 0.8491
[2022/07/16 14:02:16] - 34 	 23.6 	 	 2.0 	 	 0.1000 	 0.2084 	 0.9435 	 0.3556 	 	 0.8793 	 	 0.6897 	 0.7892 	 0.6897 	 	 0.7892
[2022/07/16 14:02:41] - 35 	 23.6 	 	 2.0 	 	 0.1000 	 0.2033 	 0.9440 	 0.3503 	 	 0.8790 	 	 0.4308 	 0.8549 	 0.4308 	 	 0.8549
[2022/07/16 14:03:07] - 36 	 23.6 	 	 2.0 	 	 0.1000 	 0.1985 	 0.9462 	 0.3434 	 	 0.8828 	 	 0.4468 	 0.8484 	 0.4468 	 	 0.8484
[2022/07/16 14:03:33] - 37 	 23.6 	 	 2.0 	 	 0.1000 	 0.2011 	 0.9461 	 0.3478 	 	 0.8817 	 	 0.4694 	 0.8454 	 0.4694 	 	 0.8454
[2022/07/16 14:03:58] - 38 	 23.6 	 	 2.0 	 	 0.1000 	 0.2000 	 0.9459 	 0.3449 	 	 0.8822 	 	 0.4072 	 0.8663 	 0.4072 	 	 0.8663
[2022/07/16 14:04:24] - 39 	 23.6 	 	 2.0 	 	 0.1000 	 0.1964 	 0.9472 	 0.3407 	 	 0.8840 	 	 0.4605 	 0.8483 	 0.4605 	 	 0.8483
[2022/07/16 14:04:50] - 40 	 23.6 	 	 2.0 	 	 0.1000 	 0.1950 	 0.9472 	 0.3407 	 	 0.8848 	 	 0.4148 	 0.8609 	 0.4148 	 	 0.8609
[2022/07/16 14:05:15] - 41 	 23.6 	 	 2.0 	 	 0.1000 	 0.1893 	 0.9497 	 0.3363 	 	 0.8840 	 	 0.4210 	 0.8635 	 0.4210 	 	 0.8635
[2022/07/16 14:05:41] - 42 	 23.6 	 	 2.0 	 	 0.1000 	 0.1907 	 0.9505 	 0.3363 	 	 0.8844 	 	 0.4198 	 0.8575 	 0.4198 	 	 0.8575
[2022/07/16 14:06:07] - 43 	 23.6 	 	 2.0 	 	 0.1000 	 0.1955 	 0.9475 	 0.3412 	 	 0.8843 	 	 0.4578 	 0.8560 	 0.4578 	 	 0.8560
[2022/07/16 14:06:32] - 44 	 23.6 	 	 2.1 	 	 0.1000 	 0.1890 	 0.9505 	 0.3353 	 	 0.8851 	 	 0.3809 	 0.8687 	 0.3809 	 	 0.8687
[2022/07/16 14:06:58] - 45 	 23.6 	 	 2.0 	 	 0.1000 	 0.1918 	 0.9483 	 0.3354 	 	 0.8853 	 	 0.4085 	 0.8629 	 0.4085 	 	 0.8629
[2022/07/16 14:07:24] - 46 	 23.7 	 	 2.0 	 	 0.1000 	 0.1862 	 0.9505 	 0.3312 	 	 0.8867 	 	 0.4740 	 0.8450 	 0.4740 	 	 0.8450
[2022/07/16 14:07:50] - 47 	 23.6 	 	 2.0 	 	 0.1000 	 0.1924 	 0.9492 	 0.3402 	 	 0.8838 	 	 0.5262 	 0.8287 	 0.5262 	 	 0.8287
[2022/07/16 14:08:15] - 48 	 23.6 	 	 2.0 	 	 0.1000 	 0.1868 	 0.9518 	 0.3314 	 	 0.8875 	 	 0.4599 	 0.8501 	 0.4599 	 	 0.8501
[2022/07/16 14:08:41] - 49 	 23.6 	 	 2.0 	 	 0.0100 	 0.1882 	 0.9504 	 0.3316 	 	 0.8874 	 	 0.4000 	 0.8645 	 0.4000 	 	 0.8645
[2022/07/16 14:09:07] - 50 	 23.6 	 	 2.0 	 	 0.0100 	 0.1648 	 0.9464 	 0.1762 	 	 0.9416 	 	 0.2120 	 0.9305 	 0.2120 	 	 0.9305
[2022/07/16 14:09:32] - 51 	 23.6 	 	 2.0 	 	 0.0100 	 0.1190 	 0.9613 	 0.1299 	 	 0.9560 	 	 0.1986 	 0.9329 	 0.1986 	 	 0.9329
[2022/07/16 14:09:58] - 52 	 23.7 	 	 2.1 	 	 0.0100 	 0.0991 	 0.9683 	 0.1106 	 	 0.9638 	 	 0.1935 	 0.9350 	 0.1935 	 	 0.9350
[2022/07/16 14:10:24] - 53 	 23.7 	 	 2.0 	 	 0.0100 	 0.0880 	 0.9719 	 0.1006 	 	 0.9662 	 	 0.1901 	 0.9360 	 0.1901 	 	 0.9360
[2022/07/16 14:10:50] - 54 	 23.6 	 	 2.0 	 	 0.0100 	 0.0762 	 0.9766 	 0.0895 	 	 0.9701 	 	 0.1972 	 0.9347 	 0.1972 	 	 0.9347
[2022/07/16 14:11:16] - 55 	 23.6 	 	 2.0 	 	 0.0100 	 0.0647 	 0.9803 	 0.0783 	 	 0.9739 	 	 0.1966 	 0.9372 	 0.1966 	 	 0.9372
[2022/07/16 14:11:42] - 56 	 23.7 	 	 2.1 	 	 0.0100 	 0.0591 	 0.9829 	 0.0741 	 	 0.9755 	 	 0.1961 	 0.9365 	 0.1961 	 	 0.9365
[2022/07/16 14:12:08] - 57 	 23.6 	 	 2.0 	 	 0.0100 	 0.0517 	 0.9854 	 0.0673 	 	 0.9776 	 	 0.1894 	 0.9399 	 0.1894 	 	 0.9399
[2022/07/16 14:12:33] - 58 	 23.6 	 	 2.0 	 	 0.0100 	 0.0425 	 0.9888 	 0.0573 	 	 0.9811 	 	 0.2010 	 0.9364 	 0.2010 	 	 0.9364
[2022/07/16 14:12:59] - 59 	 23.6 	 	 2.0 	 	 0.0100 	 0.0377 	 0.9911 	 0.0544 	 	 0.9821 	 	 0.1991 	 0.9357 	 0.1991 	 	 0.9357
[2022/07/16 14:13:25] - 60 	 23.5 	 	 2.0 	 	 0.0100 	 0.0346 	 0.9915 	 0.0520 	 	 0.9829 	 	 0.1994 	 0.9392 	 0.1994 	 	 0.9392
[2022/07/16 14:13:50] - 61 	 23.6 	 	 2.0 	 	 0.0100 	 0.0301 	 0.9937 	 0.0481 	 	 0.9841 	 	 0.2078 	 0.9368 	 0.2078 	 	 0.9368
[2022/07/16 14:14:16] - 62 	 23.6 	 	 2.0 	 	 0.0100 	 0.0273 	 0.9943 	 0.0460 	 	 0.9851 	 	 0.2125 	 0.9390 	 0.2125 	 	 0.9390
[2022/07/16 14:14:41] - 63 	 23.6 	 	 2.0 	 	 0.0100 	 0.0250 	 0.9956 	 0.0431 	 	 0.9859 	 	 0.2260 	 0.9342 	 0.2260 	 	 0.9342
[2022/07/16 14:15:07] - 64 	 23.6 	 	 2.0 	 	 0.0100 	 0.0230 	 0.9957 	 0.0418 	 	 0.9865 	 	 0.2165 	 0.9363 	 0.2165 	 	 0.9363
[2022/07/16 14:15:33] - 65 	 23.5 	 	 2.0 	 	 0.0100 	 0.0206 	 0.9969 	 0.0397 	 	 0.9872 	 	 0.2140 	 0.9354 	 0.2140 	 	 0.9354
[2022/07/16 14:15:58] - 66 	 23.5 	 	 2.0 	 	 0.0100 	 0.0196 	 0.9969 	 0.0390 	 	 0.9869 	 	 0.2208 	 0.9351 	 0.2208 	 	 0.9351
[2022/07/16 14:16:24] - 67 	 23.6 	 	 2.0 	 	 0.0100 	 0.0173 	 0.9977 	 0.0360 	 	 0.9887 	 	 0.2270 	 0.9365 	 0.2270 	 	 0.9365
[2022/07/16 14:16:50] - 68 	 23.7 	 	 2.0 	 	 0.0100 	 0.0182 	 0.9971 	 0.0392 	 	 0.9875 	 	 0.2218 	 0.9356 	 0.2218 	 	 0.9356
[2022/07/16 14:17:15] - 69 	 23.5 	 	 2.0 	 	 0.0100 	 0.0186 	 0.9971 	 0.0404 	 	 0.9865 	 	 0.2263 	 0.9367 	 0.2263 	 	 0.9367
[2022/07/16 14:17:41] - 70 	 23.6 	 	 2.0 	 	 0.0100 	 0.0165 	 0.9979 	 0.0360 	 	 0.9883 	 	 0.2274 	 0.9377 	 0.2274 	 	 0.9377
[2022/07/16 14:18:06] - 71 	 23.6 	 	 2.0 	 	 0.0100 	 0.0159 	 0.9979 	 0.0371 	 	 0.9882 	 	 0.2197 	 0.9382 	 0.2197 	 	 0.9382
[2022/07/16 14:18:32] - 72 	 23.6 	 	 2.0 	 	 0.0100 	 0.0150 	 0.9984 	 0.0365 	 	 0.9882 	 	 0.2286 	 0.9357 	 0.2286 	 	 0.9357
[2022/07/16 14:18:58] - 73 	 23.5 	 	 2.0 	 	 0.0100 	 0.0157 	 0.9983 	 0.0375 	 	 0.9880 	 	 0.2380 	 0.9345 	 0.2380 	 	 0.9345
[2022/07/16 14:19:23] - 74 	 23.7 	 	 2.0 	 	 0.0010 	 0.0153 	 0.9984 	 0.0383 	 	 0.9875 	 	 0.2244 	 0.9334 	 0.2244 	 	 0.9334
[2022/07/16 14:19:49] - 75 	 23.6 	 	 2.0 	 	 0.0010 	 0.0219 	 0.9940 	 0.0240 	 	 0.9931 	 	 0.1990 	 0.9436 	 0.1990 	 	 0.9436
[2022/07/16 14:20:15] - 76 	 23.6 	 	 2.0 	 	 0.0010 	 0.0153 	 0.9961 	 0.0167 	 	 0.9953 	 	 0.1951 	 0.9442 	 0.1951 	 	 0.9442
[2022/07/16 14:20:41] - 77 	 23.6 	 	 2.0 	 	 0.0010 	 0.0127 	 0.9971 	 0.0139 	 	 0.9966 	 	 0.1971 	 0.9445 	 0.1971 	 	 0.9445
[2022/07/16 14:21:06] - 78 	 23.6 	 	 2.0 	 	 0.0010 	 0.0112 	 0.9980 	 0.0122 	 	 0.9975 	 	 0.1923 	 0.9473 	 0.1923 	 	 0.9473
[2022/07/16 14:21:32] - 79 	 23.6 	 	 2.0 	 	 0.0010 	 0.0100 	 0.9980 	 0.0109 	 	 0.9974 	 	 0.1953 	 0.9474 	 0.1953 	 	 0.9474
[2022/07/16 14:21:58] - 80 	 23.6 	 	 2.0 	 	 0.0010 	 0.0095 	 0.9983 	 0.0104 	 	 0.9978 	 	 0.1967 	 0.9463 	 0.1967 	 	 0.9463
[2022/07/16 14:22:24] - 81 	 23.6 	 	 2.0 	 	 0.0010 	 0.0088 	 0.9984 	 0.0095 	 	 0.9979 	 	 0.1980 	 0.9465 	 0.1980 	 	 0.9465
[2022/07/16 14:22:49] - 82 	 23.6 	 	 2.0 	 	 0.0010 	 0.0080 	 0.9988 	 0.0087 	 	 0.9983 	 	 0.1979 	 0.9473 	 0.1979 	 	 0.9473
[2022/07/16 14:23:15] - 83 	 23.6 	 	 2.0 	 	 0.0010 	 0.0073 	 0.9989 	 0.0079 	 	 0.9985 	 	 0.1959 	 0.9464 	 0.1959 	 	 0.9464
[2022/07/16 14:23:41] - 84 	 23.5 	 	 2.0 	 	 0.0010 	 0.0074 	 0.9988 	 0.0081 	 	 0.9982 	 	 0.1945 	 0.9485 	 0.1945 	 	 0.9485
[2022/07/16 14:24:06] - 85 	 23.6 	 	 2.0 	 	 0.0010 	 0.0072 	 0.9987 	 0.0078 	 	 0.9983 	 	 0.1990 	 0.9484 	 0.1990 	 	 0.9484
[2022/07/16 14:24:32] - 86 	 23.5 	 	 2.0 	 	 0.0010 	 0.0064 	 0.9992 	 0.0069 	 	 0.9989 	 	 0.1989 	 0.9474 	 0.1989 	 	 0.9474
[2022/07/16 14:24:58] - 87 	 23.6 	 	 2.0 	 	 0.0010 	 0.0060 	 0.9993 	 0.0066 	 	 0.9988 	 	 0.2023 	 0.9470 	 0.2023 	 	 0.9470
[2022/07/16 14:25:23] - 88 	 23.6 	 	 2.0 	 	 0.0010 	 0.0062 	 0.9991 	 0.0068 	 	 0.9987 	 	 0.1990 	 0.9473 	 0.1990 	 	 0.9473
[2022/07/16 14:25:49] - 89 	 23.6 	 	 2.0 	 	 0.0010 	 0.0059 	 0.9993 	 0.0064 	 	 0.9989 	 	 0.1999 	 0.9470 	 0.1999 	 	 0.9470
[2022/07/16 14:26:14] - 90 	 23.5 	 	 2.0 	 	 0.0010 	 0.0057 	 0.9993 	 0.0062 	 	 0.9990 	 	 0.1985 	 0.9487 	 0.1985 	 	 0.9487
[2022/07/16 14:26:40] - 91 	 23.6 	 	 2.0 	 	 0.0010 	 0.0061 	 0.9989 	 0.0068 	 	 0.9986 	 	 0.1989 	 0.9479 	 0.1989 	 	 0.9479
[2022/07/16 14:27:06] - 92 	 23.6 	 	 2.0 	 	 0.0010 	 0.0056 	 0.9994 	 0.0061 	 	 0.9991 	 	 0.2020 	 0.9486 	 0.2020 	 	 0.9486
[2022/07/16 14:27:31] - 93 	 23.6 	 	 2.0 	 	 0.0010 	 0.0053 	 0.9994 	 0.0057 	 	 0.9991 	 	 0.2018 	 0.9486 	 0.2018 	 	 0.9486
[2022/07/16 14:27:57] - 94 	 23.6 	 	 2.0 	 	 0.0010 	 0.0052 	 0.9994 	 0.0057 	 	 0.9992 	 	 0.2022 	 0.9483 	 0.2022 	 	 0.9483
[2022/07/16 14:28:23] - 95 	 23.6 	 	 2.0 	 	 0.0010 	 0.0052 	 0.9994 	 0.0056 	 	 0.9992 	 	 0.2077 	 0.9475 	 0.2077 	 	 0.9475
[2022/07/16 14:28:48] - 96 	 23.6 	 	 2.0 	 	 0.0010 	 0.0049 	 0.9994 	 0.0054 	 	 0.9993 	 	 0.2009 	 0.9487 	 0.2009 	 	 0.9487
[2022/07/16 14:29:14] - 97 	 23.6 	 	 2.0 	 	 0.0010 	 0.0048 	 0.9994 	 0.0052 	 	 0.9992 	 	 0.2048 	 0.9474 	 0.2048 	 	 0.9474
[2022/07/16 14:29:39] - 98 	 23.5 	 	 2.0 	 	 0.0010 	 0.0050 	 0.9994 	 0.0054 	 	 0.9991 	 	 0.2034 	 0.9484 	 0.2034 	 	 0.9484
[2022/07/16 14:30:05] - 99 	 23.6 	 	 2.0 	 	 0.0010 	 0.0045 	 0.9996 	 0.0049 	 	 0.9994 	 	 0.2021 	 0.9483 	 0.2021 	 	 0.9483
