[2022/07/16 15:41:12] - Namespace(attack='none', attack_iters=10, batch_size=128, chkpt_iters=10, cutout=False, cutout_len=None, data_dir='../../cifar-data', epochs=100, epsilon=8, eval=False, fgsm_alpha=1.25, fgsm_init='random', fname='./results/716_2_nt_res18eca', half=False, l1=0, l2=0, lr_drop_epoch=100, lr_max=0.1, lr_one_drop=0.01, lr_schedule='piecewise', mixup=False, mixup_alpha=None, model='res18_eca', norm='l_inf', pgd_alpha=2, restarts=1, resume=0, seed=0, val=False, width_factor=10)
[2022/07/16 15:41:15] - Epoch 	 Train Time 	 Test Time 	 LR 	 	 Train Loss 	 Train Acc 	 Train Robust Loss 	 Train Robust Acc 	 Test Loss 	 Test Acc 	 Test Robust Loss 	 Test Robust Acc
[2022/07/16 15:41:30] - 0 	 14.1 	 	 1.3 	 	 0.1000 	 1.4791 	 0.4603 	 1.6064 	 	 0.4138 	 	 1.2998 	 0.5368 	 1.2998 	 	 0.5368
[2022/07/16 15:41:46] - 1 	 14.3 	 	 1.4 	 	 0.1000 	 1.1621 	 0.5819 	 1.2584 	 	 0.5475 	 	 1.0724 	 0.6175 	 1.0724 	 	 0.6175
[2022/07/16 15:42:01] - 2 	 13.3 	 	 1.3 	 	 0.1000 	 0.9958 	 0.6462 	 1.1011 	 	 0.6064 	 	 1.0187 	 0.6468 	 1.0187 	 	 0.6468
[2022/07/16 15:42:16] - 3 	 13.8 	 	 1.3 	 	 0.1000 	 0.8881 	 0.6914 	 0.9975 	 	 0.6488 	 	 0.9248 	 0.6818 	 0.9248 	 	 0.6818
[2022/07/16 15:42:31] - 4 	 13.1 	 	 1.3 	 	 0.1000 	 0.8143 	 0.7185 	 0.9314 	 	 0.6732 	 	 0.8658 	 0.6962 	 0.8658 	 	 0.6962
[2022/07/16 15:42:47] - 5 	 14.0 	 	 1.3 	 	 0.1000 	 0.7590 	 0.7380 	 0.8800 	 	 0.6908 	 	 0.8101 	 0.7211 	 0.8101 	 	 0.7211
[2022/07/16 15:43:01] - 6 	 12.9 	 	 1.3 	 	 0.1000 	 0.7185 	 0.7551 	 0.8454 	 	 0.7040 	 	 0.7654 	 0.7383 	 0.7654 	 	 0.7383
[2022/07/16 15:43:16] - 7 	 13.2 	 	 1.7 	 	 0.1000 	 0.6891 	 0.7692 	 0.8192 	 	 0.7154 	 	 0.8164 	 0.7213 	 0.8164 	 	 0.7213
[2022/07/16 15:43:31] - 8 	 13.4 	 	 1.4 	 	 0.1000 	 0.6616 	 0.7780 	 0.7947 	 	 0.7249 	 	 0.7777 	 0.7394 	 0.7777 	 	 0.7394
[2022/07/16 15:43:48] - 9 	 15.2 	 	 1.4 	 	 0.1000 	 0.6412 	 0.7839 	 0.7746 	 	 0.7296 	 	 0.7786 	 0.7305 	 0.7786 	 	 0.7305
[2022/07/16 15:44:04] - 10 	 14.8 	 	 1.3 	 	 0.1000 	 0.6324 	 0.7906 	 0.7694 	 	 0.7334 	 	 0.7509 	 0.7456 	 0.7509 	 	 0.7456
[2022/07/16 15:44:19] - 11 	 13.1 	 	 1.3 	 	 0.1000 	 0.6061 	 0.8006 	 0.7423 	 	 0.7448 	 	 0.7879 	 0.7315 	 0.7879 	 	 0.7315
[2022/07/16 15:44:34] - 12 	 14.4 	 	 1.3 	 	 0.1000 	 0.6066 	 0.8003 	 0.7446 	 	 0.7432 	 	 0.6805 	 0.7638 	 0.6805 	 	 0.7638
[2022/07/16 15:44:48] - 13 	 12.1 	 	 1.3 	 	 0.1000 	 0.5894 	 0.8056 	 0.7297 	 	 0.7480 	 	 0.7182 	 0.7586 	 0.7182 	 	 0.7586
[2022/07/16 15:45:02] - 14 	 13.0 	 	 1.3 	 	 0.1000 	 0.5749 	 0.8114 	 0.7193 	 	 0.7521 	 	 0.8099 	 0.7260 	 0.8099 	 	 0.7260
[2022/07/16 15:45:16] - 15 	 12.4 	 	 1.3 	 	 0.1000 	 0.5720 	 0.8120 	 0.7153 	 	 0.7521 	 	 0.6824 	 0.7746 	 0.6824 	 	 0.7746
[2022/07/16 15:45:31] - 16 	 12.9 	 	 1.7 	 	 0.1000 	 0.5681 	 0.8157 	 0.7130 	 	 0.7560 	 	 0.6582 	 0.7730 	 0.6582 	 	 0.7730
[2022/07/16 15:45:45] - 17 	 13.0 	 	 1.3 	 	 0.1000 	 0.5573 	 0.8176 	 0.7025 	 	 0.7586 	 	 0.7419 	 0.7471 	 0.7419 	 	 0.7471
[2022/07/16 15:46:00] - 18 	 13.7 	 	 1.3 	 	 0.1000 	 0.5552 	 0.8190 	 0.6971 	 	 0.7591 	 	 0.7347 	 0.7520 	 0.7347 	 	 0.7520
[2022/07/16 15:46:15] - 19 	 13.8 	 	 1.3 	 	 0.1000 	 0.5474 	 0.8224 	 0.6953 	 	 0.7605 	 	 0.7133 	 0.7530 	 0.7133 	 	 0.7530
[2022/07/16 15:46:30] - 20 	 12.8 	 	 1.3 	 	 0.1000 	 0.5425 	 0.8234 	 0.6882 	 	 0.7627 	 	 0.7137 	 0.7626 	 0.7137 	 	 0.7626
[2022/07/16 15:46:45] - 21 	 13.8 	 	 1.3 	 	 0.1000 	 0.5453 	 0.8227 	 0.6913 	 	 0.7624 	 	 0.7168 	 0.7530 	 0.7168 	 	 0.7530
[2022/07/16 15:46:59] - 22 	 13.3 	 	 1.3 	 	 0.1000 	 0.5338 	 0.8281 	 0.6819 	 	 0.7658 	 	 0.7592 	 0.7443 	 0.7592 	 	 0.7443
[2022/07/16 15:47:14] - 23 	 13.2 	 	 1.7 	 	 0.1000 	 0.5313 	 0.8262 	 0.6769 	 	 0.7662 	 	 0.6850 	 0.7605 	 0.6850 	 	 0.7605
[2022/07/16 15:47:29] - 24 	 13.3 	 	 1.3 	 	 0.1000 	 0.5266 	 0.8296 	 0.6781 	 	 0.7674 	 	 0.7416 	 0.7457 	 0.7416 	 	 0.7457
[2022/07/16 15:47:43] - 25 	 12.8 	 	 1.3 	 	 0.1000 	 0.5274 	 0.8312 	 0.6777 	 	 0.7672 	 	 0.7506 	 0.7421 	 0.7506 	 	 0.7421
[2022/07/16 15:47:58] - 26 	 13.9 	 	 1.3 	 	 0.1000 	 0.5316 	 0.8284 	 0.6810 	 	 0.7657 	 	 0.6911 	 0.7622 	 0.6911 	 	 0.7622
[2022/07/16 15:48:12] - 27 	 13.2 	 	 1.2 	 	 0.1000 	 0.5206 	 0.8319 	 0.6699 	 	 0.7680 	 	 0.7178 	 0.7541 	 0.7178 	 	 0.7541
[2022/07/16 15:48:27] - 28 	 13.2 	 	 1.5 	 	 0.1000 	 0.5143 	 0.8356 	 0.6645 	 	 0.7714 	 	 0.7157 	 0.7526 	 0.7157 	 	 0.7526
[2022/07/16 15:48:42] - 29 	 13.1 	 	 1.6 	 	 0.1000 	 0.5225 	 0.8318 	 0.6733 	 	 0.7693 	 	 0.6667 	 0.7700 	 0.6667 	 	 0.7700
[2022/07/16 15:48:58] - 30 	 14.9 	 	 1.4 	 	 0.1000 	 0.5209 	 0.8312 	 0.6719 	 	 0.7689 	 	 0.7385 	 0.7521 	 0.7385 	 	 0.7521
[2022/07/16 15:49:14] - 31 	 13.8 	 	 1.3 	 	 0.1000 	 0.5017 	 0.8396 	 0.6523 	 	 0.7756 	 	 0.6862 	 0.7676 	 0.6862 	 	 0.7676
[2022/07/16 15:49:28] - 32 	 13.2 	 	 1.3 	 	 0.1000 	 0.5168 	 0.8342 	 0.6671 	 	 0.7691 	 	 0.6351 	 0.7815 	 0.6351 	 	 0.7815
[2022/07/16 15:49:44] - 33 	 13.8 	 	 1.5 	 	 0.1000 	 0.5076 	 0.8362 	 0.6585 	 	 0.7734 	 	 0.7429 	 0.7459 	 0.7429 	 	 0.7459
[2022/07/16 15:49:58] - 34 	 12.9 	 	 1.3 	 	 0.1000 	 0.5057 	 0.8384 	 0.6570 	 	 0.7749 	 	 0.7318 	 0.7548 	 0.7318 	 	 0.7548
[2022/07/16 15:50:13] - 35 	 13.6 	 	 1.3 	 	 0.1000 	 0.5011 	 0.8407 	 0.6522 	 	 0.7773 	 	 0.6492 	 0.7796 	 0.6492 	 	 0.7796
[2022/07/16 15:50:27] - 36 	 13.1 	 	 1.3 	 	 0.1000 	 0.5032 	 0.8395 	 0.6534 	 	 0.7757 	 	 0.7535 	 0.7453 	 0.7535 	 	 0.7453
[2022/07/16 15:50:41] - 37 	 13.0 	 	 1.2 	 	 0.1000 	 0.5001 	 0.8411 	 0.6532 	 	 0.7756 	 	 0.7611 	 0.7441 	 0.7611 	 	 0.7441
[2022/07/16 15:50:56] - 38 	 13.7 	 	 1.3 	 	 0.1000 	 0.4982 	 0.8396 	 0.6486 	 	 0.7770 	 	 0.6497 	 0.7685 	 0.6497 	 	 0.7685
[2022/07/16 15:51:11] - 39 	 12.9 	 	 1.3 	 	 0.1000 	 0.4997 	 0.8404 	 0.6531 	 	 0.7768 	 	 0.6381 	 0.7801 	 0.6381 	 	 0.7801
[2022/07/16 15:51:25] - 40 	 12.8 	 	 1.7 	 	 0.1000 	 0.4978 	 0.8395 	 0.6502 	 	 0.7761 	 	 0.7249 	 0.7588 	 0.7249 	 	 0.7588
[2022/07/16 15:51:40] - 41 	 13.2 	 	 1.3 	 	 0.1000 	 0.5046 	 0.8377 	 0.6595 	 	 0.7733 	 	 0.6925 	 0.7639 	 0.6925 	 	 0.7639
[2022/07/16 15:51:54] - 42 	 13.2 	 	 1.2 	 	 0.1000 	 0.4976 	 0.8410 	 0.6486 	 	 0.7792 	 	 0.6422 	 0.7794 	 0.6422 	 	 0.7794
[2022/07/16 15:52:09] - 43 	 13.6 	 	 1.3 	 	 0.1000 	 0.4986 	 0.8394 	 0.6521 	 	 0.7777 	 	 0.7023 	 0.7594 	 0.7023 	 	 0.7594
[2022/07/16 15:52:24] - 44 	 13.8 	 	 1.3 	 	 0.1000 	 0.4914 	 0.8435 	 0.6433 	 	 0.7794 	 	 0.7127 	 0.7531 	 0.7127 	 	 0.7531
[2022/07/16 15:52:39] - 45 	 13.6 	 	 1.3 	 	 0.1000 	 0.4966 	 0.8423 	 0.6506 	 	 0.7765 	 	 0.6984 	 0.7651 	 0.6984 	 	 0.7651
[2022/07/16 15:52:55] - 46 	 14.5 	 	 1.4 	 	 0.1000 	 0.4975 	 0.8410 	 0.6504 	 	 0.7758 	 	 0.6751 	 0.7699 	 0.6751 	 	 0.7699
[2022/07/16 15:53:10] - 47 	 13.5 	 	 1.5 	 	 0.1000 	 0.4909 	 0.8442 	 0.6455 	 	 0.7798 	 	 0.6725 	 0.7704 	 0.6725 	 	 0.7704
[2022/07/16 15:53:24] - 48 	 13.0 	 	 1.2 	 	 0.1000 	 0.4851 	 0.8453 	 0.6391 	 	 0.7820 	 	 0.7048 	 0.7607 	 0.7048 	 	 0.7607
[2022/07/16 15:53:39] - 49 	 13.3 	 	 1.3 	 	 0.0100 	 0.4900 	 0.8430 	 0.6432 	 	 0.7813 	 	 0.6707 	 0.7684 	 0.6707 	 	 0.7684
[2022/07/16 15:53:54] - 50 	 13.8 	 	 1.3 	 	 0.0100 	 0.4422 	 0.8482 	 0.4575 	 	 0.8420 	 	 0.4544 	 0.8410 	 0.4544 	 	 0.8410
[2022/07/16 15:54:09] - 51 	 13.0 	 	 1.3 	 	 0.0100 	 0.3772 	 0.8712 	 0.3944 	 	 0.8643 	 	 0.4409 	 0.8485 	 0.4409 	 	 0.8485
[2022/07/16 15:54:24] - 52 	 13.9 	 	 1.3 	 	 0.0100 	 0.3518 	 0.8795 	 0.3713 	 	 0.8710 	 	 0.4314 	 0.8507 	 0.4314 	 	 0.8507
[2022/07/16 15:54:39] - 53 	 13.2 	 	 1.3 	 	 0.0100 	 0.3344 	 0.8845 	 0.3561 	 	 0.8766 	 	 0.4196 	 0.8564 	 0.4196 	 	 0.8564
[2022/07/16 15:54:53] - 54 	 13.1 	 	 1.3 	 	 0.0100 	 0.3163 	 0.8926 	 0.3396 	 	 0.8828 	 	 0.4186 	 0.8564 	 0.4186 	 	 0.8564
[2022/07/16 15:55:07] - 55 	 12.8 	 	 1.3 	 	 0.0100 	 0.3048 	 0.8956 	 0.3305 	 	 0.8853 	 	 0.4102 	 0.8586 	 0.4102 	 	 0.8586
[2022/07/16 15:55:23] - 56 	 13.3 	 	 1.7 	 	 0.0100 	 0.2932 	 0.9010 	 0.3210 	 	 0.8895 	 	 0.4222 	 0.8554 	 0.4222 	 	 0.8554
[2022/07/16 15:55:37] - 57 	 13.3 	 	 1.3 	 	 0.0100 	 0.2816 	 0.9039 	 0.3115 	 	 0.8923 	 	 0.4185 	 0.8596 	 0.4185 	 	 0.8596
[2022/07/16 15:55:52] - 58 	 13.0 	 	 1.3 	 	 0.0100 	 0.2712 	 0.9085 	 0.3037 	 	 0.8949 	 	 0.4302 	 0.8540 	 0.4302 	 	 0.8540
[2022/07/16 15:56:07] - 59 	 13.9 	 	 1.3 	 	 0.0100 	 0.2607 	 0.9125 	 0.2951 	 	 0.8972 	 	 0.4371 	 0.8541 	 0.4371 	 	 0.8541
[2022/07/16 15:56:21] - 60 	 12.9 	 	 1.3 	 	 0.0100 	 0.2505 	 0.9153 	 0.2861 	 	 0.9005 	 	 0.4082 	 0.8647 	 0.4082 	 	 0.8647
[2022/07/16 15:56:36] - 61 	 13.1 	 	 1.7 	 	 0.0100 	 0.2424 	 0.9191 	 0.2814 	 	 0.9025 	 	 0.4153 	 0.8610 	 0.4153 	 	 0.8610
[2022/07/16 15:56:51] - 62 	 13.4 	 	 1.3 	 	 0.0100 	 0.2369 	 0.9222 	 0.2786 	 	 0.9032 	 	 0.4201 	 0.8609 	 0.4201 	 	 0.8609
[2022/07/16 15:57:06] - 63 	 14.0 	 	 1.3 	 	 0.0100 	 0.2276 	 0.9260 	 0.2716 	 	 0.9064 	 	 0.4252 	 0.8602 	 0.4252 	 	 0.8602
[2022/07/16 15:57:21] - 64 	 13.6 	 	 1.3 	 	 0.0100 	 0.2243 	 0.9258 	 0.2706 	 	 0.9056 	 	 0.4160 	 0.8626 	 0.4160 	 	 0.8626
[2022/07/16 15:57:35] - 65 	 13.0 	 	 1.2 	 	 0.0100 	 0.2184 	 0.9281 	 0.2667 	 	 0.9069 	 	 0.4128 	 0.8639 	 0.4128 	 	 0.8639
[2022/07/16 15:57:50] - 66 	 13.5 	 	 1.3 	 	 0.0100 	 0.2112 	 0.9312 	 0.2612 	 	 0.9082 	 	 0.4205 	 0.8596 	 0.4205 	 	 0.8596
[2022/07/16 15:58:05] - 67 	 13.0 	 	 1.3 	 	 0.0100 	 0.2093 	 0.9320 	 0.2612 	 	 0.9087 	 	 0.4285 	 0.8609 	 0.4285 	 	 0.8609
[2022/07/16 15:58:19] - 68 	 13.1 	 	 1.7 	 	 0.0100 	 0.2054 	 0.9339 	 0.2604 	 	 0.9092 	 	 0.4307 	 0.8614 	 0.4307 	 	 0.8614
[2022/07/16 15:58:33] - 69 	 12.6 	 	 1.2 	 	 0.0100 	 0.2013 	 0.9347 	 0.2563 	 	 0.9108 	 	 0.4378 	 0.8609 	 0.4378 	 	 0.8609
[2022/07/16 15:58:47] - 70 	 12.8 	 	 1.3 	 	 0.0100 	 0.1919 	 0.9383 	 0.2497 	 	 0.9133 	 	 0.4354 	 0.8598 	 0.4354 	 	 0.8598
[2022/07/16 15:59:02] - 71 	 13.4 	 	 1.3 	 	 0.0100 	 0.1943 	 0.9386 	 0.2544 	 	 0.9108 	 	 0.4351 	 0.8549 	 0.4351 	 	 0.8549
[2022/07/16 15:59:16] - 72 	 12.9 	 	 1.3 	 	 0.0100 	 0.1908 	 0.9405 	 0.2520 	 	 0.9123 	 	 0.4444 	 0.8605 	 0.4444 	 	 0.8605
[2022/07/16 15:59:28] - 73 	 10.9 	 	 1.3 	 	 0.0100 	 0.1817 	 0.9430 	 0.2440 	 	 0.9141 	 	 0.4608 	 0.8549 	 0.4608 	 	 0.8549
[2022/07/16 15:59:41] - 74 	 11.2 	 	 1.3 	 	 0.0010 	 0.1865 	 0.9422 	 0.2515 	 	 0.9115 	 	 0.4529 	 0.8536 	 0.4529 	 	 0.8536
[2022/07/16 15:59:53] - 75 	 11.0 	 	 1.3 	 	 0.0010 	 0.1909 	 0.9354 	 0.1966 	 	 0.9329 	 	 0.3961 	 0.8712 	 0.3961 	 	 0.8712
[2022/07/16 16:00:06] - 76 	 10.9 	 	 1.3 	 	 0.0010 	 0.1655 	 0.9457 	 0.1707 	 	 0.9433 	 	 0.3925 	 0.8724 	 0.3925 	 	 0.8724
[2022/07/16 16:00:18] - 77 	 11.2 	 	 1.3 	 	 0.0010 	 0.1595 	 0.9466 	 0.1648 	 	 0.9442 	 	 0.3933 	 0.8761 	 0.3933 	 	 0.8761
[2022/07/16 16:00:33] - 78 	 13.0 	 	 1.3 	 	 0.0010 	 0.1537 	 0.9483 	 0.1593 	 	 0.9457 	 	 0.3887 	 0.8778 	 0.3887 	 	 0.8778
[2022/07/16 16:00:47] - 79 	 13.1 	 	 1.3 	 	 0.0010 	 0.1477 	 0.9501 	 0.1534 	 	 0.9477 	 	 0.3997 	 0.8748 	 0.3997 	 	 0.8748
[2022/07/16 16:01:03] - 80 	 14.1 	 	 1.3 	 	 0.0010 	 0.1407 	 0.9532 	 0.1463 	 	 0.9508 	 	 0.4019 	 0.8749 	 0.4019 	 	 0.8749
[2022/07/16 16:01:18] - 81 	 13.4 	 	 1.8 	 	 0.0010 	 0.1341 	 0.9549 	 0.1398 	 	 0.9522 	 	 0.4000 	 0.8752 	 0.4000 	 	 0.8752
[2022/07/16 16:01:33] - 82 	 13.3 	 	 1.3 	 	 0.0010 	 0.1329 	 0.9560 	 0.1389 	 	 0.9533 	 	 0.4018 	 0.8753 	 0.4018 	 	 0.8753
[2022/07/16 16:01:48] - 83 	 14.3 	 	 1.3 	 	 0.0010 	 0.1283 	 0.9574 	 0.1343 	 	 0.9547 	 	 0.4041 	 0.8768 	 0.4041 	 	 0.8768
[2022/07/16 16:02:04] - 84 	 14.0 	 	 1.3 	 	 0.0010 	 0.1241 	 0.9584 	 0.1302 	 	 0.9557 	 	 0.4100 	 0.8769 	 0.4100 	 	 0.8769
[2022/07/16 16:02:18] - 85 	 13.0 	 	 1.3 	 	 0.0010 	 0.1251 	 0.9583 	 0.1314 	 	 0.9552 	 	 0.4084 	 0.8755 	 0.4084 	 	 0.8755
[2022/07/16 16:02:33] - 86 	 14.0 	 	 1.3 	 	 0.0010 	 0.1224 	 0.9591 	 0.1289 	 	 0.9565 	 	 0.4070 	 0.8758 	 0.4070 	 	 0.8758
[2022/07/16 16:02:48] - 87 	 13.4 	 	 1.3 	 	 0.0010 	 0.1189 	 0.9615 	 0.1255 	 	 0.9585 	 	 0.4134 	 0.8767 	 0.4134 	 	 0.8767
[2022/07/16 16:03:03] - 88 	 12.8 	 	 1.9 	 	 0.0010 	 0.1175 	 0.9604 	 0.1243 	 	 0.9576 	 	 0.4181 	 0.8746 	 0.4181 	 	 0.8746
[2022/07/16 16:03:17] - 89 	 13.5 	 	 1.3 	 	 0.0010 	 0.1140 	 0.9622 	 0.1208 	 	 0.9592 	 	 0.4196 	 0.8751 	 0.4196 	 	 0.8751
[2022/07/16 16:03:32] - 90 	 13.1 	 	 1.3 	 	 0.0010 	 0.1103 	 0.9627 	 0.1171 	 	 0.9596 	 	 0.4204 	 0.8748 	 0.4204 	 	 0.8748
[2022/07/16 16:03:47] - 91 	 13.7 	 	 1.3 	 	 0.0010 	 0.1110 	 0.9635 	 0.1181 	 	 0.9609 	 	 0.4190 	 0.8748 	 0.4190 	 	 0.8748
[2022/07/16 16:04:01] - 92 	 12.8 	 	 1.2 	 	 0.0010 	 0.1071 	 0.9649 	 0.1141 	 	 0.9617 	 	 0.4227 	 0.8744 	 0.4227 	 	 0.8744
[2022/07/16 16:04:16] - 93 	 13.8 	 	 1.3 	 	 0.0010 	 0.1029 	 0.9672 	 0.1099 	 	 0.9638 	 	 0.4219 	 0.8748 	 0.4219 	 	 0.8748
[2022/07/16 16:04:30] - 94 	 12.4 	 	 1.3 	 	 0.0010 	 0.1039 	 0.9662 	 0.1111 	 	 0.9625 	 	 0.4265 	 0.8751 	 0.4265 	 	 0.8751
[2022/07/16 16:04:43] - 95 	 12.3 	 	 1.3 	 	 0.0010 	 0.1004 	 0.9667 	 0.1076 	 	 0.9638 	 	 0.4240 	 0.8764 	 0.4240 	 	 0.8764
[2022/07/16 16:04:58] - 96 	 13.5 	 	 1.3 	 	 0.0010 	 0.1005 	 0.9676 	 0.1080 	 	 0.9645 	 	 0.4284 	 0.8747 	 0.4284 	 	 0.8747
[2022/07/16 16:05:12] - 97 	 12.7 	 	 1.4 	 	 0.0010 	 0.0995 	 0.9673 	 0.1072 	 	 0.9642 	 	 0.4322 	 0.8744 	 0.4322 	 	 0.8744
[2022/07/16 16:05:27] - 98 	 13.1 	 	 1.3 	 	 0.0010 	 0.0990 	 0.9670 	 0.1070 	 	 0.9635 	 	 0.4343 	 0.8729 	 0.4343 	 	 0.8729
[2022/07/16 16:05:41] - 99 	 12.7 	 	 1.3 	 	 0.0010 	 0.0957 	 0.9688 	 0.1033 	 	 0.9654 	 	 0.4317 	 0.8764 	 0.4317 	 	 0.8764
[2022/07/16 16:46:58] - Namespace(attack='none', attack_iters=10, batch_size=128, chkpt_iters=10, cutout=False, cutout_len=None, data_dir='../../cifar-data', epochs=100, epsilon=8, eval=False, fgsm_alpha=1.25, fgsm_init='random', fname='./results/716_2_nt_res18eca', half=False, l1=0, l2=0, lr_drop_epoch=100, lr_max=0.1, lr_one_drop=0.01, lr_schedule='piecewise', mixup=False, mixup_alpha=None, model='res18_eca', norm='l_inf', pgd_alpha=2, restarts=1, resume=0, seed=0, val=False, width_factor=10)
[2022/07/16 16:47:01] - Epoch 	 Train Time 	 Test Time 	 LR 	 	 Train Loss 	 Train Acc 	 Train Robust Loss 	 Train Robust Acc 	 Test Loss 	 Test Acc 	 Test Robust Loss 	 Test Robust Acc
[2022/07/16 16:47:16] - 0 	 13.8 	 	 1.3 	 	 0.1000 	 1.4688 	 0.4639 	 1.5928 	 	 0.4182 	 	 1.2925 	 0.5370 	 1.2925 	 	 0.5370
[2022/07/16 16:47:31] - 1 	 12.8 	 	 1.3 	 	 0.1000 	 1.1258 	 0.5968 	 1.2248 	 	 0.5596 	 	 1.0493 	 0.6304 	 1.0493 	 	 0.6304
[2022/07/16 16:47:44] - 2 	 11.8 	 	 1.3 	 	 0.1000 	 0.9723 	 0.6588 	 1.0765 	 	 0.6208 	 	 0.9882 	 0.6491 	 0.9882 	 	 0.6491
[2022/07/16 16:47:57] - 3 	 11.1 	 	 1.3 	 	 0.1000 	 0.8757 	 0.6940 	 0.9849 	 	 0.6532 	 	 0.8977 	 0.6911 	 0.8977 	 	 0.6911
[2022/07/16 16:48:09] - 4 	 11.2 	 	 1.3 	 	 0.1000 	 0.8065 	 0.7211 	 0.9227 	 	 0.6750 	 	 0.9161 	 0.6885 	 0.9161 	 	 0.6885
[2022/07/16 16:48:24] - 5 	 13.7 	 	 1.3 	 	 0.1000 	 0.7572 	 0.7413 	 0.8772 	 	 0.6944 	 	 0.8457 	 0.7122 	 0.8457 	 	 0.7122
[2022/07/16 16:48:39] - 6 	 13.2 	 	 1.3 	 	 0.1000 	 0.7236 	 0.7567 	 0.8493 	 	 0.7054 	 	 0.7903 	 0.7306 	 0.7903 	 	 0.7306
[2022/07/16 16:48:55] - 7 	 14.3 	 	 1.3 	 	 0.1000 	 0.6940 	 0.7659 	 0.8243 	 	 0.7121 	 	 0.8003 	 0.7241 	 0.8003 	 	 0.7241
[2022/07/16 16:49:10] - 8 	 13.2 	 	 1.4 	 	 0.1000 	 0.6722 	 0.7743 	 0.8024 	 	 0.7211 	 	 0.8780 	 0.6981 	 0.8780 	 	 0.6981
[2022/07/16 16:49:26] - 9 	 14.7 	 	 1.3 	 	 0.1000 	 0.6525 	 0.7815 	 0.7861 	 	 0.7270 	 	 0.7703 	 0.7368 	 0.7703 	 	 0.7368
[2022/07/16 16:49:41] - 10 	 13.0 	 	 1.3 	 	 0.1000 	 0.6391 	 0.7871 	 0.7761 	 	 0.7309 	 	 0.7371 	 0.7490 	 0.7371 	 	 0.7490
[2022/07/16 16:49:56] - 11 	 13.5 	 	 1.3 	 	 0.1000 	 0.6139 	 0.7963 	 0.7512 	 	 0.7398 	 	 0.7507 	 0.7408 	 0.7507 	 	 0.7408
[2022/07/16 16:50:10] - 12 	 12.9 	 	 1.3 	 	 0.1000 	 0.6122 	 0.7974 	 0.7517 	 	 0.7401 	 	 0.7088 	 0.7548 	 0.7088 	 	 0.7548
[2022/07/16 16:50:25] - 13 	 13.5 	 	 1.8 	 	 0.1000 	 0.5960 	 0.8041 	 0.7365 	 	 0.7470 	 	 0.7378 	 0.7499 	 0.7378 	 	 0.7499
[2022/07/16 16:50:40] - 14 	 13.4 	 	 1.3 	 	 0.1000 	 0.5834 	 0.8070 	 0.7266 	 	 0.7478 	 	 0.7383 	 0.7455 	 0.7383 	 	 0.7455
[2022/07/16 16:50:54] - 15 	 13.1 	 	 1.3 	 	 0.1000 	 0.5726 	 0.8140 	 0.7145 	 	 0.7534 	 	 0.7329 	 0.7459 	 0.7329 	 	 0.7459
[2022/07/16 16:51:09] - 16 	 13.7 	 	 1.3 	 	 0.1000 	 0.5627 	 0.8165 	 0.7055 	 	 0.7586 	 	 0.7027 	 0.7581 	 0.7027 	 	 0.7581
[2022/07/16 16:51:24] - 17 	 13.1 	 	 1.3 	 	 0.1000 	 0.5625 	 0.8169 	 0.7078 	 	 0.7557 	 	 0.7600 	 0.7380 	 0.7600 	 	 0.7380
[2022/07/16 16:51:39] - 18 	 13.7 	 	 1.3 	 	 0.1000 	 0.5605 	 0.8179 	 0.7044 	 	 0.7580 	 	 0.8360 	 0.7174 	 0.8360 	 	 0.7174
[2022/07/16 16:51:53] - 19 	 12.8 	 	 1.2 	 	 0.1000 	 0.5501 	 0.8215 	 0.6954 	 	 0.7602 	 	 0.6805 	 0.7651 	 0.6805 	 	 0.7651
[2022/07/16 16:52:08] - 20 	 12.7 	 	 1.7 	 	 0.1000 	 0.5407 	 0.8241 	 0.6869 	 	 0.7635 	 	 0.7271 	 0.7542 	 0.7271 	 	 0.7542
[2022/07/16 16:52:23] - 21 	 13.6 	 	 1.3 	 	 0.1000 	 0.5427 	 0.8229 	 0.6890 	 	 0.7625 	 	 0.6439 	 0.7799 	 0.6439 	 	 0.7799
[2022/07/16 16:52:38] - 22 	 13.7 	 	 1.3 	 	 0.1000 	 0.5362 	 0.8252 	 0.6822 	 	 0.7637 	 	 0.7256 	 0.7498 	 0.7256 	 	 0.7498
[2022/07/16 16:52:53] - 23 	 13.4 	 	 1.4 	 	 0.1000 	 0.5299 	 0.8293 	 0.6793 	 	 0.7651 	 	 0.6493 	 0.7722 	 0.6493 	 	 0.7722
[2022/07/16 16:53:08] - 24 	 13.6 	 	 1.3 	 	 0.1000 	 0.5289 	 0.8279 	 0.6787 	 	 0.7647 	 	 0.7511 	 0.7372 	 0.7511 	 	 0.7372
[2022/07/16 16:53:22] - 25 	 12.5 	 	 1.3 	 	 0.1000 	 0.5256 	 0.8294 	 0.6745 	 	 0.7666 	 	 0.7286 	 0.7545 	 0.7286 	 	 0.7545
[2022/07/16 16:53:36] - 26 	 12.9 	 	 1.3 	 	 0.1000 	 0.5250 	 0.8312 	 0.6752 	 	 0.7684 	 	 0.7073 	 0.7574 	 0.7073 	 	 0.7574
[2022/07/16 16:53:51] - 27 	 13.6 	 	 1.3 	 	 0.1000 	 0.5222 	 0.8311 	 0.6721 	 	 0.7676 	 	 0.6559 	 0.7745 	 0.6559 	 	 0.7745
[2022/07/16 16:54:05] - 28 	 12.9 	 	 1.3 	 	 0.1000 	 0.5154 	 0.8361 	 0.6667 	 	 0.7709 	 	 0.6687 	 0.7701 	 0.6687 	 	 0.7701
[2022/07/16 16:54:20] - 29 	 13.5 	 	 1.3 	 	 0.1000 	 0.5171 	 0.8336 	 0.6659 	 	 0.7711 	 	 0.6623 	 0.7716 	 0.6623 	 	 0.7716
[2022/07/16 16:54:36] - 30 	 14.3 	 	 1.4 	 	 0.1000 	 0.5202 	 0.8312 	 0.6714 	 	 0.7684 	 	 0.7164 	 0.7519 	 0.7164 	 	 0.7519
[2022/07/16 16:54:52] - 31 	 14.5 	 	 1.3 	 	 0.1000 	 0.5039 	 0.8386 	 0.6541 	 	 0.7746 	 	 0.6534 	 0.7751 	 0.6534 	 	 0.7751
[2022/07/16 16:55:06] - 32 	 13.2 	 	 1.3 	 	 0.1000 	 0.5093 	 0.8371 	 0.6602 	 	 0.7729 	 	 0.6926 	 0.7655 	 0.6926 	 	 0.7655
[2022/07/16 16:55:21] - 33 	 13.3 	 	 1.7 	 	 0.1000 	 0.5077 	 0.8371 	 0.6612 	 	 0.7726 	 	 0.7135 	 0.7563 	 0.7135 	 	 0.7563
[2022/07/16 16:55:35] - 34 	 13.0 	 	 1.3 	 	 0.1000 	 0.5024 	 0.8392 	 0.6544 	 	 0.7737 	 	 0.6684 	 0.7705 	 0.6684 	 	 0.7705
[2022/07/16 16:55:50] - 35 	 13.6 	 	 1.3 	 	 0.1000 	 0.5018 	 0.8405 	 0.6540 	 	 0.7760 	 	 0.6914 	 0.7596 	 0.6914 	 	 0.7596
[2022/07/16 16:56:05] - 36 	 13.6 	 	 1.3 	 	 0.1000 	 0.5041 	 0.8397 	 0.6571 	 	 0.7740 	 	 0.6822 	 0.7681 	 0.6822 	 	 0.7681
[2022/07/16 16:56:20] - 37 	 13.1 	 	 1.3 	 	 0.1000 	 0.5037 	 0.8396 	 0.6537 	 	 0.7753 	 	 0.6755 	 0.7683 	 0.6755 	 	 0.7683
[2022/07/16 16:56:34] - 38 	 13.0 	 	 1.3 	 	 0.1000 	 0.4997 	 0.8405 	 0.6521 	 	 0.7779 	 	 0.6520 	 0.7753 	 0.6520 	 	 0.7753
[2022/07/16 16:56:48] - 39 	 13.2 	 	 1.3 	 	 0.1000 	 0.5045 	 0.8375 	 0.6563 	 	 0.7751 	 	 0.6801 	 0.7634 	 0.6801 	 	 0.7634
[2022/07/16 16:57:03] - 40 	 12.5 	 	 1.3 	 	 0.1000 	 0.5011 	 0.8389 	 0.6558 	 	 0.7748 	 	 0.6920 	 0.7663 	 0.6920 	 	 0.7663
[2022/07/16 16:57:18] - 41 	 13.4 	 	 1.7 	 	 0.1000 	 0.5012 	 0.8397 	 0.6517 	 	 0.7774 	 	 0.7304 	 0.7488 	 0.7304 	 	 0.7488
[2022/07/16 16:57:32] - 42 	 13.4 	 	 1.3 	 	 0.1000 	 0.4969 	 0.8427 	 0.6482 	 	 0.7800 	 	 0.7060 	 0.7567 	 0.7060 	 	 0.7567
[2022/07/16 16:57:47] - 43 	 13.0 	 	 1.3 	 	 0.1000 	 0.4967 	 0.8402 	 0.6498 	 	 0.7768 	 	 0.6947 	 0.7669 	 0.6947 	 	 0.7669
[2022/07/16 16:58:02] - 44 	 13.7 	 	 1.2 	 	 0.1000 	 0.4890 	 0.8444 	 0.6404 	 	 0.7808 	 	 0.6611 	 0.7725 	 0.6611 	 	 0.7725
[2022/07/16 16:58:15] - 45 	 12.4 	 	 1.3 	 	 0.1000 	 0.4901 	 0.8437 	 0.6442 	 	 0.7789 	 	 0.6340 	 0.7805 	 0.6340 	 	 0.7805
[2022/07/16 16:58:29] - 46 	 12.5 	 	 1.3 	 	 0.1000 	 0.4953 	 0.8433 	 0.6500 	 	 0.7778 	 	 0.6363 	 0.7853 	 0.6363 	 	 0.7853
[2022/07/16 16:58:46] - 47 	 15.2 	 	 1.4 	 	 0.1000 	 0.4824 	 0.8467 	 0.6371 	 	 0.7827 	 	 0.6700 	 0.7706 	 0.6700 	 	 0.7706
[2022/07/16 16:59:01] - 48 	 13.9 	 	 1.3 	 	 0.1000 	 0.4889 	 0.8441 	 0.6427 	 	 0.7789 	 	 0.6792 	 0.7711 	 0.6792 	 	 0.7711
[2022/07/16 16:59:16] - 49 	 12.9 	 	 1.3 	 	 0.0100 	 0.4918 	 0.8453 	 0.6456 	 	 0.7792 	 	 0.6557 	 0.7777 	 0.6557 	 	 0.7777
[2022/07/16 16:59:31] - 50 	 13.1 	 	 1.7 	 	 0.0100 	 0.4444 	 0.8483 	 0.4600 	 	 0.8426 	 	 0.4468 	 0.8459 	 0.4468 	 	 0.8459
[2022/07/16 16:59:46] - 51 	 13.2 	 	 1.3 	 	 0.0100 	 0.3818 	 0.8677 	 0.3992 	 	 0.8613 	 	 0.4388 	 0.8490 	 0.4388 	 	 0.8490
[2022/07/16 17:00:00] - 52 	 13.0 	 	 1.3 	 	 0.0100 	 0.3552 	 0.8794 	 0.3744 	 	 0.8716 	 	 0.4270 	 0.8548 	 0.4270 	 	 0.8548
[2022/07/16 17:00:15] - 53 	 13.6 	 	 1.3 	 	 0.0100 	 0.3350 	 0.8846 	 0.3565 	 	 0.8766 	 	 0.4246 	 0.8552 	 0.4246 	 	 0.8552
[2022/07/16 17:00:30] - 54 	 12.9 	 	 1.3 	 	 0.0100 	 0.3215 	 0.8899 	 0.3451 	 	 0.8810 	 	 0.4121 	 0.8625 	 0.4121 	 	 0.8625
[2022/07/16 17:00:45] - 55 	 13.8 	 	 1.3 	 	 0.0100 	 0.3057 	 0.8959 	 0.3310 	 	 0.8861 	 	 0.4070 	 0.8613 	 0.4070 	 	 0.8613
[2022/07/16 17:01:00] - 56 	 13.1 	 	 1.3 	 	 0.0100 	 0.2945 	 0.8998 	 0.3225 	 	 0.8890 	 	 0.4047 	 0.8627 	 0.4047 	 	 0.8627
[2022/07/16 17:01:15] - 57 	 13.2 	 	 1.7 	 	 0.0100 	 0.2857 	 0.9037 	 0.3155 	 	 0.8911 	 	 0.4140 	 0.8575 	 0.4140 	 	 0.8575
[2022/07/16 17:01:29] - 58 	 13.1 	 	 1.3 	 	 0.0100 	 0.2718 	 0.9094 	 0.3041 	 	 0.8955 	 	 0.4060 	 0.8628 	 0.4060 	 	 0.8628
[2022/07/16 17:01:44] - 59 	 13.1 	 	 1.3 	 	 0.0100 	 0.2621 	 0.9106 	 0.2965 	 	 0.8968 	 	 0.4147 	 0.8624 	 0.4147 	 	 0.8624
[2022/07/16 17:01:59] - 60 	 13.4 	 	 1.3 	 	 0.0100 	 0.2536 	 0.9140 	 0.2908 	 	 0.8989 	 	 0.4067 	 0.8608 	 0.4067 	 	 0.8608
[2022/07/16 17:02:13] - 61 	 13.0 	 	 1.3 	 	 0.0100 	 0.2445 	 0.9181 	 0.2834 	 	 0.9021 	 	 0.4133 	 0.8631 	 0.4133 	 	 0.8631
[2022/07/16 17:02:28] - 62 	 13.4 	 	 1.3 	 	 0.0100 	 0.2384 	 0.9193 	 0.2802 	 	 0.9017 	 	 0.4063 	 0.8664 	 0.4063 	 	 0.8664
[2022/07/16 17:02:43] - 63 	 13.1 	 	 1.5 	 	 0.0100 	 0.2325 	 0.9223 	 0.2760 	 	 0.9032 	 	 0.4110 	 0.8637 	 0.4110 	 	 0.8637
[2022/07/16 17:02:58] - 64 	 14.2 	 	 1.3 	 	 0.0100 	 0.2291 	 0.9248 	 0.2748 	 	 0.9045 	 	 0.4158 	 0.8638 	 0.4158 	 	 0.8638
[2022/07/16 17:03:12] - 65 	 12.7 	 	 1.3 	 	 0.0100 	 0.2188 	 0.9282 	 0.2671 	 	 0.9064 	 	 0.4216 	 0.8603 	 0.4216 	 	 0.8603
[2022/07/16 17:03:25] - 66 	 11.1 	 	 1.3 	 	 0.0100 	 0.2143 	 0.9304 	 0.2639 	 	 0.9085 	 	 0.4181 	 0.8596 	 0.4181 	 	 0.8596
[2022/07/16 17:03:38] - 67 	 11.9 	 	 1.3 	 	 0.0100 	 0.2101 	 0.9321 	 0.2626 	 	 0.9084 	 	 0.4276 	 0.8594 	 0.4276 	 	 0.8594
[2022/07/16 17:03:53] - 68 	 13.6 	 	 1.4 	 	 0.0100 	 0.2064 	 0.9332 	 0.2613 	 	 0.9087 	 	 0.4349 	 0.8588 	 0.4349 	 	 0.8588
[2022/07/16 17:04:08] - 69 	 14.1 	 	 1.3 	 	 0.0100 	 0.1997 	 0.9355 	 0.2554 	 	 0.9106 	 	 0.4320 	 0.8606 	 0.4320 	 	 0.8606
[2022/07/16 17:04:24] - 70 	 13.5 	 	 1.3 	 	 0.0100 	 0.1956 	 0.9383 	 0.2543 	 	 0.9113 	 	 0.4259 	 0.8607 	 0.4259 	 	 0.8607
[2022/07/16 17:04:39] - 71 	 13.3 	 	 1.8 	 	 0.0100 	 0.1965 	 0.9369 	 0.2576 	 	 0.9098 	 	 0.4425 	 0.8577 	 0.4425 	 	 0.8577
[2022/07/16 17:04:53] - 72 	 13.1 	 	 1.3 	 	 0.0100 	 0.1925 	 0.9376 	 0.2548 	 	 0.9097 	 	 0.4217 	 0.8617 	 0.4217 	 	 0.8617
[2022/07/16 17:05:07] - 73 	 13.1 	 	 1.3 	 	 0.0100 	 0.1851 	 0.9420 	 0.2470 	 	 0.9133 	 	 0.4451 	 0.8549 	 0.4451 	 	 0.8549
[2022/07/16 17:05:23] - 74 	 13.8 	 	 1.3 	 	 0.0010 	 0.1901 	 0.9402 	 0.2548 	 	 0.9112 	 	 0.4499 	 0.8570 	 0.4499 	 	 0.8570
[2022/07/16 17:05:37] - 75 	 13.0 	 	 1.3 	 	 0.0010 	 0.1908 	 0.9354 	 0.1964 	 	 0.9332 	 	 0.3917 	 0.8730 	 0.3917 	 	 0.8730
[2022/07/16 17:05:52] - 76 	 13.6 	 	 1.3 	 	 0.0010 	 0.1679 	 0.9435 	 0.1730 	 	 0.9415 	 	 0.3861 	 0.8758 	 0.3861 	 	 0.8758
[2022/07/16 17:06:07] - 77 	 13.1 	 	 1.3 	 	 0.0010 	 0.1632 	 0.9449 	 0.1686 	 	 0.9425 	 	 0.3881 	 0.8758 	 0.3881 	 	 0.8758
[2022/07/16 17:06:21] - 78 	 13.0 	 	 1.7 	 	 0.0010 	 0.1530 	 0.9492 	 0.1584 	 	 0.9467 	 	 0.3888 	 0.8772 	 0.3888 	 	 0.8772
[2022/07/16 17:06:36] - 79 	 13.7 	 	 1.3 	 	 0.0010 	 0.1490 	 0.9503 	 0.1546 	 	 0.9480 	 	 0.3927 	 0.8758 	 0.3927 	 	 0.8758
[2022/07/16 17:06:51] - 80 	 13.2 	 	 1.4 	 	 0.0010 	 0.1425 	 0.9522 	 0.1481 	 	 0.9499 	 	 0.3917 	 0.8768 	 0.3917 	 	 0.8768
[2022/07/16 17:07:07] - 81 	 14.2 	 	 1.3 	 	 0.0010 	 0.1413 	 0.9529 	 0.1472 	 	 0.9502 	 	 0.3950 	 0.8752 	 0.3950 	 	 0.8752
[2022/07/16 17:07:21] - 82 	 12.7 	 	 1.3 	 	 0.0010 	 0.1336 	 0.9557 	 0.1395 	 	 0.9528 	 	 0.3976 	 0.8747 	 0.3976 	 	 0.8747
[2022/07/16 17:07:36] - 83 	 13.5 	 	 1.3 	 	 0.0010 	 0.1344 	 0.9546 	 0.1407 	 	 0.9520 	 	 0.3998 	 0.8780 	 0.3998 	 	 0.8780
[2022/07/16 17:07:50] - 84 	 13.1 	 	 1.3 	 	 0.0010 	 0.1290 	 0.9565 	 0.1352 	 	 0.9540 	 	 0.3998 	 0.8777 	 0.3998 	 	 0.8777
[2022/07/16 17:08:05] - 85 	 13.5 	 	 1.3 	 	 0.0010 	 0.1298 	 0.9559 	 0.1363 	 	 0.9534 	 	 0.4039 	 0.8779 	 0.4039 	 	 0.8779
[2022/07/16 17:08:20] - 86 	 13.6 	 	 1.3 	 	 0.0010 	 0.1252 	 0.9587 	 0.1315 	 	 0.9559 	 	 0.3994 	 0.8779 	 0.3994 	 	 0.8779
[2022/07/16 17:08:35] - 87 	 13.0 	 	 1.7 	 	 0.0010 	 0.1191 	 0.9609 	 0.1254 	 	 0.9581 	 	 0.4050 	 0.8783 	 0.4050 	 	 0.8783
[2022/07/16 17:08:49] - 88 	 12.8 	 	 1.3 	 	 0.0010 	 0.1195 	 0.9604 	 0.1262 	 	 0.9576 	 	 0.4044 	 0.8787 	 0.4044 	 	 0.8787
[2022/07/16 17:09:04] - 89 	 13.0 	 	 1.2 	 	 0.0010 	 0.1181 	 0.9610 	 0.1250 	 	 0.9581 	 	 0.4134 	 0.8749 	 0.4134 	 	 0.8749
[2022/07/16 17:09:19] - 90 	 13.9 	 	 1.3 	 	 0.0010 	 0.1137 	 0.9621 	 0.1206 	 	 0.9590 	 	 0.4137 	 0.8766 	 0.4137 	 	 0.8766
[2022/07/16 17:09:34] - 91 	 13.6 	 	 1.3 	 	 0.0010 	 0.1147 	 0.9621 	 0.1218 	 	 0.9591 	 	 0.4146 	 0.8777 	 0.4146 	 	 0.8777
[2022/07/16 17:09:49] - 92 	 13.6 	 	 1.3 	 	 0.0010 	 0.1119 	 0.9626 	 0.1190 	 	 0.9599 	 	 0.4191 	 0.8772 	 0.4191 	 	 0.8772
[2022/07/16 17:10:03] - 93 	 12.6 	 	 1.3 	 	 0.0010 	 0.1100 	 0.9635 	 0.1171 	 	 0.9604 	 	 0.4168 	 0.8766 	 0.4168 	 	 0.8766
[2022/07/16 17:10:17] - 94 	 12.8 	 	 1.7 	 	 0.0010 	 0.1067 	 0.9648 	 0.1139 	 	 0.9617 	 	 0.4168 	 0.8786 	 0.4168 	 	 0.8786
[2022/07/16 17:10:32] - 95 	 13.2 	 	 1.3 	 	 0.0010 	 0.1059 	 0.9650 	 0.1134 	 	 0.9618 	 	 0.4202 	 0.8783 	 0.4202 	 	 0.8783
[2022/07/16 17:10:46] - 96 	 12.4 	 	 1.3 	 	 0.0010 	 0.1015 	 0.9664 	 0.1091 	 	 0.9627 	 	 0.4204 	 0.8774 	 0.4204 	 	 0.8774
[2022/07/16 17:11:00] - 97 	 13.5 	 	 1.3 	 	 0.0010 	 0.1013 	 0.9668 	 0.1088 	 	 0.9632 	 	 0.4259 	 0.8772 	 0.4259 	 	 0.8772
[2022/07/16 17:11:15] - 98 	 13.4 	 	 1.3 	 	 0.0010 	 0.1002 	 0.9675 	 0.1078 	 	 0.9641 	 	 0.4250 	 0.8762 	 0.4250 	 	 0.8762
[2022/07/16 17:11:31] - 99 	 14.7 	 	 1.3 	 	 0.0010 	 0.0997 	 0.9670 	 0.1078 	 	 0.9630 	 	 0.4228 	 0.8795 	 0.4228 	 	 0.8795
